Log file open, 09/19/19 14:19:10
LogWindows: Failed to load 'aqProf.dll' (GetLastError=126)
LogWindows: File 'aqProf.dll' does not exist
LogWindows: Failed to load 'VtuneApi.dll' (GetLastError=126)
LogWindows: File 'VtuneApi.dll' does not exist
LogWindows: Failed to load 'VtuneApi32e.dll' (GetLastError=126)
LogWindows: File 'VtuneApi32e.dll' does not exist
LogConsoleResponse: Display: Failed to find resolution value strings in scalability ini. Falling back to default.
LogInit: Display: Running engine for game: Sekirime_Skills
LogPakFile: Registered encryption key '00000000000000000000000000000000': 0 pak files mounted, 0 remain pending
LogPlatformFile: Not using cached read wrapper
LogTaskGraph: Started task graph with 5 named threads and 47 total threads with 3 sets of task threads.
LogStats: Stats thread started at 0.537008
LogD3D11RHI: Loaded GFSDK_Aftermath_Lib.x64.dll
LogICUInternationalization: ICU TimeZone Detection - Raw Offset: -5:00, Platform Override: ''
LogPluginManager: Mounting plugin Paper2D
LogPluginManager: Mounting plugin AISupport
LogPluginManager: Mounting plugin LightPropagationVolume
LogPluginManager: Mounting plugin ActorLayerUtilities
LogPluginManager: Mounting plugin AnimationSharing
LogPluginManager: Mounting plugin CLionSourceCodeAccess
LogPluginManager: Mounting plugin CodeLiteSourceCodeAccess
LogPluginManager: Mounting plugin GitSourceControl
LogPluginManager: Mounting plugin KDevelopSourceCodeAccess
LogPluginManager: Mounting plugin NullSourceCodeAccess
LogPluginManager: Mounting plugin PerforceSourceControl
LogPluginManager: Mounting plugin SubversionSourceControl
LogPluginManager: Mounting plugin UObjectPlugin
LogPluginManager: Mounting plugin VisualStudioCodeSourceCodeAccess
LogPluginManager: Mounting plugin VisualStudioSourceCodeAccess
LogPluginManager: Mounting plugin XCodeSourceCodeAccess
LogPluginManager: Mounting plugin AssetManagerEditor
LogPluginManager: Mounting plugin CryptoKeys
LogPluginManager: Mounting plugin DataValidation
LogPluginManager: Mounting plugin FacialAnimation
LogPluginManager: Mounting plugin GameplayTagsEditor
LogPluginManager: Mounting plugin MacGraphicsSwitching
LogPluginManager: Mounting plugin MaterialAnalyzer
LogPluginManager: Mounting plugin MobileLauncherProfileWizard
LogPluginManager: Mounting plugin PluginBrowser
LogPluginManager: Mounting plugin SpeedTreeImporter
LogPluginManager: Mounting plugin DatasmithContent
LogPluginManager: Mounting plugin VariantManagerContent
LogPluginManager: Mounting plugin AlembicImporter
LogPluginManager: Mounting plugin AppleImageUtils
LogPluginManager: Mounting plugin AppleVision
LogPluginManager: Mounting plugin BackChannel
LogPluginManager: Mounting plugin CharacterAI
LogPluginManager: Mounting plugin GeometryCache
LogPluginManager: Mounting plugin HTML5Networking
LogPluginManager: Mounting plugin ProxyLODPlugin
LogPluginManager: Mounting plugin SkeletalReduction
LogPluginManager: Mounting plugin MagicLeap
LogPluginManager: Mounting plugin MagicLeapMedia
LogPluginManager: Mounting plugin AndroidMedia
LogPluginManager: Mounting plugin AvfMedia
LogPluginManager: Mounting plugin ImgMedia
LogPluginManager: Mounting plugin LinearTimecode
LogPluginManager: Mounting plugin MediaCompositing
LogPluginManager: Mounting plugin MediaPlayerEditor
LogPluginManager: Mounting plugin WebMMedia
LogPluginManager: Mounting plugin WmfMedia
LogPluginManager: Mounting plugin TcpMessaging
LogPluginManager: Mounting plugin UdpMessaging
LogPluginManager: Mounting plugin ActorSequence
LogPluginManager: Mounting plugin LevelSequenceEditor
LogPluginManager: Mounting plugin MatineeToLevelSequence
LogPluginManager: Mounting plugin NetcodeUnitTest
LogPluginManager: Mounting plugin NUTUnrealEngine4
LogPluginManager: Mounting plugin OnlineSubsystemGooglePlay
LogPluginManager: Mounting plugin OnlineSubsystemIOS
LogPluginManager: Mounting plugin OnlineSubsystem
LogPluginManager: Mounting plugin OnlineSubsystemNull
LogPluginManager: Mounting plugin OnlineSubsystemUtils
LogPluginManager: Mounting plugin LauncherChunkInstaller
LogPluginManager: Mounting plugin AndroidDeviceProfileSelector
LogPluginManager: Mounting plugin AndroidMoviePlayer
LogPluginManager: Mounting plugin AndroidPermission
LogPluginManager: Mounting plugin AppleMoviePlayer
LogPluginManager: Mounting plugin ArchVisCharacter
LogPluginManager: Mounting plugin AudioCapture
LogPluginManager: Mounting plugin CableComponent
LogPluginManager: Mounting plugin CustomMeshComponent
LogPluginManager: Mounting plugin EditableMesh
LogPluginManager: Mounting plugin ExampleDeviceProfileSelector
LogPluginManager: Mounting plugin Firebase
LogPluginManager: Mounting plugin GoogleCloudMessaging
LogPluginManager: Mounting plugin IOSDeviceProfileSelector
LogPluginManager: Mounting plugin LinuxDeviceProfileSelector
LogPluginManager: Mounting plugin LocationServicesBPLibrary
LogPluginManager: Mounting plugin MobilePatchingUtils
LogPluginManager: Mounting plugin OculusVR
LogPluginManager: Mounting plugin PhysXVehicles
LogPluginManager: Mounting plugin ProceduralMeshComponent
LogPluginManager: Mounting plugin RuntimePhysXCooking
LogPluginManager: Mounting plugin SignificanceManager
LogPluginManager: Mounting plugin SteamVR
LogPluginManager: Mounting plugin WebMMoviePlayer
LogPluginManager: Mounting plugin WindowsMoviePlayer
LogInit: Using libcurl 7.55.1-DEV
LogInit:  - built for x86_64-pc-win32
LogInit:  - supports SSL with OpenSSL/1.1.1
LogInit:  - supports HTTP deflate (compression) using libz 1.2.8
LogInit:  - other features:
LogInit:      CURL_VERSION_SSL
LogInit:      CURL_VERSION_LIBZ
LogInit:      CURL_VERSION_IPV6
LogInit:      CURL_VERSION_ASYNCHDNS
LogInit:      CURL_VERSION_LARGEFILE
LogInit:      CURL_VERSION_IDN
LogInit:  CurlRequestOptions (configurable via config and command line):
LogInit:  - bVerifyPeer = true  - Libcurl will verify peer certificate
LogInit:  - bUseHttpProxy = false  - Libcurl will NOT use HTTP proxy
LogInit:  - bDontReuseConnections = false  - Libcurl will reuse connections
LogInit:  - MaxHostConnections = 16  - Libcurl will limit the number of connections to a host
LogInit:  - LocalHostAddr = Default
LogInit:  - BufferSize = 65536
LogInit: WinSock: version 1.1 (2.2), MaxSocks=32767, MaxUdp=65467
LogInit: Build: ++UE4+Release-4.22-CL-7053642
LogInit: Engine Version: 4.22.3-7053642+++UE4+Release-4.22
LogInit: Compatible Engine Version: 4.22.0-5660361+++UE4+Release-4.22
LogInit: Net CL: 5660361
LogInit: OS: Windows 10 (Release 1809) (), CPU: Intel(R) Core(TM) i9-9900K CPU @ 3.60GHz, GPU: NVIDIA GeForce RTX 2080
LogInit: Compiled (64-bit): Jun 18 2019 03:09:11
LogInit: Compiled with Visual C++: 19.16.27025.01
LogInit: Build Configuration: Development
LogInit: Branch Name: ++UE4+Release-4.22
LogInit: Command Line:  -EpicPortal -epicusername=nabilatsoulcade -epicuserid=928abc309c314d0ab3d80cc11c86ff81 -epiclocale=en-US
LogInit: Base Directory: C:/Program Files/Epic Games/UE_4.22/Engine/Binaries/Win64/
LogInit: Installed Engine Build: 1
LogDevObjectVersion: Number of dev versions registered: 23
LogDevObjectVersion:   Dev-Blueprints (B0D832E4-1F89-4F0D-ACCF-7EB736FD4AA2): 10
LogDevObjectVersion:   Dev-Build (E1C64328-A22C-4D53-A36C-8E866417BD8C): 0
LogDevObjectVersion:   Dev-Core (375EC13C-06E4-48FB-B500-84F0262A717E): 3
LogDevObjectVersion:   Dev-Editor (E4B068ED-F494-42E9-A231-DA0B2E46BB41): 30
LogDevObjectVersion:   Dev-Framework (CFFC743F-43B0-4480-9391-14DF171D2073): 35
LogDevObjectVersion:   Dev-Mobile (B02B49B5-BB20-44E9-A304-32B752E40360): 2
LogDevObjectVersion:   Dev-Networking (A4E4105C-59A1-49B5-A7C5-40C4547EDFEE): 0
LogDevObjectVersion:   Dev-Online (39C831C9-5AE6-47DC-9A44-9C173E1C8E7C): 0
LogDevObjectVersion:   Dev-Physics (78F01B33-EBEA-4F98-B9B4-84EACCB95AA2): 0
LogDevObjectVersion:   Dev-Platform (6631380F-2D4D-43E0-8009-CF276956A95A): 0
LogDevObjectVersion:   Dev-Rendering (12F88B9F-8875-4AFC-A67C-D90C383ABD29): 28
LogDevObjectVersion:   Dev-Sequencer (7B5AE74C-D270-4C10-A958-57980B212A5A): 11
LogDevObjectVersion:   Dev-VR (D7296918-1DD6-4BDD-9DE2-64A83CC13884): 2
LogDevObjectVersion:   Dev-LoadTimes (C2A15278-BFE7-4AFE-6C17-90FF531DF755): 1
LogDevObjectVersion:   Private-Geometry (6EACA3D4-40EC-4CC1-B786-8BED09428FC5): 3
LogDevObjectVersion:   Dev-AnimPhys (29E575DD-E0A3-4627-9D10-D276232CDCEA): 17
LogDevObjectVersion:   Dev-Anim (AF43A65D-7FD3-4947-9873-3E8ED9C1BB05): 2
LogDevObjectVersion:   Dev-ReflectionCapture (6B266CEC-1EC7-4B8F-A30B-E4D90942FC07): 1
LogDevObjectVersion:   Dev-Automation (0DF73D61-A23F-47EA-B727-89E90C41499A): 1
LogDevObjectVersion:   FortniteMain (601D1886-AC64-4F84-AA16-D3DE0DEAC7D6): 25
LogDevObjectVersion:   Dev-Enterprise (9DFFBCD6-494F-0158-E221-12823C92A888): 6
LogDevObjectVersion:   Dev-Niagara (F2AED0AC-9AFE-416F-8664-AA7FFA26D6FC): 1
LogDevObjectVersion:   Dev-Destruction (174F1F0B-B4C6-45A5-B13F-2EE8D0FB917D): 2
LogInit: Presizing for max 16777216 objects, including 0 objects not considered by GC, pre-allocating 0 bytes for permanent pool.
LogInit: Object subsystem initialized
LogConfig: Setting CVar [[con.DebugEarlyDefault:1]]
LogConfig: Setting CVar [[r.setres:1280x720]]
[2019.09.19-18.19.10:878][  0]LogConfig: Setting CVar [[r.VSync:0]]
[2019.09.19-18.19.10:878][  0]LogConfig: Setting CVar [[r.RHICmdBypass:0]]
[2019.09.19-18.19.10:878][  0]LogConfig: Applying CVar settings from Section [/Script/Engine.RendererSettings] File [C:/Users/na127140/Documents/GitHub/Procedurally-Generated-Forest/Sekirime_Skills/Saved/Config/Windows/Engine.ini]
[2019.09.19-18.19.10:878][  0]LogConfig: Setting CVar [[r.GPUCrashDebugging:0]]
[2019.09.19-18.19.10:878][  0]LogConfig: Applying CVar settings from Section [/Script/Engine.RendererOverrideSettings] File [C:/Users/na127140/Documents/GitHub/Procedurally-Generated-Forest/Sekirime_Skills/Saved/Config/Windows/Engine.ini]
[2019.09.19-18.19.10:878][  0]LogConfig: Applying CVar settings from Section [/Script/Engine.StreamingSettings] File [C:/Users/na127140/Documents/GitHub/Procedurally-Generated-Forest/Sekirime_Skills/Saved/Config/Windows/Engine.ini]
[2019.09.19-18.19.10:878][  0]LogConfig: Setting CVar [[s.MinBulkDataSizeForAsyncLoading:131072]]
[2019.09.19-18.19.10:878][  0]LogConfig: Setting CVar [[s.AsyncLoadingThreadEnabled:0]]
[2019.09.19-18.19.10:878][  0]LogConfig: Setting CVar [[s.EventDrivenLoaderEnabled:1]]
[2019.09.19-18.19.10:879][  0]LogConfig: Setting CVar [[s.WarnIfTimeLimitExceeded:0]]
[2019.09.19-18.19.10:879][  0]LogConfig: Setting CVar [[s.TimeLimitExceededMultiplier:1.5]]
[2019.09.19-18.19.10:879][  0]LogConfig: Setting CVar [[s.TimeLimitExceededMinTime:0.005]]
[2019.09.19-18.19.10:879][  0]LogConfig: Setting CVar [[s.UseBackgroundLevelStreaming:1]]
[2019.09.19-18.19.10:879][  0]LogConfig: Setting CVar [[s.PriorityAsyncLoadingExtraTime:15.0]]
[2019.09.19-18.19.10:879][  0]LogConfig: Setting CVar [[s.LevelStreamingActorsUpdateTimeLimit:5.0]]
[2019.09.19-18.19.10:879][  0]LogConfig: Setting CVar [[s.PriorityLevelStreamingActorsUpdateExtraTime:5.0]]
[2019.09.19-18.19.10:879][  0]LogConfig: Setting CVar [[s.LevelStreamingComponentsRegistrationGranularity:10]]
[2019.09.19-18.19.10:879][  0]LogConfig: Setting CVar [[s.UnregisterComponentsTimeLimit:1.0]]
[2019.09.19-18.19.10:879][  0]LogConfig: Setting CVar [[s.LevelStreamingComponentsUnregistrationGranularity:5]]
[2019.09.19-18.19.10:879][  0]LogConfig: Applying CVar settings from Section [/Script/Engine.GarbageCollectionSettings] File [C:/Users/na127140/Documents/GitHub/Procedurally-Generated-Forest/Sekirime_Skills/Saved/Config/Windows/Engine.ini]
[2019.09.19-18.19.10:879][  0]LogConfig: Setting CVar [[gc.MaxObjectsNotConsideredByGC:1]]
[2019.09.19-18.19.10:879][  0]LogConfig: Setting CVar [[gc.SizeOfPermanentObjectPool:0]]
[2019.09.19-18.19.10:879][  0]LogConfig: Setting CVar [[gc.FlushStreamingOnGC:0]]
[2019.09.19-18.19.10:879][  0]LogConfig: Setting CVar [[gc.NumRetriesBeforeForcingGC:10]]
[2019.09.19-18.19.10:879][  0]LogConfig: Setting CVar [[gc.AllowParallelGC:1]]
[2019.09.19-18.19.10:879][  0]LogConfig: Setting CVar [[gc.TimeBetweenPurgingPendingKillObjects:61.1]]
[2019.09.19-18.19.10:879][  0]LogConfig: Setting CVar [[gc.MaxObjectsInEditor:16777216]]
[2019.09.19-18.19.10:879][  0]LogConfig: Setting CVar [[gc.IncrementalBeginDestroyEnabled:1]]
[2019.09.19-18.19.10:879][  0]LogConfig: Setting CVar [[gc.CreateGCClusters:1]]
[2019.09.19-18.19.10:879][  0]LogConfig: Setting CVar [[gc.MinGCClusterSize:5]]
[2019.09.19-18.19.10:879][  0]LogConfig: Setting CVar [[gc.ActorClusteringEnabled:0]]
[2019.09.19-18.19.10:879][  0]LogConfig: Setting CVar [[gc.BlueprintClusteringEnabled:0]]
[2019.09.19-18.19.10:879][  0]LogConfig: Setting CVar [[gc.UseDisregardForGCOnDedicatedServers:0]]
[2019.09.19-18.19.10:879][  0]LogConfig: Applying CVar settings from Section [/Script/Engine.NetworkSettings] File [C:/Users/na127140/Documents/GitHub/Procedurally-Generated-Forest/Sekirime_Skills/Saved/Config/Windows/Engine.ini]
[2019.09.19-18.19.10:879][  0]LogConfig: Applying CVar settings from Section [/Script/UnrealEd.CookerSettings] File [C:/Users/na127140/Documents/GitHub/Procedurally-Generated-Forest/Sekirime_Skills/Saved/Config/Windows/Engine.ini]
[2019.09.19-18.19.10:883][  0]LogConfig: Applying CVar settings from Section [ViewDistanceQuality@3] File [C:/Users/na127140/Documents/GitHub/Procedurally-Generated-Forest/Sekirime_Skills/Saved/Config/Windows/Scalability.ini]
[2019.09.19-18.19.10:884][  0]LogConfig: Setting CVar [[r.SkeletalMeshLODBias:0]]
[2019.09.19-18.19.10:884][  0]LogConfig: Setting CVar [[r.ViewDistanceScale:1.0]]
[2019.09.19-18.19.10:884][  0]LogConfig: Applying CVar settings from Section [AntiAliasingQuality@3] File [C:/Users/na127140/Documents/GitHub/Procedurally-Generated-Forest/Sekirime_Skills/Saved/Config/Windows/Scalability.ini]
[2019.09.19-18.19.10:884][  0]LogConfig: Setting CVar [[r.PostProcessAAQuality:4]]
[2019.09.19-18.19.10:884][  0]LogConfig: Applying CVar settings from Section [ShadowQuality@3] File [C:/Users/na127140/Documents/GitHub/Procedurally-Generated-Forest/Sekirime_Skills/Saved/Config/Windows/Scalability.ini]
[2019.09.19-18.19.10:884][  0]LogConfig: Setting CVar [[r.LightFunctionQuality:1]]
[2019.09.19-18.19.10:884][  0]LogConfig: Setting CVar [[r.ShadowQuality:5]]
[2019.09.19-18.19.10:884][  0]LogConfig: Setting CVar [[r.Shadow.CSM.MaxCascades:10]]
[2019.09.19-18.19.10:884][  0]LogConfig: Setting CVar [[r.Shadow.MaxResolution:2048]]
[2019.09.19-18.19.10:884][  0]LogConfig: Setting CVar [[r.Shadow.MaxCSMResolution:2048]]
[2019.09.19-18.19.10:884][  0]LogConfig: Setting CVar [[r.Shadow.RadiusThreshold:0.01]]
[2019.09.19-18.19.10:884][  0]LogConfig: Setting CVar [[r.Shadow.DistanceScale:1.0]]
[2019.09.19-18.19.10:884][  0]LogConfig: Setting CVar [[r.Shadow.CSM.TransitionScale:1.0]]
[2019.09.19-18.19.10:884][  0]LogConfig: Setting CVar [[r.Shadow.PreShadowResolutionFactor:1.0]]
[2019.09.19-18.19.10:884][  0]LogConfig: Setting CVar [[r.DistanceFieldShadowing:1]]
[2019.09.19-18.19.10:884][  0]LogConfig: Setting CVar [[r.DistanceFieldAO:1]]
[2019.09.19-18.19.10:884][  0]LogConfig: Setting CVar [[r.AOQuality:2]]
[2019.09.19-18.19.10:884][  0]LogConfig: Setting CVar [[r.VolumetricFog:1]]
[2019.09.19-18.19.10:884][  0]LogConfig: Setting CVar [[r.VolumetricFog.GridPixelSize:8]]
[2019.09.19-18.19.10:884][  0]LogConfig: Setting CVar [[r.VolumetricFog.GridSizeZ:128]]
[2019.09.19-18.19.10:884][  0]LogConfig: Setting CVar [[r.VolumetricFog.HistoryMissSupersampleCount:4]]
[2019.09.19-18.19.10:884][  0]LogConfig: Setting CVar [[r.LightMaxDrawDistanceScale:1]]
[2019.09.19-18.19.10:884][  0]LogConfig: Setting CVar [[r.CapsuleShadows:1]]
[2019.09.19-18.19.10:884][  0]LogConfig: Applying CVar settings from Section [PostProcessQuality@3] File [C:/Users/na127140/Documents/GitHub/Procedurally-Generated-Forest/Sekirime_Skills/Saved/Config/Windows/Scalability.ini]
[2019.09.19-18.19.10:884][  0]LogConfig: Setting CVar [[r.MotionBlurQuality:4]]
[2019.09.19-18.19.10:884][  0]LogConfig: Setting CVar [[r.AmbientOcclusionMipLevelFactor:0.4]]
[2019.09.19-18.19.10:884][  0]LogConfig: Setting CVar [[r.AmbientOcclusionMaxQuality:100]]
[2019.09.19-18.19.10:884][  0]LogConfig: Setting CVar [[r.AmbientOcclusionLevels:-1]]
[2019.09.19-18.19.10:884][  0]LogConfig: Setting CVar [[r.AmbientOcclusionRadiusScale:1.0]]
[2019.09.19-18.19.10:884][  0]LogConfig: Setting CVar [[r.DepthOfFieldQuality:2]]
[2019.09.19-18.19.10:884][  0]LogConfig: Setting CVar [[r.RenderTargetPoolMin:400]]
[2019.09.19-18.19.10:884][  0]LogConfig: Setting CVar [[r.LensFlareQuality:2]]
[2019.09.19-18.19.10:884][  0]LogConfig: Setting CVar [[r.SceneColorFringeQuality:1]]
[2019.09.19-18.19.10:884][  0]LogConfig: Setting CVar [[r.EyeAdaptationQuality:2]]
[2019.09.19-18.19.10:884][  0]LogConfig: Setting CVar [[r.BloomQuality:5]]
[2019.09.19-18.19.10:884][  0]LogConfig: Setting CVar [[r.FastBlurThreshold:100]]
[2019.09.19-18.19.10:884][  0]LogConfig: Setting CVar [[r.Upscale.Quality:3]]
[2019.09.19-18.19.10:884][  0]LogConfig: Setting CVar [[r.Tonemapper.GrainQuantization:1]]
[2019.09.19-18.19.10:884][  0]LogConfig: Setting CVar [[r.LightShaftQuality:1]]
[2019.09.19-18.19.10:884][  0]LogConfig: Setting CVar [[r.Filter.SizeScale:1]]
[2019.09.19-18.19.10:884][  0]LogConfig: Setting CVar [[r.Tonemapper.Quality:5]]
[2019.09.19-18.19.10:884][  0]LogConfig: Setting CVar [[r.DOF.Gather.AccumulatorQuality:1        ; higher gathering accumulator quality]]
[2019.09.19-18.19.10:884][  0]LogConfig: Setting CVar [[r.DOF.Gather.PostfilterMethod:1          ; Median3x3 postfilering method]]
[2019.09.19-18.19.10:884][  0]LogConfig: Setting CVar [[r.DOF.Gather.EnableBokehSettings:0       ; no bokeh simulation when gathering]]
[2019.09.19-18.19.10:884][  0]LogConfig: Setting CVar [[r.DOF.Gather.RingCount:4                 ; medium number of samples when gathering]]
[2019.09.19-18.19.10:884][  0]LogConfig: Setting CVar [[r.DOF.Scatter.ForegroundCompositing:1    ; additive foreground scattering]]
[2019.09.19-18.19.10:884][  0]LogConfig: Setting CVar [[r.DOF.Scatter.BackgroundCompositing:2    ; additive background scattering]]
[2019.09.19-18.19.10:884][  0]LogConfig: Setting CVar [[r.DOF.Scatter.EnableBokehSettings:1      ; bokeh simulation when scattering]]
[2019.09.19-18.19.10:884][  0]LogConfig: Setting CVar [[r.DOF.Scatter.MaxSpriteRatio:0.1         ; only a maximum of 10% of scattered bokeh]]
[2019.09.19-18.19.10:884][  0]LogConfig: Setting CVar [[r.DOF.Recombine.Quality:1                ; cheap slight out of focus]]
[2019.09.19-18.19.10:884][  0]LogConfig: Setting CVar [[r.DOF.Recombine.EnableBokehSettings:0    ; no bokeh simulation on slight out of focus]]
[2019.09.19-18.19.10:884][  0]LogConfig: Setting CVar [[r.DOF.TemporalAAQuality:1                ; more stable temporal accumulation]]
[2019.09.19-18.19.10:884][  0]LogConfig: Setting CVar [[r.DOF.Kernel.MaxForegroundRadius:0.025]]
[2019.09.19-18.19.10:884][  0]LogConfig: Setting CVar [[r.DOF.Kernel.MaxBackgroundRadius:0.025]]
[2019.09.19-18.19.10:884][  0]LogConfig: Applying CVar settings from Section [TextureQuality@3] File [C:/Users/na127140/Documents/GitHub/Procedurally-Generated-Forest/Sekirime_Skills/Saved/Config/Windows/Scalability.ini]
[2019.09.19-18.19.10:884][  0]LogConfig: Setting CVar [[r.Streaming.MipBias:0]]
[2019.09.19-18.19.10:884][  0]LogConfig: Setting CVar [[r.Streaming.AmortizeCPUToGPUCopy:0]]
[2019.09.19-18.19.10:884][  0]LogConfig: Setting CVar [[r.Streaming.MaxNumTexturesToStreamPerFrame:0]]
[2019.09.19-18.19.10:884][  0]LogConfig: Setting CVar [[r.Streaming.Boost:1]]
[2019.09.19-18.19.10:884][  0]LogConfig: Setting CVar [[r.MaxAnisotropy:8]]
[2019.09.19-18.19.10:884][  0]LogConfig: Setting CVar [[r.Streaming.LimitPoolSizeToVRAM:0]]
[2019.09.19-18.19.10:884][  0]LogConfig: Setting CVar [[r.Streaming.PoolSize:1000]]
[2019.09.19-18.19.10:884][  0]LogConfig: Setting CVar [[r.Streaming.MaxEffectiveScreenSize:0]]
[2019.09.19-18.19.10:884][  0]LogConfig: Applying CVar settings from Section [EffectsQuality@3] File [C:/Users/na127140/Documents/GitHub/Procedurally-Generated-Forest/Sekirime_Skills/Saved/Config/Windows/Scalability.ini]
[2019.09.19-18.19.10:884][  0]LogConfig: Setting CVar [[r.TranslucencyLightingVolumeDim:64]]
[2019.09.19-18.19.10:884][  0]LogConfig: Setting CVar [[r.RefractionQuality:2]]
[2019.09.19-18.19.10:884][  0]LogConfig: Setting CVar [[r.SSR.Quality:3]]
[2019.09.19-18.19.10:884][  0]LogConfig: Setting CVar [[r.SceneColorFormat:4]]
[2019.09.19-18.19.10:884][  0]LogConfig: Setting CVar [[r.DetailMode:2]]
[2019.09.19-18.19.10:884][  0]LogConfig: Setting CVar [[r.TranslucencyVolumeBlur:1]]
[2019.09.19-18.19.10:884][  0]LogConfig: Setting CVar [[r.MaterialQualityLevel:1 ; High quality]]
[2019.09.19-18.19.10:884][  0]LogConfig: Setting CVar [[r.SSS.Scale:1]]
[2019.09.19-18.19.10:884][  0]LogConfig: Setting CVar [[r.SSS.SampleSet:2]]
[2019.09.19-18.19.10:884][  0]LogConfig: Setting CVar [[r.SSS.Quality:1]]
[2019.09.19-18.19.10:884][  0]LogConfig: Setting CVar [[r.SSS.HalfRes:1]]
[2019.09.19-18.19.10:884][  0]LogConfig: Setting CVar [[r.EmitterSpawnRateScale:1.0]]
[2019.09.19-18.19.10:884][  0]LogConfig: Setting CVar [[r.ParticleLightQuality:2]]
[2019.09.19-18.19.10:884][  0]LogConfig: Applying CVar settings from Section [FoliageQuality@3] File [C:/Users/na127140/Documents/GitHub/Procedurally-Generated-Forest/Sekirime_Skills/Saved/Config/Windows/Scalability.ini]
[2019.09.19-18.19.10:885][  0]LogConfig: Setting CVar [[foliage.DensityScale:1.0]]
[2019.09.19-18.19.10:885][  0]LogConfig: Setting CVar [[grass.DensityScale:1.0]]
[2019.09.19-18.19.10:885][  0]LogInit: Selected Device Profile: [Windows]
[2019.09.19-18.19.10:885][  0]LogInit: Applying CVar settings loaded from the selected device profile: [Windows]
[2019.09.19-18.19.10:897][  0]LogHAL: Display: Platform has ~ 32 GB [34169487360 / 34359738368 / 32], which maps to Largest [LargestMinGB=32, LargerMinGB=12, DefaultMinGB=8, SmallerMinGB=6, SmallestMinGB=0)
[2019.09.19-18.19.10:897][  0]LogConfig: Setting CVar [[r.Vulkan.UseRealUBs:0		; Required until we fix HLR fall-out]]
[2019.09.19-18.19.10:897][  0]LogInit: Going up to parent DeviceProfile []
[2019.09.19-18.19.10:897][  0]LogConfig: Applying CVar settings from Section [ViewDistanceQuality@3] File [C:/Users/na127140/Documents/GitHub/Procedurally-Generated-Forest/Sekirime_Skills/Saved/Config/Windows/Scalability.ini]
[2019.09.19-18.19.10:897][  0]LogConfig: Setting CVar [[r.SkeletalMeshLODBias:0]]
[2019.09.19-18.19.10:897][  0]LogConfig: Setting CVar [[r.ViewDistanceScale:1.0]]
[2019.09.19-18.19.10:897][  0]LogConfig: Applying CVar settings from Section [AntiAliasingQuality@3] File [C:/Users/na127140/Documents/GitHub/Procedurally-Generated-Forest/Sekirime_Skills/Saved/Config/Windows/Scalability.ini]
[2019.09.19-18.19.10:897][  0]LogConfig: Setting CVar [[r.PostProcessAAQuality:4]]
[2019.09.19-18.19.10:897][  0]LogConfig: Applying CVar settings from Section [ShadowQuality@3] File [C:/Users/na127140/Documents/GitHub/Procedurally-Generated-Forest/Sekirime_Skills/Saved/Config/Windows/Scalability.ini]
[2019.09.19-18.19.10:897][  0]LogConfig: Setting CVar [[r.LightFunctionQuality:1]]
[2019.09.19-18.19.10:897][  0]LogConfig: Setting CVar [[r.ShadowQuality:5]]
[2019.09.19-18.19.10:897][  0]LogConfig: Setting CVar [[r.Shadow.CSM.MaxCascades:10]]
[2019.09.19-18.19.10:897][  0]LogConfig: Setting CVar [[r.Shadow.MaxResolution:2048]]
[2019.09.19-18.19.10:897][  0]LogConfig: Setting CVar [[r.Shadow.MaxCSMResolution:2048]]
[2019.09.19-18.19.10:897][  0]LogConfig: Setting CVar [[r.Shadow.RadiusThreshold:0.01]]
[2019.09.19-18.19.10:897][  0]LogConfig: Setting CVar [[r.Shadow.DistanceScale:1.0]]
[2019.09.19-18.19.10:897][  0]LogConfig: Setting CVar [[r.Shadow.CSM.TransitionScale:1.0]]
[2019.09.19-18.19.10:897][  0]LogConfig: Setting CVar [[r.Shadow.PreShadowResolutionFactor:1.0]]
[2019.09.19-18.19.10:897][  0]LogConfig: Setting CVar [[r.DistanceFieldShadowing:1]]
[2019.09.19-18.19.10:897][  0]LogConfig: Setting CVar [[r.DistanceFieldAO:1]]
[2019.09.19-18.19.10:897][  0]LogConfig: Setting CVar [[r.AOQuality:2]]
[2019.09.19-18.19.10:897][  0]LogConfig: Setting CVar [[r.VolumetricFog:1]]
[2019.09.19-18.19.10:897][  0]LogConfig: Setting CVar [[r.VolumetricFog.GridPixelSize:8]]
[2019.09.19-18.19.10:897][  0]LogConfig: Setting CVar [[r.VolumetricFog.GridSizeZ:128]]
[2019.09.19-18.19.10:897][  0]LogConfig: Setting CVar [[r.VolumetricFog.HistoryMissSupersampleCount:4]]
[2019.09.19-18.19.10:897][  0]LogConfig: Setting CVar [[r.LightMaxDrawDistanceScale:1]]
[2019.09.19-18.19.10:897][  0]LogConfig: Setting CVar [[r.CapsuleShadows:1]]
[2019.09.19-18.19.10:897][  0]LogConfig: Applying CVar settings from Section [PostProcessQuality@3] File [C:/Users/na127140/Documents/GitHub/Procedurally-Generated-Forest/Sekirime_Skills/Saved/Config/Windows/Scalability.ini]
[2019.09.19-18.19.10:897][  0]LogConfig: Setting CVar [[r.MotionBlurQuality:4]]
[2019.09.19-18.19.10:897][  0]LogConfig: Setting CVar [[r.AmbientOcclusionMipLevelFactor:0.4]]
[2019.09.19-18.19.10:897][  0]LogConfig: Setting CVar [[r.AmbientOcclusionMaxQuality:100]]
[2019.09.19-18.19.10:897][  0]LogConfig: Setting CVar [[r.AmbientOcclusionLevels:-1]]
[2019.09.19-18.19.10:897][  0]LogConfig: Setting CVar [[r.AmbientOcclusionRadiusScale:1.0]]
[2019.09.19-18.19.10:897][  0]LogConfig: Setting CVar [[r.DepthOfFieldQuality:2]]
[2019.09.19-18.19.10:897][  0]LogConfig: Setting CVar [[r.RenderTargetPoolMin:400]]
[2019.09.19-18.19.10:897][  0]LogConfig: Setting CVar [[r.LensFlareQuality:2]]
[2019.09.19-18.19.10:897][  0]LogConfig: Setting CVar [[r.SceneColorFringeQuality:1]]
[2019.09.19-18.19.10:897][  0]LogConfig: Setting CVar [[r.EyeAdaptationQuality:2]]
[2019.09.19-18.19.10:897][  0]LogConfig: Setting CVar [[r.BloomQuality:5]]
[2019.09.19-18.19.10:897][  0]LogConfig: Setting CVar [[r.FastBlurThreshold:100]]
[2019.09.19-18.19.10:897][  0]LogConfig: Setting CVar [[r.Upscale.Quality:3]]
[2019.09.19-18.19.10:897][  0]LogConfig: Setting CVar [[r.Tonemapper.GrainQuantization:1]]
[2019.09.19-18.19.10:897][  0]LogConfig: Setting CVar [[r.LightShaftQuality:1]]
[2019.09.19-18.19.10:897][  0]LogConfig: Setting CVar [[r.Filter.SizeScale:1]]
[2019.09.19-18.19.10:897][  0]LogConfig: Setting CVar [[r.Tonemapper.Quality:5]]
[2019.09.19-18.19.10:897][  0]LogConfig: Setting CVar [[r.DOF.Gather.AccumulatorQuality:1        ; higher gathering accumulator quality]]
[2019.09.19-18.19.10:897][  0]LogConfig: Setting CVar [[r.DOF.Gather.PostfilterMethod:1          ; Median3x3 postfilering method]]
[2019.09.19-18.19.10:897][  0]LogConfig: Setting CVar [[r.DOF.Gather.EnableBokehSettings:0       ; no bokeh simulation when gathering]]
[2019.09.19-18.19.10:897][  0]LogConfig: Setting CVar [[r.DOF.Gather.RingCount:4                 ; medium number of samples when gathering]]
[2019.09.19-18.19.10:897][  0]LogConfig: Setting CVar [[r.DOF.Scatter.ForegroundCompositing:1    ; additive foreground scattering]]
[2019.09.19-18.19.10:897][  0]LogConfig: Setting CVar [[r.DOF.Scatter.BackgroundCompositing:2    ; additive background scattering]]
[2019.09.19-18.19.10:897][  0]LogConfig: Setting CVar [[r.DOF.Scatter.EnableBokehSettings:1      ; bokeh simulation when scattering]]
[2019.09.19-18.19.10:897][  0]LogConfig: Setting CVar [[r.DOF.Scatter.MaxSpriteRatio:0.1         ; only a maximum of 10% of scattered bokeh]]
[2019.09.19-18.19.10:897][  0]LogConfig: Setting CVar [[r.DOF.Recombine.Quality:1                ; cheap slight out of focus]]
[2019.09.19-18.19.10:897][  0]LogConfig: Setting CVar [[r.DOF.Recombine.EnableBokehSettings:0    ; no bokeh simulation on slight out of focus]]
[2019.09.19-18.19.10:897][  0]LogConfig: Setting CVar [[r.DOF.TemporalAAQuality:1                ; more stable temporal accumulation]]
[2019.09.19-18.19.10:897][  0]LogConfig: Setting CVar [[r.DOF.Kernel.MaxForegroundRadius:0.025]]
[2019.09.19-18.19.10:897][  0]LogConfig: Setting CVar [[r.DOF.Kernel.MaxBackgroundRadius:0.025]]
[2019.09.19-18.19.10:897][  0]LogConfig: Applying CVar settings from Section [TextureQuality@3] File [C:/Users/na127140/Documents/GitHub/Procedurally-Generated-Forest/Sekirime_Skills/Saved/Config/Windows/Scalability.ini]
[2019.09.19-18.19.10:898][  0]LogConfig: Setting CVar [[r.Streaming.MipBias:0]]
[2019.09.19-18.19.10:898][  0]LogConfig: Setting CVar [[r.Streaming.AmortizeCPUToGPUCopy:0]]
[2019.09.19-18.19.10:898][  0]LogConfig: Setting CVar [[r.Streaming.MaxNumTexturesToStreamPerFrame:0]]
[2019.09.19-18.19.10:898][  0]LogConfig: Setting CVar [[r.Streaming.Boost:1]]
[2019.09.19-18.19.10:898][  0]LogConfig: Setting CVar [[r.MaxAnisotropy:8]]
[2019.09.19-18.19.10:898][  0]LogConfig: Setting CVar [[r.Streaming.LimitPoolSizeToVRAM:0]]
[2019.09.19-18.19.10:898][  0]LogConfig: Setting CVar [[r.Streaming.PoolSize:1000]]
[2019.09.19-18.19.10:898][  0]LogConfig: Setting CVar [[r.Streaming.MaxEffectiveScreenSize:0]]
[2019.09.19-18.19.10:898][  0]LogConfig: Applying CVar settings from Section [EffectsQuality@3] File [C:/Users/na127140/Documents/GitHub/Procedurally-Generated-Forest/Sekirime_Skills/Saved/Config/Windows/Scalability.ini]
[2019.09.19-18.19.10:898][  0]LogConfig: Setting CVar [[r.TranslucencyLightingVolumeDim:64]]
[2019.09.19-18.19.10:898][  0]LogConfig: Setting CVar [[r.RefractionQuality:2]]
[2019.09.19-18.19.10:898][  0]LogConfig: Setting CVar [[r.SSR.Quality:3]]
[2019.09.19-18.19.10:898][  0]LogConfig: Setting CVar [[r.SceneColorFormat:4]]
[2019.09.19-18.19.10:898][  0]LogConfig: Setting CVar [[r.DetailMode:2]]
[2019.09.19-18.19.10:898][  0]LogConfig: Setting CVar [[r.TranslucencyVolumeBlur:1]]
[2019.09.19-18.19.10:898][  0]LogConfig: Setting CVar [[r.MaterialQualityLevel:1 ; High quality]]
[2019.09.19-18.19.10:898][  0]LogConfig: Setting CVar [[r.SSS.Scale:1]]
[2019.09.19-18.19.10:898][  0]LogConfig: Setting CVar [[r.SSS.SampleSet:2]]
[2019.09.19-18.19.10:898][  0]LogConfig: Setting CVar [[r.SSS.Quality:1]]
[2019.09.19-18.19.10:898][  0]LogConfig: Setting CVar [[r.SSS.HalfRes:1]]
[2019.09.19-18.19.10:898][  0]LogConfig: Setting CVar [[r.EmitterSpawnRateScale:1.0]]
[2019.09.19-18.19.10:898][  0]LogConfig: Setting CVar [[r.ParticleLightQuality:2]]
[2019.09.19-18.19.10:898][  0]LogConfig: Applying CVar settings from Section [FoliageQuality@3] File [C:/Users/na127140/Documents/GitHub/Procedurally-Generated-Forest/Sekirime_Skills/Saved/Config/Windows/Scalability.ini]
[2019.09.19-18.19.10:898][  0]LogConfig: Setting CVar [[foliage.DensityScale:1.0]]
[2019.09.19-18.19.10:898][  0]LogConfig: Setting CVar [[grass.DensityScale:1.0]]
[2019.09.19-18.19.10:898][  0]LogConfig: Applying CVar settings from Section [Startup] File [../../../Engine/Config/ConsoleVariables.ini]
[2019.09.19-18.19.10:898][  0]LogConfig: Setting CVar [[net.UseAdaptiveNetUpdateFrequency:0]]
[2019.09.19-18.19.10:898][  0]LogConfig: Setting CVar [[p.chaos.AllowCreatePhysxBodies:1]]
[2019.09.19-18.19.10:898][  0]LogConfig: Applying CVar settings from Section [ConsoleVariables] File [C:/Users/na127140/Documents/GitHub/Procedurally-Generated-Forest/Sekirime_Skills/Saved/Config/Windows/Engine.ini]
[2019.09.19-18.19.10:898][  0]LogInit: Computer: DTC5GT9FX2
[2019.09.19-18.19.10:898][  0]LogInit: User: na127140
[2019.09.19-18.19.10:898][  0]LogInit: CPU Page size=4096, Cores=8
[2019.09.19-18.19.10:898][  0]LogInit: High frequency timer resolution =10.000000 MHz
[2019.09.19-18.19.10:898][  0]LogMemory: Memory total: Physical=31.8GB (32GB approx)
[2019.09.19-18.19.10:898][  0]LogMemory: Platform Memory Stats for Windows
[2019.09.19-18.19.10:898][  0]LogMemory: Process Physical Memory: 98.20 MB used, 98.20 MB peak
[2019.09.19-18.19.10:898][  0]LogMemory: Process Virtual Memory: 90.79 MB used, 90.79 MB peak
[2019.09.19-18.19.10:898][  0]LogMemory: Physical Memory: 10134.57 MB used,  22451.99 MB free, 32586.56 MB total
[2019.09.19-18.19.10:898][  0]LogMemory: Virtual Memory: 4691.14 MB used,  134213040.00 MB free, 134217728.00 MB total
[2019.09.19-18.19.10:918][  0]LogInit: Using OS detected language (en-US).
[2019.09.19-18.19.10:919][  0]LogInit: Using OS detected locale (en-US).
[2019.09.19-18.19.10:919][  0]LogTextLocalizationManager: No specific localization for 'en-US' exists, so the 'en' localization will be used.
[2019.09.19-18.19.11:070][  0]LogInit: Setting process to per monitor DPI aware
[2019.09.19-18.19.11:107][  0]LogSlate: New Slate User Created.  User Index 0, Is Virtual User: 0
[2019.09.19-18.19.11:107][  0]LogSlate: Slate User Registered.  User Index 0, Is Virtual User: 0
[2019.09.19-18.19.11:258][  0]LogHMD: Failed to initialize OpenVR with code 110
[2019.09.19-18.19.11:258][  0]LogD3D11RHI: D3D11 adapters:
[2019.09.19-18.19.11:339][  0]LogD3D11RHI:    0. 'NVIDIA GeForce RTX 2080' (Feature Level 11_0)
[2019.09.19-18.19.11:339][  0]LogD3D11RHI:       8010/0/16293 MB DedicatedVideo/DedicatedSystem/SharedSystem, Outputs:2, VendorId:0x10de
[2019.09.19-18.19.11:363][  0]LogD3D11RHI:    1. 'Intel(R) UHD Graphics 630' (Feature Level 11_0)
[2019.09.19-18.19.11:363][  0]LogD3D11RHI:       128/0/16293 MB DedicatedVideo/DedicatedSystem/SharedSystem, Outputs:0, VendorId:0x8086
[2019.09.19-18.19.11:365][  0]LogD3D11RHI:    2. 'Microsoft Basic Render Driver' (Feature Level 11_0)
[2019.09.19-18.19.11:365][  0]LogD3D11RHI:       0/0/16293 MB DedicatedVideo/DedicatedSystem/SharedSystem, Outputs:0, VendorId:0x1414
[2019.09.19-18.19.11:367][  0]LogD3D11RHI:    3. 'Microsoft Basic Render Driver' (Feature Level 11_0)
[2019.09.19-18.19.11:367][  0]LogD3D11RHI:       0/0/16293 MB DedicatedVideo/DedicatedSystem/SharedSystem, Outputs:0, VendorId:0x1414
[2019.09.19-18.19.11:369][  0]LogD3D11RHI:    4. 'Microsoft Basic Render Driver' (Feature Level 11_0)
[2019.09.19-18.19.11:369][  0]LogD3D11RHI:       0/0/16293 MB DedicatedVideo/DedicatedSystem/SharedSystem, Outputs:0, VendorId:0x1414
[2019.09.19-18.19.11:369][  0]LogD3D11RHI: Chosen D3D11 Adapter: 0
[2019.09.19-18.19.11:378][  0]LogD3D11RHI: Creating new Direct3DDevice
[2019.09.19-18.19.11:378][  0]LogD3D11RHI:     GPU DeviceId: 0x1e87 (for the marketing name, search the web for "GPU Device Id")
[2019.09.19-18.19.11:378][  0]LogWindows: EnumDisplayDevices:
[2019.09.19-18.19.11:378][  0]LogWindows:    0. 'NVIDIA GeForce RTX 2080' (P:1 D:1)
[2019.09.19-18.19.11:378][  0]LogWindows:    1. 'NVIDIA GeForce RTX 2080' (P:0 D:1)
[2019.09.19-18.19.11:379][  0]LogWindows:    2. 'NVIDIA GeForce RTX 2080' (P:0 D:0)
[2019.09.19-18.19.11:379][  0]LogWindows:    3. 'NVIDIA GeForce RTX 2080' (P:0 D:0)
[2019.09.19-18.19.11:379][  0]LogWindows:    4. 'Intel(R) UHD Graphics 630' (P:0 D:0)
[2019.09.19-18.19.11:380][  0]LogWindows:    5. 'Intel(R) UHD Graphics 630' (P:0 D:0)
[2019.09.19-18.19.11:380][  0]LogWindows:    6. 'Intel(R) UHD Graphics 630' (P:0 D:0)
[2019.09.19-18.19.11:380][  0]LogWindows:    7. 'Intel Unite Graphics Adapter' (P:0 D:0)
[2019.09.19-18.19.11:380][  0]LogWindows:    8. 'Intel Unite Graphics Adapter' (P:0 D:0)
[2019.09.19-18.19.11:380][  0]LogWindows:    9. 'Intel Unite Graphics Adapter' (P:0 D:0)
[2019.09.19-18.19.11:381][  0]LogWindows:    10. 'Citrix Indirect Display Adapter' (P:0 D:0)
[2019.09.19-18.19.11:381][  0]LogWindows:    11. 'Citrix Indirect Display Adapter' (P:0 D:0)
[2019.09.19-18.19.11:381][  0]LogWindows:    12. 'Citrix Indirect Display Adapter' (P:0 D:0)
[2019.09.19-18.19.11:381][  0]LogWindows:    13. 'Citrix Indirect Display Adapter' (P:0 D:0)
[2019.09.19-18.19.11:382][  0]LogWindows:    14. 'Citrix Indirect Display Adapter' (P:0 D:0)
[2019.09.19-18.19.11:382][  0]LogWindows:    15. 'Citrix Indirect Display Adapter' (P:0 D:0)
[2019.09.19-18.19.11:382][  0]LogWindows:    16. 'Citrix Indirect Display Adapter' (P:0 D:0)
[2019.09.19-18.19.11:382][  0]LogWindows:    17. 'Citrix Indirect Display Adapter' (P:0 D:0)
[2019.09.19-18.19.11:382][  0]LogWindows: DebugString: PrimaryIsNotTheChoosenAdapter PrimaryIsNotTheChoosenAdapter PrimaryIsNotTheChoosenAdapter PrimaryIsNotTheChoosenAdapter PrimaryIsNotTheChoosenAdapter PrimaryIsNotTheChoosenAdapter GetVideoDriverDetailsInvalid PrimaryIsNotTheChoosenAdapter GetVideoDriverDetailsInvalid PrimaryIsNotTheChoosenAdapter GetVideoDriverDetailsInvalid PrimaryIsNotTheChoosenAdapter GetVideoDriverDetailsInvalid PrimaryIsNotTheChoosenAdapter GetVideoDriverDetailsInvalid PrimaryIsNotTheChoosenAdapter GetVideoDriverDetailsInvalid PrimaryIsNotTheChoosenAdapter GetVideoDriverDetailsInvalid PrimaryIsNotTheChoosenAdapter GetVideoDriverDetailsInvalid PrimaryIsNotTheChoosenAdapter FoundDriverCount:4 
[2019.09.19-18.19.11:382][  0]LogD3D11RHI:     Adapter Name: NVIDIA GeForce RTX 2080
[2019.09.19-18.19.11:382][  0]LogD3D11RHI:   Driver Version: 436.02 (internal:26.21.14.3602, unified:436.02)
[2019.09.19-18.19.11:382][  0]LogD3D11RHI:      Driver Date: 8-16-2019
[2019.09.19-18.19.11:382][  0]LogRHI: Texture pool is 5607 MB (70% of 8010 MB)
[2019.09.19-18.19.11:427][  0]LogD3D11RHI: Async texture creation enabled
[2019.09.19-18.19.11:430][  0]LogRendererCore: FGlobalReadBuffer::InitRHI
[2019.09.19-18.19.11:431][  0]LogRendererCore: FGlobalReadBuffer::InitRHI
[2019.09.19-18.19.11:431][  0]LogRendererCore: FGlobalReadBuffer::InitRHI
[2019.09.19-18.19.11:438][  0]LogD3D11RHI: GPU Timing Frequency: 1000.000000 (Debug: 2 1)
[2019.09.19-18.19.11:816][  0]LogTemp: Display: Module 'AllDesktopTargetPlatform' loaded TargetPlatform 'AllDesktop'
[2019.09.19-18.19.11:830][  0]LogTemp: Display: Module 'MacClientTargetPlatform' loaded TargetPlatform 'MacClient'
[2019.09.19-18.19.11:843][  0]LogTemp: Display: Module 'MacNoEditorTargetPlatform' loaded TargetPlatform 'MacNoEditor'
[2019.09.19-18.19.11:856][  0]LogTemp: Display: Module 'MacServerTargetPlatform' loaded TargetPlatform 'MacServer'
[2019.09.19-18.19.11:869][  0]LogTemp: Display: Module 'MacTargetPlatform' loaded TargetPlatform 'Mac'
[2019.09.19-18.19.11:882][  0]LogTemp: Display: Module 'WindowsClientTargetPlatform' loaded TargetPlatform 'WindowsClient'
[2019.09.19-18.19.11:896][  0]LogTemp: Display: Module 'WindowsNoEditorTargetPlatform' loaded TargetPlatform 'WindowsNoEditor'
[2019.09.19-18.19.11:909][  0]LogTemp: Display: Module 'WindowsServerTargetPlatform' loaded TargetPlatform 'WindowsServer'
[2019.09.19-18.19.11:915][  0]LogTemp: Display: Module 'WindowsTargetPlatform' loaded TargetPlatform 'Windows'
[2019.09.19-18.19.11:992][  0]LogTemp: Display: Module 'AndroidTargetPlatform' loaded TargetPlatform 'Android'
[2019.09.19-18.19.11:992][  0]LogTemp: Display: Module 'AndroidTargetPlatform' loaded TargetPlatform 'Android_ASTC'
[2019.09.19-18.19.11:992][  0]LogTemp: Display: Module 'AndroidTargetPlatform' loaded TargetPlatform 'Android_ATC'
[2019.09.19-18.19.11:992][  0]LogTemp: Display: Module 'AndroidTargetPlatform' loaded TargetPlatform 'Android_DXT'
[2019.09.19-18.19.11:992][  0]LogTemp: Display: Module 'AndroidTargetPlatform' loaded TargetPlatform 'Android_ETC1'
[2019.09.19-18.19.11:992][  0]LogTemp: Display: Module 'AndroidTargetPlatform' loaded TargetPlatform 'Android_ETC1a'
[2019.09.19-18.19.11:992][  0]LogTemp: Display: Module 'AndroidTargetPlatform' loaded TargetPlatform 'Android_ETC2'
[2019.09.19-18.19.11:992][  0]LogTemp: Display: Module 'AndroidTargetPlatform' loaded TargetPlatform 'Android_PVRTC'
[2019.09.19-18.19.11:992][  0]LogTemp: Display: Module 'AndroidTargetPlatform' loaded TargetPlatform 'AndroidClient'
[2019.09.19-18.19.11:992][  0]LogTemp: Display: Module 'AndroidTargetPlatform' loaded TargetPlatform 'Android_ASTCClient'
[2019.09.19-18.19.11:992][  0]LogTemp: Display: Module 'AndroidTargetPlatform' loaded TargetPlatform 'Android_ATCClient'
[2019.09.19-18.19.11:992][  0]LogTemp: Display: Module 'AndroidTargetPlatform' loaded TargetPlatform 'Android_DXTClient'
[2019.09.19-18.19.11:992][  0]LogTemp: Display: Module 'AndroidTargetPlatform' loaded TargetPlatform 'Android_ETC1Client'
[2019.09.19-18.19.11:992][  0]LogTemp: Display: Module 'AndroidTargetPlatform' loaded TargetPlatform 'Android_ETC1aClient'
[2019.09.19-18.19.11:992][  0]LogTemp: Display: Module 'AndroidTargetPlatform' loaded TargetPlatform 'Android_ETC2Client'
[2019.09.19-18.19.11:992][  0]LogTemp: Display: Module 'AndroidTargetPlatform' loaded TargetPlatform 'Android_PVRTCClient'
[2019.09.19-18.19.11:992][  0]LogTemp: Display: Module 'AndroidTargetPlatform' loaded TargetPlatform 'Android_Multi'
[2019.09.19-18.19.11:992][  0]LogTemp: Display: Module 'AndroidTargetPlatform' loaded TargetPlatform 'Android_MultiClient'
[2019.09.19-18.19.11:994][  0]LogTemp: Display: Module 'HTML5TargetPlatform' loaded TargetPlatform 'HTML5'
[2019.09.19-18.19.12:041][  0]LogTemp: Display: Module 'IOSTargetPlatform' loaded TargetPlatform 'IOSClient'
[2019.09.19-18.19.12:041][  0]LogTemp: Display: Module 'IOSTargetPlatform' loaded TargetPlatform 'IOS'
[2019.09.19-18.19.12:064][  0]LogTemp: Display: Module 'TVOSTargetPlatform' loaded TargetPlatform 'TVOSClient'
[2019.09.19-18.19.12:064][  0]LogTemp: Display: Module 'TVOSTargetPlatform' loaded TargetPlatform 'TVOS'
[2019.09.19-18.19.12:076][  0]LogTemp: Display: Module 'LinuxClientTargetPlatform' loaded TargetPlatform 'LinuxClient'
[2019.09.19-18.19.12:088][  0]LogTemp: Display: Module 'LinuxNoEditorTargetPlatform' loaded TargetPlatform 'LinuxNoEditor'
[2019.09.19-18.19.12:100][  0]LogTemp: Display: Module 'LinuxServerTargetPlatform' loaded TargetPlatform 'LinuxServer'
[2019.09.19-18.19.12:114][  0]LogTemp: Display: Module 'LinuxTargetPlatform' loaded TargetPlatform 'Linux'
[2019.09.19-18.19.12:158][  0]LogTemp: Display: Module 'LuminTargetPlatform' loaded TargetPlatform 'Lumin'
[2019.09.19-18.19.12:158][  0]LogTemp: Display: Module 'LuminTargetPlatform' loaded TargetPlatform 'LuminClient'
[2019.09.19-18.19.12:158][  0]LogTargetPlatformManager: Display: Building Assets For Windows
[2019.09.19-18.19.12:165][  0]LogAudioDebug: Display: Lib vorbis DLL was dynamically loaded.
[2019.09.19-18.19.12:207][  0]LogShaderCompilers: Guid format shader working directory is -45 characters bigger than the processId version (../../../../../../Users/na127140/Documents/GitHub/Procedurally-Generated-Forest/Sekirime_Skills/Intermediate/Shaders/WorkingDirectory/20740/).
[2019.09.19-18.19.12:207][  0]LogShaderCompilers: Cleaned the shader compiler working directory 'C:/Users/na127140/AppData/Local/Temp/2/UnrealShaderWorkingDir/360AC0CA4455600EA436B68E47D25B83/'.
[2019.09.19-18.19.12:209][  0]LogXGEController: Cleaning working directory: C:/Users/na127140/AppData/Local/Temp/2/UnrealXGEWorkingDir/
[2019.09.19-18.19.12:220][  0]LogShaderCompilers: Display: Using XGE Shader Compiler (Interception Interface).
[2019.09.19-18.19.12:788][  0]LogDerivedDataCache: Display: Max Cache Size: 512 MB
[2019.09.19-18.19.12:838][  0]LogDerivedDataCache: Loaded boot cache 0.05s 75MB C:/Users/na127140/AppData/Local/UnrealEngine/4.22/DerivedDataCache/Boot.ddc.
[2019.09.19-18.19.12:838][  0]LogDerivedDataCache: Display: Loaded Boot cache: C:/Users/na127140/AppData/Local/UnrealEngine/4.22/DerivedDataCache/Boot.ddc
[2019.09.19-18.19.12:839][  0]LogDerivedDataCache: FDerivedDataBackendGraph:  Pak pak cache file ../../../../../../Users/na127140/Documents/GitHub/Procedurally-Generated-Forest/Sekirime_Skills/DerivedDataCache/DDC.ddp not found, will not use a pak cache.
[2019.09.19-18.19.12:839][  0]LogDerivedDataCache: Unable to find inner node Pak for hierarchical cache Hierarchy.
[2019.09.19-18.19.12:839][  0]LogDerivedDataCache: FDerivedDataBackendGraph:  CompressedPak pak cache file ../../../../../../Users/na127140/Documents/GitHub/Procedurally-Generated-Forest/Sekirime_Skills/DerivedDataCache/Compressed.ddp not found, will not use a pak cache.
[2019.09.19-18.19.12:839][  0]LogDerivedDataCache: Unable to find inner node CompressedPak for hierarchical cache Hierarchy.
[2019.09.19-18.19.12:851][  0]LogDerivedDataCache: Display: Pak cache opened for reading ../../../Engine/DerivedDataCache/Compressed.ddp.
[2019.09.19-18.19.12:854][  0]LogDerivedDataCache: Display: Pak cache opened for reading ../../../Enterprise/DerivedDataCache/Compressed.ddp.
[2019.09.19-18.19.12:866][  0]LogDerivedDataCache: Using Local data cache path C:/Users/na127140/AppData/Local/UnrealEngine/Common/DerivedDataCache: Writable
[2019.09.19-18.19.12:866][  0]LogDerivedDataCache: Shared data cache path not found in *engine.ini, will not use an Shared cache.
[2019.09.19-18.19.12:866][  0]LogDerivedDataCache: Unable to find inner node Shared for hierarchical cache Hierarchy.
[2019.09.19-18.19.12:887][  0]LogMaterial: Verifying Global Shaders for PCD3D_SM5
[2019.09.19-18.19.12:888][  0]LogSlate: Using FreeType 2.6.0
[2019.09.19-18.19.12:889][  0]LogSlate: SlateFontServices - WITH_FREETYPE: 1, WITH_HARFBUZZ: 1
[2019.09.19-18.19.12:967][  0]LogAssetRegistry: FAssetRegistry took 0.0332 seconds to start up
[2019.09.19-18.19.13:269][  0]LogInit: Selected Device Profile: [Windows]
[2019.09.19-18.19.13:405][  0]LogMeshReduction: Using QuadricMeshReduction for automatic static mesh reduction
[2019.09.19-18.19.13:405][  0]LogMeshReduction: Using SimplygonMeshReduction for automatic skeletal mesh reduction
[2019.09.19-18.19.13:405][  0]LogMeshReduction: Using ProxyLODMeshReduction for automatic mesh merging
[2019.09.19-18.19.13:405][  0]LogMeshReduction: No distributed automatic mesh merging module available
[2019.09.19-18.19.13:405][  0]LogMeshMerging: No distributed automatic mesh merging module available
[2019.09.19-18.19.13:413][  0]LogNetVersion: Sekirime_Skills 1.0.0, NetCL: 5660361, EngineNetVer: 10, GameNetVer: 0 (Checksum: 342671649)
[2019.09.19-18.19.13:761][  0]LogPackageLocalizationCache: Processed 10 localized package path(s) for 1 prioritized culture(s) in 0.032406 seconds
[2019.09.19-18.19.13:766][  0]LogUObjectArray: 42205 objects as part of root set at end of initial load.
[2019.09.19-18.19.13:766][  0]LogUObjectAllocator: 7325032 out of 0 bytes used by permanent object pool.
[2019.09.19-18.19.13:766][  0]LogUObjectArray: CloseDisregardForGC: 0/0 objects in disregard for GC pool
[2019.09.19-18.19.14:505][  0]LogTcpMessaging: Initializing TcpMessaging bridge
[2019.09.19-18.19.14:517][  0]LogUdpMessaging: Initializing bridge on interface 0.0.0.0:0 to multicast group 230.0.0.1:6666.
[2019.09.19-18.19.14:735][  0]SourceControl: Source control is disabled
[2019.09.19-18.19.14:735][  0]SourceControl: Source control is disabled
[2019.09.19-18.19.14:736][  0]SourceControl: Source control is disabled
[2019.09.19-18.19.14:737][  0]SourceControl: Source control is disabled
[2019.09.19-18.19.14:791][  0]LogAndroidPermission: UAndroidPermissionCallbackProxy::GetInstance
[2019.09.19-18.19.14:893][  0]LogOcInput: OculusInput pre-init called
[2019.09.19-18.19.15:488][  0]LogEngine: Initializing Engine...
[2019.09.19-18.19.15:489][  0]LogHMD: Failed to initialize OpenVR with code 110
[2019.09.19-18.19.15:490][  0]LogStats: UGameplayTagsManager::InitializeManager -  0.000 s
[2019.09.19-18.19.15:676][  0]LogInit: Initializing FReadOnlyCVARCache
[2019.09.19-18.19.15:688][  0]LogAIModule: Creating AISystem for world Untitled
[2019.09.19-18.19.15:708][  0]LogInit: XAudio2 using 'DELL U2419H (NVIDIA High Definition Audio)' : 2 channels at 48 kHz using 16 bits per sample (channel mask 0x3)
[2019.09.19-18.19.15:722][  0]LogInit: FAudioDevice initialized.
[2019.09.19-18.19.15:722][  0]LogNetVersion: Set ProjectVersion to 1.0.0.0. Version Checksum will be recalculated on next use.
[2019.09.19-18.19.15:765][  0]LogDerivedDataCache: Saved boot cache 0.04s 75MB C:/Users/na127140/AppData/Local/UnrealEngine/4.22/DerivedDataCache/Boot.ddc.
[2019.09.19-18.19.15:776][  0]LogInit: Texture streaming: Enabled
[2019.09.19-18.19.15:791][  0]LogEngineSessionManager: EngineSessionManager initialized
[2019.09.19-18.19.15:791][  0]LogEngineSessionManager: EngineSessionManager sent abnormal shutdown report. Type=Crashed, SessionId={E1BDCBE3-4A20-EC3C-2364-BAB7FB974302}
[2019.09.19-18.19.15:817][  0]LogInit: Transaction tracking system initialized
[2019.09.19-18.19.15:839][  0]BlueprintLog: New page: Editor Load
[2019.09.19-18.19.15:907][  0]LocalizationService: Localization service is disabled
[2019.09.19-18.19.16:168][  0]LogFileCache: Scanning file cache for directory 'C:/Users/na127140/Documents/GitHub/Procedurally-Generated-Forest/Sekirime_Skills/Content/' took 0.01s
[2019.09.19-18.19.16:168][  0]LogCook: Display: Max memory allowance for cook 16384mb min free memory 0mb
[2019.09.19-18.19.16:168][  0]LogCook: Display: Mobile HDR setting 1
[2019.09.19-18.19.16:307][  0]SourceControl: Source control is disabled
[2019.09.19-18.19.16:308][  0]LightingResults: New page: Lighting Build
[2019.09.19-18.19.16:310][  0]MapCheck: New page: Map Check
[2019.09.19-18.19.16:310][  0]LightingResults: New page: Lighting Build
[2019.09.19-18.19.16:343][  0]LogUObjectHash: Compacting FUObjectHashTables data took   2.93ms
[2019.09.19-18.19.16:376][  0]LogLinker: Warning: Can't find file '/Game/ThirdPersonCPP/Maps/ThirdPersonExampleMap_BuiltData'
[2019.09.19-18.19.16:376][  0]LogLinker: Warning: Can't find file for asset '/Game/ThirdPersonCPP/Maps/ThirdPersonExampleMap_BuiltData' while loading NULL.
[2019.09.19-18.19.16:384][  0]LogLinker: Warning: Can't find file '/Game/ThirdPersonCPP/Maps/ThirdPersonExampleMap_BuiltData'
[2019.09.19-18.19.16:384][  0]LogLinker: Warning: Can't find file for asset '/Game/ThirdPersonCPP/Maps/ThirdPersonExampleMap_BuiltData' while loading NULL.
[2019.09.19-18.19.16:386][  0]LogLinker: Warning: Can't find file '/Game/ThirdPersonCPP/Maps/ThirdPersonExampleMap_BuiltData'
[2019.09.19-18.19.16:386][  0]LogLinker: Warning: Can't find file for asset '/Game/ThirdPersonCPP/Maps/ThirdPersonExampleMap_BuiltData' while loading NULL.
[2019.09.19-18.19.16:386][  0]LogLinker: Warning: Can't find file '/Game/ThirdPersonCPP/Maps/ThirdPersonExampleMap_BuiltData'
[2019.09.19-18.19.16:386][  0]LogLinker: Warning: Can't find file for asset '/Game/ThirdPersonCPP/Maps/ThirdPersonExampleMap_BuiltData' while loading NULL.
[2019.09.19-18.19.16:393][  0]LogLinker: Warning: Can't find file '/Game/ThirdPersonCPP/Maps/ThirdPersonExampleMap_BuiltData'
[2019.09.19-18.19.16:393][  0]LoadErrors: Failed to load /Game/ThirdPersonCPP/Maps/ThirdPersonExampleMap_BuiltData.ThirdPersonExampleMap_BuiltData Referenced by PersistentLevel
[2019.09.19-18.19.16:394][  0]LogLinker: Warning: Can't find file for asset '/Game/ThirdPersonCPP/Maps/ThirdPersonExampleMap_BuiltData' while loading NULL.
[2019.09.19-18.19.16:419][  0]LogAIModule: Creating AISystem for world ThirdPersonExampleMap
[2019.09.19-18.19.16:425][  0]LogEditorServer: Finished looking for orphan Actors (0.000 secs)
[2019.09.19-18.19.16:457][  0]LogUObjectHash: Compacting FUObjectHashTables data took   3.48ms
[2019.09.19-18.19.16:457][  0]Cmd: MAP CHECKDEP NOCLEARLOG
[2019.09.19-18.19.16:458][  0]MapCheck: Map check complete: 0 Error(s), 0 Warning(s), took 0.114ms to complete.
[2019.09.19-18.19.16:458][  0]LogFileHelpers: Loading map 'ThirdPersonExampleMap' took 0.150
[2019.09.19-18.19.16:562][  0]LogSlate: Updating window title bar state: overlay mode, drag disabled, window buttons hidden, title bar hidden
[2019.09.19-18.19.16:569][  0]LogSlate: Updating window title bar state: overlay mode, drag disabled, window buttons hidden, title bar hidden
[2019.09.19-18.19.16:576][  0]LogSlate: Updating window title bar state: overlay mode, drag disabled, window buttons hidden, title bar hidden
[2019.09.19-18.19.16:582][  0]LogSlate: Updating window title bar state: overlay mode, drag disabled, window buttons hidden, title bar hidden
[2019.09.19-18.19.16:587][  0]LogCollectionManager: Loaded 0 collections in 0.001441 seconds
[2019.09.19-18.19.16:602][  0]LogFileCache: Scanning file cache for directory 'C:/Users/na127140/Documents/GitHub/Procedurally-Generated-Forest/Sekirime_Skills/Saved/Collections/' took 0.01s
[2019.09.19-18.19.16:602][  0]LogFileCache: Scanning file cache for directory 'C:/Users/na127140/Documents/GitHub/Procedurally-Generated-Forest/Sekirime_Skills/Content/Developers/na127140/Collections/' took 0.00s
[2019.09.19-18.19.16:602][  0]LogFileCache: Scanning file cache for directory 'C:/Users/na127140/Documents/GitHub/Procedurally-Generated-Forest/Sekirime_Skills/Content/Collections/' took 0.00s
[2019.09.19-18.19.16:602][  0]LogCollectionManager: Rebuilt the GUID cache for 0 collections in 0.000000 seconds
[2019.09.19-18.19.16:611][  0]LogContentBrowser: Native class hierarchy populated in 0.0080 seconds. Added 2735 classes and 662 folders.
[2019.09.19-18.19.16:616][  0]LogContentBrowser: Native class hierarchy updated for 'WidgetCarousel' in 0.0003 seconds. Added 0 classes and 0 folders.
[2019.09.19-18.19.16:617][  0]LogPakFile: Registered encryption key '00000000000000000000000000000000': 0 pak files mounted, 0 remain pending
[2019.09.19-18.19.16:618][  0]LogPakFile: Registered encryption key '00000000000000000000000000000000': 0 pak files mounted, 0 remain pending
[2019.09.19-18.19.16:618][  0]LogPakFile: Registered encryption key '00000000000000000000000000000000': 0 pak files mounted, 0 remain pending
[2019.09.19-18.19.16:618][  0]LogPakFile: Registered encryption key '00000000000000000000000000000000': 0 pak files mounted, 0 remain pending
[2019.09.19-18.19.16:619][  0]LogPakFile: Registered encryption key '00000000000000000000000000000000': 0 pak files mounted, 0 remain pending
[2019.09.19-18.19.16:619][  0]LogPakFile: Registered encryption key '00000000000000000000000000000000': 0 pak files mounted, 0 remain pending
[2019.09.19-18.19.16:620][  0]LogPakFile: Registered encryption key '00000000000000000000000000000000': 0 pak files mounted, 0 remain pending
[2019.09.19-18.19.16:620][  0]LogPakFile: Registered encryption key '00000000000000000000000000000000': 0 pak files mounted, 0 remain pending
[2019.09.19-18.19.16:620][  0]LogPakFile: Registered encryption key '00000000000000000000000000000000': 0 pak files mounted, 0 remain pending
[2019.09.19-18.19.16:621][  0]LogPakFile: Registered encryption key '00000000000000000000000000000000': 0 pak files mounted, 0 remain pending
[2019.09.19-18.19.16:621][  0]LogPakFile: Registered encryption key '00000000000000000000000000000000': 0 pak files mounted, 0 remain pending
[2019.09.19-18.19.16:621][  0]LogPakFile: Registered encryption key '00000000000000000000000000000000': 0 pak files mounted, 0 remain pending
[2019.09.19-18.19.16:622][  0]LogPakFile: Registered encryption key '00000000000000000000000000000000': 0 pak files mounted, 0 remain pending
[2019.09.19-18.19.16:622][  0]LogPakFile: Registered encryption key '00000000000000000000000000000000': 0 pak files mounted, 0 remain pending
[2019.09.19-18.19.16:623][  0]LogPakFile: Registered encryption key '00000000000000000000000000000000': 0 pak files mounted, 0 remain pending
[2019.09.19-18.19.16:623][  0]LogPakFile: Registered encryption key '00000000000000000000000000000000': 0 pak files mounted, 0 remain pending
[2019.09.19-18.19.16:623][  0]LogPakFile: Registered encryption key '00000000000000000000000000000000': 0 pak files mounted, 0 remain pending
[2019.09.19-18.19.16:624][  0]LogPakFile: Registered encryption key '00000000000000000000000000000000': 0 pak files mounted, 0 remain pending
[2019.09.19-18.19.16:624][  0]LogPakFile: Registered encryption key '00000000000000000000000000000000': 0 pak files mounted, 0 remain pending
[2019.09.19-18.19.16:624][  0]LogPakFile: Registered encryption key '00000000000000000000000000000000': 0 pak files mounted, 0 remain pending
[2019.09.19-18.19.16:625][  0]LogPakFile: Registered encryption key '00000000000000000000000000000000': 0 pak files mounted, 0 remain pending
[2019.09.19-18.19.16:625][  0]LogPakFile: Registered encryption key '00000000000000000000000000000000': 0 pak files mounted, 0 remain pending
[2019.09.19-18.19.16:626][  0]LogPakFile: Registered encryption key '00000000000000000000000000000000': 0 pak files mounted, 0 remain pending
[2019.09.19-18.19.16:626][  0]LogPakFile: Registered encryption key '00000000000000000000000000000000': 0 pak files mounted, 0 remain pending
[2019.09.19-18.19.16:626][  0]LogPakFile: Registered encryption key '00000000000000000000000000000000': 0 pak files mounted, 0 remain pending
[2019.09.19-18.19.16:627][  0]LogPakFile: Registered encryption key '00000000000000000000000000000000': 0 pak files mounted, 0 remain pending
[2019.09.19-18.19.16:627][  0]LogPakFile: Registered encryption key '00000000000000000000000000000000': 0 pak files mounted, 0 remain pending
[2019.09.19-18.19.16:628][  0]LogPakFile: Registered encryption key '00000000000000000000000000000000': 0 pak files mounted, 0 remain pending
[2019.09.19-18.19.16:653][  0]LogContentBrowser: Native class hierarchy updated for 'AddContentDialog' in 0.0003 seconds. Added 0 classes and 0 folders.
[2019.09.19-18.19.16:657][  0]LogContentBrowser: Native class hierarchy updated for 'SceneOutliner' in 0.0003 seconds. Added 1 classes and 2 folders.
[2019.09.19-18.19.16:690][  0]LogSlate: Took 0.000123 seconds to synchronously load lazily loaded font '../../../Engine/Content/Slate/Fonts/Roboto-Regular.ttf' (155K)
[2019.09.19-18.19.16:691][  0]LogSlate: Took 0.000101 seconds to synchronously load lazily loaded font '../../../Engine/Content/Slate/Fonts/Roboto-Bold.ttf' (160K)
[2019.09.19-18.19.16:696][  0]LogSlate: Took 0.000100 seconds to synchronously load lazily loaded font '../../../Engine/Content/Editor/Slate/Fonts/FontAwesome.ttf' (139K)
[2019.09.19-18.19.16:757][  0]LogRenderer: Reallocating scene render targets to support 1208x572 Format 10 NumSamples 1 (Frame:1).
[2019.09.19-18.19.16:831][  0]LogSlate: FSceneViewport::OnFocusLost() reason 2
[2019.09.19-18.19.16:842][  0]LogSlate: Window 'Tutorials' being destroyed
[2019.09.19-18.19.16:872][  0]LogContentBrowser: Native class hierarchy updated for 'HierarchicalLODOutliner' in 0.0003 seconds. Added 0 classes and 0 folders.
[2019.09.19-18.19.16:872][  0]LogLoad: (Engine Initialization) Total time: 7.89 seconds
[2019.09.19-18.19.16:872][  0]LogLoad: (Engine Initialization) Total Blueprint compile time: 0.00 seconds
[2019.09.19-18.19.16:902][  0]LogAssetRegistry: Asset discovery search completed in 3.9577 seconds
[2019.09.19-18.19.16:904][  0]LogCollectionManager: Rebuilt the object cache for 0 collections in 0.000000 seconds (found 0 objects)
[2019.09.19-18.19.16:904][  0]LogCollectionManager: Fixed up redirectors for 0 collections in 0.000037 seconds (updated 0 objects)
[2019.09.19-18.19.16:905][  0]LogContentStreaming: Texture pool size now 1000 MB
[2019.09.19-18.19.16:913][  0]LogSlate: FSceneViewport::OnFocusLost() reason 2
[2019.09.19-18.19.16:926][  0]LogSlate: Took 0.000100 seconds to synchronously load lazily loaded font '../../../Engine/Content/Slate/Fonts/Roboto-Light.ttf' (167K)
[2019.09.19-18.20.06:864][972]Candidate modules for hot reload:
[2019.09.19-18.20.06:864][972]  Sekirime_Skills
[2019.09.19-18.20.06:864][972]Launching UnrealBuildTool... [C:/Program Files/Epic Games/UE_4.22/Engine/Binaries/DotNET/UnrealBuildTool.exe  -ModuleWithSuffix=Sekirime_Skills,5073 Win64 Development -TargetType=Editor -Project="C:/Users/na127140/Documents/GitHub/Procedurally-Generated-Forest/Sekirime_Skills/Sekirime_Skills.uproject" "C:/Users/na127140/Documents/GitHub/Procedurally-Generated-Forest/Sekirime_Skills/Sekirime_Skills.uproject"  -IgnoreJunk]
[2019.09.19-18.20.06:867][972]Warning: Starting HotReload took  0.0s.
[2019.09.19-18.20.16:074][410]CompilerResultsLog: New page: Compilation - Sep 19, 2019, 10:20:16 AM
[2019.09.19-18.20.16:074][410]CompilerResultsLog: Using 'git status' to determine working set for adaptive non-unity build (C:\Users\na127140\Documents\GitHub\Procedurally-Generated-Forest).
[2019.09.19-18.20.16:074][410]CompilerResultsLog: Creating makefile for Sekirime_SkillsEditor (ini files are newer than makefile)
[2019.09.19-18.20.16:074][410]CompilerResultsLog: Parsing headers for Sekirime_SkillsEditor
[2019.09.19-18.20.16:074][410]CompilerResultsLog:   Running UnrealHeaderTool "C:\Users\na127140\Documents\GitHub\Procedurally-Generated-Forest\Sekirime_Skills\Sekirime_Skills.uproject" "C:\Users\na127140\Documents\GitHub\Procedurally-Generated-Forest\Sekirime_Skills\Intermediate\Build\Win64\Sekirime_SkillsEditor\Development\Sekirime_SkillsEditor.uhtmanifest" -LogCmds="loginit warning, logexit warning, logdatabase error" -Unattended -WarningsAsErrors -installed
[2019.09.19-18.20.16:074][410]CompilerResultsLog: Reflection code generated for Sekirime_SkillsEditor in 5.8945794 seconds
[2019.09.19-18.20.16:074][410]CompilerResultsLog: Using Visual Studio 2019 14.16.27023 toolchain (C:\Program Files (x86)\Microsoft Visual Studio\2019\Community\VC\Tools\MSVC\14.16.27023) and Windows 10.0.16299.0 SDK (C:\Program Files (x86)\Windows Kits\10).
[2019.09.19-18.20.16:074][410]CompilerResultsLog: Distributing 3 actions to XGE
[2019.09.19-18.20.16:074][410]CompilerResultsLog: --------------------Build System Warning---------------------------------------
[2019.09.19-18.20.16:074][410]CompilerResultsLog: License is invalid:
[2019.09.19-18.20.16:074][410]CompilerResultsLog:     License information is invalid. Please try reloading your license file using the Coordinator Monitor application on the Coordinator machine, or reinstall IncrediBuild.
[2019.09.19-18.20.16:074][410]CompilerResultsLog:     This build will run in standalone mode.
[2019.09.19-18.20.16:074][410]CompilerResultsLog: 
[2019.09.19-18.20.16:074][410]CompilerResultsLog: -------------------------------------------------------------------------------
[2019.09.19-18.20.16:074][410]CompilerResultsLog: --------------------Project: Default-------------------------------------------
[2019.09.19-18.20.16:074][410]CompilerResultsLog: UE4Editor-Sekirime_Skills-5073.dll (0:00.92 at +0:00)
[2019.09.19-18.20.16:075][410]CompilerResultsLog:    Creating library C:\Users\na127140\Documents\GitHub\Procedurally-Generated-Forest\Sekirime_Skills\Intermediate\Build\Win64\UE4Editor\Development\Sekirime_Skills\UE4Editor-Sekirime_Skills-5073.suppressed.lib and object C:\Users\na127140\Documents\GitHub\Procedurally-Generated-Forest\Sekirime_Skills\Intermediate\Build\Win64\UE4Editor\Development\Sekirime_Skills\UE4Editor-Sekirime_Skills-5073.suppressed.exp
[2019.09.19-18.20.16:075][410]CompilerResultsLog: UE4Editor-Sekirime_Skills-5073.lib (0:00.10 at +0:00)
[2019.09.19-18.20.16:075][410]CompilerResultsLog:    Creating library C:\Users\na127140\Documents\GitHub\Procedurally-Generated-Forest\Sekirime_Skills\Intermediate\Build\Win64\UE4Editor\Development\Sekirime_Skills\UE4Editor-Sekirime_Skills-5073.lib and object C:\Users\na127140\Documents\GitHub\Procedurally-Generated-Forest\Sekirime_Skills\Intermediate\Build\Win64\UE4Editor\Development\Sekirime_Skills\UE4Editor-Sekirime_Skills-5073.exp
[2019.09.19-18.20.16:075][410]CompilerResultsLog: Sekirime_SkillsEditor.target (0:00.17 at +0:01)
[2019.09.19-18.20.16:075][410]CompilerResultsLog: ---------------------- Done ----------------------
[2019.09.19-18.20.16:075][410]CompilerResultsLog: 
[2019.09.19-18.20.16:075][410]CompilerResultsLog:     Rebuild All: 1 succeeded, 0 failed, 0 skipped
[2019.09.19-18.20.16:075][410]CompilerResultsLog: 
[2019.09.19-18.20.16:075][410]CompilerResultsLog: 1 build system warning(s):
[2019.09.19-18.20.16:075][410]CompilerResultsLog:    - License is invalid
[2019.09.19-18.20.16:075][410]CompilerResultsLog: 
[2019.09.19-18.20.16:075][410]CompilerResultsLog: Total time in XGE executor: 1.40 seconds
[2019.09.19-18.20.16:075][410]CompilerResultsLog: Total execution time: 9.02 seconds
[2019.09.19-18.20.16:075][410]LogMainFrame: MainFrame: Module compiling took 9.213 seconds
[2019.09.19-18.20.16:103][410]LogUObjectHash: Compacting FUObjectHashTables data took   1.43ms
[2019.09.19-18.20.16:119][410]LogClass: TerrainSegmentType HotReload.
[2019.09.19-18.20.16:124][410]LogContentBrowser: Native class hierarchy updated for 'Sekirime_Skills' in 0.0004 seconds. Added 3 classes and 3 folders.
[2019.09.19-18.20.16:125][410]Display: HotReload successful (1 functions remapped  1 scriptstructs remapped)
[2019.09.19-18.20.16:331][410]LogUObjectHash: Compacting FUObjectHashTables data took   1.68ms
[2019.09.19-18.20.16:342][410]LogContentBrowser: Native class hierarchy populated in 0.0075 seconds. Added 2736 classes and 664 folders.
[2019.09.19-18.20.16:342][410]Display: HotReload took  9.5s.
[2019.09.19-18.20.25:347][933]LogSlate: Took 0.000121 seconds to synchronously load lazily loaded font '../../../Engine/Content/Slate/Fonts/Roboto-Light.ttf' (167K)
[2019.09.19-18.20.25:362][933]LogClass: Warning: Property TerrainSegments of TerrainSegments has a struct type mismatch (tag HOTRELOADED_TerrainSegmentType_2 != prop TerrainSegmentType) in package:  ../../../../../../Users/na127140/Documents/GitHub/Procedurally-Generated-Forest/Sekirime_Skills/Content/Levels/Procedural_Forest_Test.umap. If that struct got renamed, add an entry to ActiveStructRedirects.
[2019.09.19-18.20.25:362][933]LogAIModule: Creating AISystem for world Procedural_Forest_Test
[2019.09.19-18.20.25:366][933]LogAssetEditorManager: Opening Asset editor for World /Game/Levels/Procedural_Forest_Test.Procedural_Forest_Test
[2019.09.19-18.20.25:398][933]LogUObjectHash: Compacting FUObjectHashTables data took   2.61ms
[2019.09.19-18.20.25:399][933]Cmd: MAP LOAD FILE="../../../../../../Users/na127140/Documents/GitHub/Procedurally-Generated-Forest/Sekirime_Skills/Content/Levels/Procedural_Forest_Test.umap" TEMPLATE=0 SHOWPROGRESS=1 FEATURELEVEL=3
[2019.09.19-18.20.25:399][933]LightingResults: New page: Lighting Build
[2019.09.19-18.20.25:400][933]LoadErrors: New page: Loading map: Procedural_Forest_Test.umap
[2019.09.19-18.20.25:400][933]MapCheck: New page: Map Check
[2019.09.19-18.20.25:400][933]LightingResults: New page: Lighting Build
[2019.09.19-18.20.25:433][933]LogUObjectHash: Compacting FUObjectHashTables data took   2.65ms
[2019.09.19-18.20.25:434][933]LogEditorServer: Finished looking for orphan Actors (0.000 secs)
[2019.09.19-18.20.25:469][933]LogUObjectHash: Compacting FUObjectHashTables data took   1.49ms
[2019.09.19-18.20.25:492][933]Cmd: MAP CHECKDEP NOCLEARLOG
[2019.09.19-18.20.25:493][933]MapCheck: Map check complete: 0 Error(s), 0 Warning(s), took 0.092ms to complete.
[2019.09.19-18.20.25:493][933]LogFileHelpers: Loading map 'Procedural_Forest_Test' took 0.094
[2019.09.19-18.20.31:760][681]LogTemp: Repeating last play command: Selected Viewport
[2019.09.19-18.20.31:775][681]LogBlueprintUserMessages: Early PlayInEditor Detection: Level '/Game/Levels/Procedural_Forest_Test.Procedural_Forest_Test:PersistentLevel' has LevelScriptBlueprint '/Game/Levels/Procedural_Forest_Test.Procedural_Forest_Test:PersistentLevel.Procedural_Forest_Test' with GeneratedClass '/Game/Levels/Procedural_Forest_Test.Procedural_Forest_Test_C' with ClassGeneratedBy '/Game/Levels/Procedural_Forest_Test.Procedural_Forest_Test:PersistentLevel.Procedural_Forest_Test'
[2019.09.19-18.20.31:775][681]LogPlayLevel: PlayLevel: No blueprints needed recompiling
[2019.09.19-18.20.31:775][681]PIE: New page: PIE session: Procedural_Forest_Test (Sep 19, 2019, 10:20:31 AM)
[2019.09.19-18.20.31:788][681]LogPlayLevel: Creating play world package: /Game/Levels/UEDPIE_0_Procedural_Forest_Test
[2019.09.19-18.20.31:789][681]LogPlayLevel: PIE: StaticDuplicateObject took: (0.000975s)
[2019.09.19-18.20.31:789][681]LogAIModule: Creating AISystem for world Procedural_Forest_Test
[2019.09.19-18.20.31:789][681]LogPlayLevel: PIE: World Init took: (0.000540s)
[2019.09.19-18.20.31:789][681]LogPlayLevel: PIE: Created PIE world by copying editor world from /Game/Levels/Procedural_Forest_Test.Procedural_Forest_Test to /Game/Levels/UEDPIE_0_Procedural_Forest_Test.Procedural_Forest_Test (0.001716s)
[2019.09.19-18.20.31:824][681]LogUObjectHash: Compacting FUObjectHashTables data took   1.40ms
[2019.09.19-18.20.31:837][681]LogInit: XAudio2 using 'DELL U2419H (NVIDIA High Definition Audio)' : 2 channels at 48 kHz using 16 bits per sample (channel mask 0x3)
[2019.09.19-18.20.31:846][681]LogInit: FAudioDevice initialized.
[2019.09.19-18.20.31:884][681]LogLoad: Game class is 'Sekirime_SkillsGameMode'
[2019.09.19-18.20.31:885][681]LogWorld: Bringing World /Game/Levels/UEDPIE_0_Procedural_Forest_Test.Procedural_Forest_Test up for play (max tick rate 0) at 2019.09.19-14.20.31
[2019.09.19-18.20.31:885][681]LogWorld: Bringing up level for play took: 0.000282
[2019.09.19-18.20.31:917][681]LogContentBrowser: Native class hierarchy updated for 'MovieSceneCapture' in 0.0004 seconds. Added 20 classes and 0 folders.
[2019.09.19-18.20.31:919][681]LogBlueprintUserMessages: [Procedural_Forest_Test_C_16] Welcome to Nabil Sekirime's demonstration of a procedurally generated forest

Press P to view author of the skills test, and press O to view test objectives
[2019.09.19-18.20.31:919][681]PIE: Play in editor start time for /Game/Levels/UEDPIE_0_Procedural_Forest_Test 0.122
[2019.09.19-18.20.31:919][681]LogBlueprintUserMessages: Late PlayInEditor Detection: Level '/Game/Levels/Procedural_Forest_Test.Procedural_Forest_Test:PersistentLevel' has LevelScriptBlueprint '/Game/Levels/Procedural_Forest_Test.Procedural_Forest_Test:PersistentLevel.Procedural_Forest_Test' with GeneratedClass '/Game/Levels/Procedural_Forest_Test.Procedural_Forest_Test_C' with ClassGeneratedBy '/Game/Levels/Procedural_Forest_Test.Procedural_Forest_Test:PersistentLevel.Procedural_Forest_Test'
[2019.09.19-18.41.32:861][573]LogBlueprintUserMessages: Early EndPlayMap Detection: Level '/Game/Levels/Procedural_Forest_Test.Procedural_Forest_Test:PersistentLevel' has LevelScriptBlueprint '/Game/Levels/Procedural_Forest_Test.Procedural_Forest_Test:PersistentLevel.Procedural_Forest_Test' with GeneratedClass '/Game/Levels/Procedural_Forest_Test.Procedural_Forest_Test_C' with ClassGeneratedBy '/Game/Levels/Procedural_Forest_Test.Procedural_Forest_Test:PersistentLevel.Procedural_Forest_Test'
[2019.09.19-18.41.32:861][573]LogSlate: Updating window title bar state: overlay mode, drag disabled, window buttons hidden, title bar hidden
[2019.09.19-18.41.32:892][573]LogPlayLevel: Display: Shutting down PIE online subsystems
[2019.09.19-18.41.32:893][573]LogBlueprintUserMessages: Late EndPlayMap Detection: Level '/Game/Levels/Procedural_Forest_Test.Procedural_Forest_Test:PersistentLevel' has LevelScriptBlueprint '/Game/Levels/Procedural_Forest_Test.Procedural_Forest_Test:PersistentLevel.Procedural_Forest_Test' with GeneratedClass '/Game/Levels/Procedural_Forest_Test.Procedural_Forest_Test_C' with ClassGeneratedBy '/Game/Levels/Procedural_Forest_Test.Procedural_Forest_Test:PersistentLevel.Procedural_Forest_Test'
[2019.09.19-18.41.32:926][573]LogSlate: Updating window title bar state: overlay mode, drag disabled, window buttons hidden, title bar hidden
[2019.09.19-18.41.32:929][573]LogUObjectHash: Compacting FUObjectHashTables data took   2.38ms
[2019.09.19-18.41.32:961][577]LogPlayLevel: Display: Destroying online subsystem :Context_1
[2019.09.19-18.41.35:886][928]LogTemp: Repeating last play command: Selected Viewport
[2019.09.19-18.41.35:899][928]LogBlueprintUserMessages: Early PlayInEditor Detection: Level '/Game/Levels/Procedural_Forest_Test.Procedural_Forest_Test:PersistentLevel' has LevelScriptBlueprint '/Game/Levels/Procedural_Forest_Test.Procedural_Forest_Test:PersistentLevel.Procedural_Forest_Test' with GeneratedClass '/Game/Levels/Procedural_Forest_Test.Procedural_Forest_Test_C' with ClassGeneratedBy '/Game/Levels/Procedural_Forest_Test.Procedural_Forest_Test:PersistentLevel.Procedural_Forest_Test'
[2019.09.19-18.41.35:899][928]LogPlayLevel: PlayLevel: No blueprints needed recompiling
[2019.09.19-18.41.35:899][928]PIE: New page: PIE session: Procedural_Forest_Test (Sep 19, 2019, 10:41:35 AM)
[2019.09.19-18.41.35:899][928]LogPlayLevel: Creating play world package: /Game/Levels/UEDPIE_0_Procedural_Forest_Test
[2019.09.19-18.41.35:900][928]LogPlayLevel: PIE: StaticDuplicateObject took: (0.001007s)
[2019.09.19-18.41.35:901][928]LogAIModule: Creating AISystem for world Procedural_Forest_Test
[2019.09.19-18.41.35:901][928]LogPlayLevel: PIE: World Init took: (0.000572s)
[2019.09.19-18.41.35:901][928]LogPlayLevel: PIE: Created PIE world by copying editor world from /Game/Levels/Procedural_Forest_Test.Procedural_Forest_Test to /Game/Levels/UEDPIE_0_Procedural_Forest_Test.Procedural_Forest_Test (0.001676s)
[2019.09.19-18.41.35:936][928]LogUObjectHash: Compacting FUObjectHashTables data took   1.49ms
[2019.09.19-18.41.35:949][928]LogInit: XAudio2 using 'DELL U2419H (NVIDIA High Definition Audio)' : 2 channels at 48 kHz using 16 bits per sample (channel mask 0x3)
[2019.09.19-18.41.35:958][928]LogInit: FAudioDevice initialized.
[2019.09.19-18.41.35:989][928]LogLoad: Game class is 'Sekirime_SkillsGameMode'
[2019.09.19-18.41.35:990][928]LogWorld: Bringing World /Game/Levels/UEDPIE_0_Procedural_Forest_Test.Procedural_Forest_Test up for play (max tick rate 0) at 2019.09.19-14.41.35
[2019.09.19-18.41.35:990][928]LogWorld: Bringing up level for play took: 0.000285
[2019.09.19-18.41.36:002][928]LogBlueprintUserMessages: [Procedural_Forest_Test_C_16] Welcome to Nabil Sekirime's demonstration of a procedurally generated forest

Press P to view author of the skills test, and press O to view test objectives
[2019.09.19-18.41.36:003][928]PIE: Play in editor start time for /Game/Levels/UEDPIE_0_Procedural_Forest_Test 0.185
[2019.09.19-18.41.36:003][928]LogBlueprintUserMessages: Late PlayInEditor Detection: Level '/Game/Levels/Procedural_Forest_Test.Procedural_Forest_Test:PersistentLevel' has LevelScriptBlueprint '/Game/Levels/Procedural_Forest_Test.Procedural_Forest_Test:PersistentLevel.Procedural_Forest_Test' with GeneratedClass '/Game/Levels/Procedural_Forest_Test.Procedural_Forest_Test_C' with ClassGeneratedBy '/Game/Levels/Procedural_Forest_Test.Procedural_Forest_Test:PersistentLevel.Procedural_Forest_Test'
[2019.09.19-18.44.36:143][129]LogBlueprintUserMessages: Early EndPlayMap Detection: Level '/Game/Levels/Procedural_Forest_Test.Procedural_Forest_Test:PersistentLevel' has LevelScriptBlueprint '/Game/Levels/Procedural_Forest_Test.Procedural_Forest_Test:PersistentLevel.Procedural_Forest_Test' with GeneratedClass '/Game/Levels/Procedural_Forest_Test.Procedural_Forest_Test_C' with ClassGeneratedBy '/Game/Levels/Procedural_Forest_Test.Procedural_Forest_Test:PersistentLevel.Procedural_Forest_Test'
[2019.09.19-18.44.36:144][129]LogSlate: Updating window title bar state: overlay mode, drag disabled, window buttons hidden, title bar hidden
[2019.09.19-18.44.36:174][129]LogPlayLevel: Display: Shutting down PIE online subsystems
[2019.09.19-18.44.36:174][129]LogBlueprintUserMessages: Late EndPlayMap Detection: Level '/Game/Levels/Procedural_Forest_Test.Procedural_Forest_Test:PersistentLevel' has LevelScriptBlueprint '/Game/Levels/Procedural_Forest_Test.Procedural_Forest_Test:PersistentLevel.Procedural_Forest_Test' with GeneratedClass '/Game/Levels/Procedural_Forest_Test.Procedural_Forest_Test_C' with ClassGeneratedBy '/Game/Levels/Procedural_Forest_Test.Procedural_Forest_Test:PersistentLevel.Procedural_Forest_Test'
[2019.09.19-18.44.36:208][129]LogSlate: Updating window title bar state: overlay mode, drag disabled, window buttons hidden, title bar hidden
[2019.09.19-18.44.36:211][129]LogUObjectHash: Compacting FUObjectHashTables data took   1.48ms
[2019.09.19-18.44.36:251][134]LogPlayLevel: Display: Destroying online subsystem :Context_2
[2019.09.19-18.44.39:411][513]LogHotReload: New module detected: UE4Editor-Sekirime_Skills-0002.dll
[2019.09.19-18.44.40:691][591]LogHotReload: Starting Hot-Reload from IDE
[2019.09.19-18.44.40:739][591]LogUObjectHash: Compacting FUObjectHashTables data took   0.56ms
[2019.09.19-18.44.40:759][591]LogClass: TerrainSegmentType HotReload.
[2019.09.19-18.44.40:764][591]LogContentBrowser: Native class hierarchy updated for 'Sekirime_Skills' in 0.0004 seconds. Added 3 classes and 3 folders.
[2019.09.19-18.44.40:766][591]Display: HotReload successful (1 functions remapped  1 scriptstructs remapped)
[2019.09.19-18.44.40:816][591]LogUObjectHash: Compacting FUObjectHashTables data took   1.67ms
[2019.09.19-18.44.40:829][591]LogContentBrowser: Native class hierarchy populated in 0.0083 seconds. Added 2736 classes and 664 folders.
[2019.09.19-18.44.40:830][591]Display: HotReload took  0.1s.
[2019.09.19-18.44.44:665][ 51]LogTemp: Repeating last play command: Selected Viewport
[2019.09.19-18.44.44:681][ 51]LogBlueprintUserMessages: Early PlayInEditor Detection: Level '/Game/Levels/Procedural_Forest_Test.Procedural_Forest_Test:PersistentLevel' has LevelScriptBlueprint '/Game/Levels/Procedural_Forest_Test.Procedural_Forest_Test:PersistentLevel.Procedural_Forest_Test' with GeneratedClass '/Game/Levels/Procedural_Forest_Test.Procedural_Forest_Test_C' with ClassGeneratedBy '/Game/Levels/Procedural_Forest_Test.Procedural_Forest_Test:PersistentLevel.Procedural_Forest_Test'
[2019.09.19-18.44.44:681][ 51]LogPlayLevel: PlayLevel: No blueprints needed recompiling
[2019.09.19-18.44.44:681][ 51]PIE: New page: PIE session: Procedural_Forest_Test (Sep 19, 2019, 10:44:44 AM)
[2019.09.19-18.44.44:681][ 51]LogPlayLevel: Creating play world package: /Game/Levels/UEDPIE_0_Procedural_Forest_Test
[2019.09.19-18.44.44:682][ 51]LogPlayLevel: PIE: StaticDuplicateObject took: (0.000897s)
[2019.09.19-18.44.44:682][ 51]LogAIModule: Creating AISystem for world Procedural_Forest_Test
[2019.09.19-18.44.44:683][ 51]LogPlayLevel: PIE: World Init took: (0.000516s)
[2019.09.19-18.44.44:683][ 51]LogPlayLevel: PIE: Created PIE world by copying editor world from /Game/Levels/Procedural_Forest_Test.Procedural_Forest_Test to /Game/Levels/UEDPIE_0_Procedural_Forest_Test.Procedural_Forest_Test (0.001505s)
[2019.09.19-18.44.44:716][ 51]LogUObjectHash: Compacting FUObjectHashTables data took   1.41ms
[2019.09.19-18.44.44:729][ 51]LogInit: XAudio2 using 'DELL U2419H (NVIDIA High Definition Audio)' : 2 channels at 48 kHz using 16 bits per sample (channel mask 0x3)
[2019.09.19-18.44.44:738][ 51]LogInit: FAudioDevice initialized.
[2019.09.19-18.44.44:770][ 51]LogLoad: Game class is 'Sekirime_SkillsGameMode'
[2019.09.19-18.44.44:771][ 51]LogWorld: Bringing World /Game/Levels/UEDPIE_0_Procedural_Forest_Test.Procedural_Forest_Test up for play (max tick rate 0) at 2019.09.19-14.44.44
[2019.09.19-18.44.44:771][ 51]LogWorld: Bringing up level for play took: 0.000263
[2019.09.19-18.44.44:785][ 51]LogBlueprintUserMessages: [Procedural_Forest_Test_C_16] Welcome to Nabil Sekirime's demonstration of a procedurally generated forest

Press P to view author of the skills test, and press O to view test objectives
[2019.09.19-18.44.44:785][ 51]PIE: Play in editor start time for /Game/Levels/UEDPIE_0_Procedural_Forest_Test 0.965
[2019.09.19-18.44.44:785][ 51]LogBlueprintUserMessages: Late PlayInEditor Detection: Level '/Game/Levels/Procedural_Forest_Test.Procedural_Forest_Test:PersistentLevel' has LevelScriptBlueprint '/Game/Levels/Procedural_Forest_Test.Procedural_Forest_Test:PersistentLevel.Procedural_Forest_Test' with GeneratedClass '/Game/Levels/Procedural_Forest_Test.Procedural_Forest_Test_C' with ClassGeneratedBy '/Game/Levels/Procedural_Forest_Test.Procedural_Forest_Test:PersistentLevel.Procedural_Forest_Test'
[2019.09.19-18.51.19:809][ 98]LogAssetEditorManager: Opening Asset editor for World /Game/Levels/NewWorld.NewWorld
[2019.09.19-18.51.19:843][ 98]LogUObjectHash: Compacting FUObjectHashTables data took   2.10ms
[2019.09.19-18.51.22:000][ 98]LogSlate: Window 'Save Content' being destroyed
[2019.09.19-18.51.22:037][ 98]LogUObjectHash: Compacting FUObjectHashTables data took   0.58ms
[2019.09.19-18.51.22:055][ 98]LogSavePackage: Moving '../../../../../../Users/na127140/Documents/GitHub/Procedurally-Generated-Forest/Sekirime_Skills/Saved/NewWorld485E9F3C44D25634AFFCC38E2F3F6D68.tmp' to '../../../../../../Users/na127140/Documents/GitHub/Procedurally-Generated-Forest/Sekirime_Skills/Content/Levels/NewWorld.umap'
[2019.09.19-18.51.22:059][ 98]LogFileHelpers: Saving map 'NewWorld' took 0.053
[2019.09.19-18.51.23:685][ 98]LogSlate: Window 'Message' being destroyed
[2019.09.19-18.51.23:689][ 98]LogBlueprintUserMessages: Early EndPlayMap Detection: Level '/Game/Levels/Procedural_Forest_Test.Procedural_Forest_Test:PersistentLevel' has LevelScriptBlueprint '/Game/Levels/Procedural_Forest_Test.Procedural_Forest_Test:PersistentLevel.Procedural_Forest_Test' with GeneratedClass '/Game/Levels/Procedural_Forest_Test.Procedural_Forest_Test_C' with ClassGeneratedBy '/Game/Levels/Procedural_Forest_Test.Procedural_Forest_Test:PersistentLevel.Procedural_Forest_Test'
[2019.09.19-18.51.23:695][ 98]LogSlate: Updating window title bar state: overlay mode, drag disabled, window buttons hidden, title bar hidden
[2019.09.19-18.51.23:719][ 98]LogPlayLevel: Display: Shutting down PIE online subsystems
[2019.09.19-18.51.23:720][ 98]LogBlueprintUserMessages: Late EndPlayMap Detection: Level '/Game/Levels/Procedural_Forest_Test.Procedural_Forest_Test:PersistentLevel' has LevelScriptBlueprint '/Game/Levels/Procedural_Forest_Test.Procedural_Forest_Test:PersistentLevel.Procedural_Forest_Test' with GeneratedClass '/Game/Levels/Procedural_Forest_Test.Procedural_Forest_Test_C' with ClassGeneratedBy '/Game/Levels/Procedural_Forest_Test.Procedural_Forest_Test:PersistentLevel.Procedural_Forest_Test'
[2019.09.19-18.51.23:754][ 98]LogSlate: Updating window title bar state: overlay mode, drag disabled, window buttons hidden, title bar hidden
[2019.09.19-18.51.23:757][ 98]LogUObjectHash: Compacting FUObjectHashTables data took   2.46ms
[2019.09.19-18.51.23:760][ 98]Cmd: MAP LOAD FILE="../../../../../../Users/na127140/Documents/GitHub/Procedurally-Generated-Forest/Sekirime_Skills/Content/Levels/NewWorld.umap" TEMPLATE=0 SHOWPROGRESS=1 FEATURELEVEL=3
[2019.09.19-18.51.23:773][ 98]LightingResults: New page: Lighting Build
[2019.09.19-18.51.23:774][ 98]LoadErrors: New page: Loading map: NewWorld.umap
[2019.09.19-18.51.23:774][ 98]MapCheck: New page: Map Check
[2019.09.19-18.51.23:774][ 98]LightingResults: New page: Lighting Build
[2019.09.19-18.51.23:809][ 98]LogUObjectHash: Compacting FUObjectHashTables data took   2.65ms
[2019.09.19-18.51.23:812][ 98]LogEditorServer: Finished looking for orphan Actors (0.000 secs)
[2019.09.19-18.51.23:812][ 98]LogAIModule: Creating AISystem for world NewWorld
[2019.09.19-18.51.23:843][ 98]LogUObjectHash: Compacting FUObjectHashTables data took   1.41ms
[2019.09.19-18.51.23:869][ 98]Cmd: MAP CHECKDEP NOCLEARLOG
[2019.09.19-18.51.23:869][ 98]MapCheck: Map check complete: 0 Error(s), 0 Warning(s), took 0.09ms to complete.
[2019.09.19-18.51.23:869][ 98]LogFileHelpers: Loading map 'NewWorld' took 1.810
[2019.09.19-18.51.23:912][ 99]LogPlayLevel: Display: Destroying online subsystem :Context_3
[2019.09.19-18.51.28:143][604]LogMaterial: Display: Missing cached shader map for material LayerVisMaterial, compiling. 
[2019.09.19-18.51.28:174][604]LogMaterial: Display: Missing cached shader map for material SelectBrushMaterial, compiling. 
[2019.09.19-18.51.28:204][604]LogMaterial: Display: Missing cached shader map for material SelectBrushMaterial, compiling. 
[2019.09.19-18.51.28:239][604]LogMaterial: Display: Missing cached shader map for material MaskBrushMaterial, compiling. 
[2019.09.19-18.51.28:295][604]LogMaterial: Display: Missing cached shader map for material LandscapeLayerUsageMaterial, compiling. 
[2019.09.19-18.51.28:360][604]LogMaterial: Display: Missing cached shader map for material CircleBrushMaterial, compiling. 
[2019.09.19-18.51.28:377][604]LogMaterial: Display: Missing cached shader map for material CircleBrushMaterial, compiling. 
[2019.09.19-18.51.28:399][604]LogMaterial: Display: Missing cached shader map for material CircleBrushMaterial, compiling. 
[2019.09.19-18.51.28:420][604]LogMaterial: Display: Missing cached shader map for material CircleBrushMaterial, compiling. 
[2019.09.19-18.51.28:447][604]LogMaterial: Display: Missing cached shader map for material AlphaBrushMaterial, compiling. 
[2019.09.19-18.51.28:469][604]LogMaterial: Display: Missing cached shader map for material CircleBrushMaterial, compiling. 
[2019.09.19-18.51.28:493][604]LogMaterial: Display: Missing cached shader map for material MaskBrushMaterial, compiling. 
[2019.09.19-18.51.28:509][604]LogTexture: Display: Building textures: Texture2D_2 (G8, 128X128)
[2019.09.19-18.51.45:491][634]LogSlate: FSceneViewport::OnFocusLost() reason 0
[2019.09.19-18.51.51:642][371]LogSlate: FSceneViewport::OnFocusLost() reason 0
[2019.09.19-18.51.52:628][380]LogTexture: Display: Building textures: Texture2D_0 (BGRA8, 512X512)
[2019.09.19-18.51.52:628][380]LogTexture: Display: Building textures: Texture2D_1 (BGRA8, 512X512)
[2019.09.19-18.51.52:628][380]LogTexture: Display: Building textures: Texture2D_2 (BGRA8, 512X512)
[2019.09.19-18.51.52:628][380]LogTexture: Display: Building textures: Texture2D_4 (BGRA8, 512X512)
[2019.09.19-18.51.52:628][380]LogTexture: Display: Building textures: Texture2D_3 (BGRA8, 512X512)
[2019.09.19-18.51.52:628][380]LogTexture: Display: Building textures: Texture2D_6 (BGRA8, 512X512)
[2019.09.19-18.51.52:628][380]LogTexture: Display: Building textures: Texture2D_5 (BGRA8, 512X512)
[2019.09.19-18.51.52:628][380]LogTexture: Display: Building textures: Texture2D_7 (BGRA8, 512X512)
[2019.09.19-18.51.52:628][380]LogTexture: Display: Building textures: Texture2D_8 (BGRA8, 512X512)
[2019.09.19-18.51.52:628][380]LogTexture: Display: Building textures: Texture2D_9 (BGRA8, 512X512)
[2019.09.19-18.51.52:628][380]LogTexture: Display: Building textures: Texture2D_10 (BGRA8, 512X512)
[2019.09.19-18.51.52:628][380]LogTexture: Display: Building textures: Texture2D_11 (BGRA8, 512X512)
[2019.09.19-18.51.52:628][380]LogTexture: Display: Building textures: Texture2D_12 (BGRA8, 512X512)
[2019.09.19-18.51.52:628][380]LogTexture: Display: Building textures: Texture2D_13 (BGRA8, 512X512)
[2019.09.19-18.51.52:630][380]LogTexture: Display: Building textures: Texture2D_14 (BGRA8, 512X512)
[2019.09.19-18.51.52:630][380]LogTexture: Display: Building textures: Texture2D_15 (BGRA8, 512X512)
[2019.09.19-18.51.52:671][380]LogMaterial: Display: Missing cached shader map for material WorldGridMaterial, compiling. Is special engine material.
