Log file open, 09/20/19 01:29:01
LogWindows: Failed to load 'aqProf.dll' (GetLastError=126)
LogWindows: File 'aqProf.dll' does not exist
LogWindows: Failed to load 'VtuneApi.dll' (GetLastError=126)
LogWindows: File 'VtuneApi.dll' does not exist
LogWindows: Failed to load 'VtuneApi32e.dll' (GetLastError=126)
LogWindows: File 'VtuneApi32e.dll' does not exist
LogConsoleResponse: Display: Failed to find resolution value strings in scalability ini. Falling back to default.
LogInit: Display: Running engine for game: Sekirime_Skills
LogPakFile: Registered encryption key '00000000000000000000000000000000': 0 pak files mounted, 0 remain pending
LogPlatformFile: Not using cached read wrapper
LogTaskGraph: Started task graph with 5 named threads and 47 total threads with 3 sets of task threads.
LogStats: Stats thread started at 0.529445
LogD3D11RHI: Loaded GFSDK_Aftermath_Lib.x64.dll
LogICUInternationalization: ICU TimeZone Detection - Raw Offset: -5:00, Platform Override: ''
LogPluginManager: Mounting plugin Paper2D
LogPluginManager: Mounting plugin AISupport
LogPluginManager: Mounting plugin LightPropagationVolume
LogPluginManager: Mounting plugin ActorLayerUtilities
LogPluginManager: Mounting plugin AnimationSharing
LogPluginManager: Mounting plugin CLionSourceCodeAccess
LogPluginManager: Mounting plugin CodeLiteSourceCodeAccess
LogPluginManager: Mounting plugin GitSourceControl
LogPluginManager: Mounting plugin KDevelopSourceCodeAccess
LogPluginManager: Mounting plugin NullSourceCodeAccess
LogPluginManager: Mounting plugin PerforceSourceControl
LogPluginManager: Mounting plugin SubversionSourceControl
LogPluginManager: Mounting plugin UObjectPlugin
LogPluginManager: Mounting plugin VisualStudioCodeSourceCodeAccess
LogPluginManager: Mounting plugin VisualStudioSourceCodeAccess
LogPluginManager: Mounting plugin XCodeSourceCodeAccess
LogPluginManager: Mounting plugin AssetManagerEditor
LogPluginManager: Mounting plugin CryptoKeys
LogPluginManager: Mounting plugin DataValidation
LogPluginManager: Mounting plugin FacialAnimation
LogPluginManager: Mounting plugin GameplayTagsEditor
LogPluginManager: Mounting plugin MacGraphicsSwitching
LogPluginManager: Mounting plugin MaterialAnalyzer
LogPluginManager: Mounting plugin MobileLauncherProfileWizard
LogPluginManager: Mounting plugin PluginBrowser
LogPluginManager: Mounting plugin SpeedTreeImporter
LogPluginManager: Mounting plugin DatasmithContent
LogPluginManager: Mounting plugin VariantManagerContent
LogPluginManager: Mounting plugin AlembicImporter
LogPluginManager: Mounting plugin AppleImageUtils
LogPluginManager: Mounting plugin AppleVision
LogPluginManager: Mounting plugin BackChannel
LogPluginManager: Mounting plugin CharacterAI
LogPluginManager: Mounting plugin GeometryCache
LogPluginManager: Mounting plugin HTML5Networking
LogPluginManager: Mounting plugin ProxyLODPlugin
LogPluginManager: Mounting plugin SkeletalReduction
LogPluginManager: Mounting plugin MagicLeap
LogPluginManager: Mounting plugin MagicLeapMedia
LogPluginManager: Mounting plugin AndroidMedia
LogPluginManager: Mounting plugin AvfMedia
LogPluginManager: Mounting plugin ImgMedia
LogPluginManager: Mounting plugin LinearTimecode
LogPluginManager: Mounting plugin MediaCompositing
LogPluginManager: Mounting plugin MediaPlayerEditor
LogPluginManager: Mounting plugin WebMMedia
LogPluginManager: Mounting plugin WmfMedia
LogPluginManager: Mounting plugin TcpMessaging
LogPluginManager: Mounting plugin UdpMessaging
LogPluginManager: Mounting plugin ActorSequence
LogPluginManager: Mounting plugin LevelSequenceEditor
LogPluginManager: Mounting plugin MatineeToLevelSequence
LogPluginManager: Mounting plugin NetcodeUnitTest
LogPluginManager: Mounting plugin NUTUnrealEngine4
LogPluginManager: Mounting plugin OnlineSubsystemGooglePlay
LogPluginManager: Mounting plugin OnlineSubsystemIOS
LogPluginManager: Mounting plugin OnlineSubsystem
LogPluginManager: Mounting plugin OnlineSubsystemNull
LogPluginManager: Mounting plugin OnlineSubsystemUtils
LogPluginManager: Mounting plugin LauncherChunkInstaller
LogPluginManager: Mounting plugin AndroidDeviceProfileSelector
LogPluginManager: Mounting plugin AndroidMoviePlayer
LogPluginManager: Mounting plugin AndroidPermission
LogPluginManager: Mounting plugin AppleMoviePlayer
LogPluginManager: Mounting plugin ArchVisCharacter
LogPluginManager: Mounting plugin AudioCapture
LogPluginManager: Mounting plugin CableComponent
LogPluginManager: Mounting plugin CustomMeshComponent
LogPluginManager: Mounting plugin EditableMesh
LogPluginManager: Mounting plugin ExampleDeviceProfileSelector
LogPluginManager: Mounting plugin Firebase
LogPluginManager: Mounting plugin GoogleCloudMessaging
LogPluginManager: Mounting plugin IOSDeviceProfileSelector
LogPluginManager: Mounting plugin LinuxDeviceProfileSelector
LogPluginManager: Mounting plugin LocationServicesBPLibrary
LogPluginManager: Mounting plugin MobilePatchingUtils
LogPluginManager: Mounting plugin OculusVR
LogPluginManager: Mounting plugin PhysXVehicles
LogPluginManager: Mounting plugin ProceduralMeshComponent
LogPluginManager: Mounting plugin RuntimePhysXCooking
LogPluginManager: Mounting plugin SignificanceManager
LogPluginManager: Mounting plugin SteamVR
LogPluginManager: Mounting plugin WebMMoviePlayer
LogPluginManager: Mounting plugin WindowsMoviePlayer
LogInit: Using libcurl 7.55.1-DEV
LogInit:  - built for x86_64-pc-win32
LogInit:  - supports SSL with OpenSSL/1.1.1
LogInit:  - supports HTTP deflate (compression) using libz 1.2.8
LogInit:  - other features:
LogInit:      CURL_VERSION_SSL
LogInit:      CURL_VERSION_LIBZ
LogInit:      CURL_VERSION_IPV6
LogInit:      CURL_VERSION_ASYNCHDNS
LogInit:      CURL_VERSION_LARGEFILE
LogInit:      CURL_VERSION_IDN
LogInit:  CurlRequestOptions (configurable via config and command line):
LogInit:  - bVerifyPeer = true  - Libcurl will verify peer certificate
LogInit:  - bUseHttpProxy = false  - Libcurl will NOT use HTTP proxy
LogInit:  - bDontReuseConnections = false  - Libcurl will reuse connections
LogInit:  - MaxHostConnections = 16  - Libcurl will limit the number of connections to a host
LogInit:  - LocalHostAddr = Default
LogInit:  - BufferSize = 65536
LogInit: WinSock: version 1.1 (2.2), MaxSocks=32767, MaxUdp=65467
LogInit: Build: ++UE4+Release-4.22-CL-7053642
LogInit: Engine Version: 4.22.3-7053642+++UE4+Release-4.22
LogInit: Compatible Engine Version: 4.22.0-5660361+++UE4+Release-4.22
LogInit: Net CL: 5660361
LogInit: OS: Windows 10 (Release 1903) (), CPU: AMD Ryzen 7 2700X Eight-Core Processor         , GPU: NVIDIA GeForce GTX 1050 Ti
LogInit: Compiled (64-bit): Jun 18 2019 03:09:11
LogInit: Compiled with Visual C++: 19.16.27025.01
LogInit: Build Configuration: Development
LogInit: Branch Name: ++UE4+Release-4.22
LogInit: Command Line:  -EpicPortal -epicusername=nabilatsoulcade -epicuserid=928abc309c314d0ab3d80cc11c86ff81 -epiclocale=en-US
LogInit: Base Directory: D:/Unreal/UE_4.22/Engine/Binaries/Win64/
LogInit: Installed Engine Build: 1
LogDevObjectVersion: Number of dev versions registered: 23
LogDevObjectVersion:   Dev-Blueprints (B0D832E4-1F89-4F0D-ACCF-7EB736FD4AA2): 10
LogDevObjectVersion:   Dev-Build (E1C64328-A22C-4D53-A36C-8E866417BD8C): 0
LogDevObjectVersion:   Dev-Core (375EC13C-06E4-48FB-B500-84F0262A717E): 3
LogDevObjectVersion:   Dev-Editor (E4B068ED-F494-42E9-A231-DA0B2E46BB41): 30
LogDevObjectVersion:   Dev-Framework (CFFC743F-43B0-4480-9391-14DF171D2073): 35
LogDevObjectVersion:   Dev-Mobile (B02B49B5-BB20-44E9-A304-32B752E40360): 2
LogDevObjectVersion:   Dev-Networking (A4E4105C-59A1-49B5-A7C5-40C4547EDFEE): 0
LogDevObjectVersion:   Dev-Online (39C831C9-5AE6-47DC-9A44-9C173E1C8E7C): 0
LogDevObjectVersion:   Dev-Physics (78F01B33-EBEA-4F98-B9B4-84EACCB95AA2): 0
LogDevObjectVersion:   Dev-Platform (6631380F-2D4D-43E0-8009-CF276956A95A): 0
LogDevObjectVersion:   Dev-Rendering (12F88B9F-8875-4AFC-A67C-D90C383ABD29): 28
LogDevObjectVersion:   Dev-Sequencer (7B5AE74C-D270-4C10-A958-57980B212A5A): 11
LogDevObjectVersion:   Dev-VR (D7296918-1DD6-4BDD-9DE2-64A83CC13884): 2
LogDevObjectVersion:   Dev-LoadTimes (C2A15278-BFE7-4AFE-6C17-90FF531DF755): 1
LogDevObjectVersion:   Private-Geometry (6EACA3D4-40EC-4CC1-B786-8BED09428FC5): 3
LogDevObjectVersion:   Dev-AnimPhys (29E575DD-E0A3-4627-9D10-D276232CDCEA): 17
LogDevObjectVersion:   Dev-Anim (AF43A65D-7FD3-4947-9873-3E8ED9C1BB05): 2
LogDevObjectVersion:   Dev-ReflectionCapture (6B266CEC-1EC7-4B8F-A30B-E4D90942FC07): 1
LogDevObjectVersion:   Dev-Automation (0DF73D61-A23F-47EA-B727-89E90C41499A): 1
LogDevObjectVersion:   FortniteMain (601D1886-AC64-4F84-AA16-D3DE0DEAC7D6): 25
LogDevObjectVersion:   Dev-Enterprise (9DFFBCD6-494F-0158-E221-12823C92A888): 6
LogDevObjectVersion:   Dev-Niagara (F2AED0AC-9AFE-416F-8664-AA7FFA26D6FC): 1
LogDevObjectVersion:   Dev-Destruction (174F1F0B-B4C6-45A5-B13F-2EE8D0FB917D): 2
LogInit: Presizing for max 16777216 objects, including 0 objects not considered by GC, pre-allocating 0 bytes for permanent pool.
LogInit: Object subsystem initialized
LogConfig: Setting CVar [[con.DebugEarlyDefault:1]]
LogConfig: Setting CVar [[r.setres:1280x720]]
[2019.09.20-05.29.01:837][  0]LogConfig: Setting CVar [[r.VSync:0]]
[2019.09.20-05.29.01:837][  0]LogConfig: Setting CVar [[r.RHICmdBypass:0]]
[2019.09.20-05.29.01:837][  0]LogConfig: Applying CVar settings from Section [/Script/Engine.RendererSettings] File [D:/In Development/Procedurally-Generated-Forest/Sekirime_Skills/Saved/Config/Windows/Engine.ini]
[2019.09.20-05.29.01:837][  0]LogConfig: Setting CVar [[r.GPUCrashDebugging:0]]
[2019.09.20-05.29.01:838][  0]LogConfig: Applying CVar settings from Section [/Script/Engine.RendererOverrideSettings] File [D:/In Development/Procedurally-Generated-Forest/Sekirime_Skills/Saved/Config/Windows/Engine.ini]
[2019.09.20-05.29.01:838][  0]LogConfig: Applying CVar settings from Section [/Script/Engine.StreamingSettings] File [D:/In Development/Procedurally-Generated-Forest/Sekirime_Skills/Saved/Config/Windows/Engine.ini]
[2019.09.20-05.29.01:838][  0]LogConfig: Setting CVar [[s.MinBulkDataSizeForAsyncLoading:131072]]
[2019.09.20-05.29.01:838][  0]LogConfig: Setting CVar [[s.AsyncLoadingThreadEnabled:0]]
[2019.09.20-05.29.01:838][  0]LogConfig: Setting CVar [[s.EventDrivenLoaderEnabled:1]]
[2019.09.20-05.29.01:838][  0]LogConfig: Setting CVar [[s.WarnIfTimeLimitExceeded:0]]
[2019.09.20-05.29.01:838][  0]LogConfig: Setting CVar [[s.TimeLimitExceededMultiplier:1.5]]
[2019.09.20-05.29.01:838][  0]LogConfig: Setting CVar [[s.TimeLimitExceededMinTime:0.005]]
[2019.09.20-05.29.01:838][  0]LogConfig: Setting CVar [[s.UseBackgroundLevelStreaming:1]]
[2019.09.20-05.29.01:838][  0]LogConfig: Setting CVar [[s.PriorityAsyncLoadingExtraTime:15.0]]
[2019.09.20-05.29.01:838][  0]LogConfig: Setting CVar [[s.LevelStreamingActorsUpdateTimeLimit:5.0]]
[2019.09.20-05.29.01:838][  0]LogConfig: Setting CVar [[s.PriorityLevelStreamingActorsUpdateExtraTime:5.0]]
[2019.09.20-05.29.01:838][  0]LogConfig: Setting CVar [[s.LevelStreamingComponentsRegistrationGranularity:10]]
[2019.09.20-05.29.01:838][  0]LogConfig: Setting CVar [[s.UnregisterComponentsTimeLimit:1.0]]
[2019.09.20-05.29.01:838][  0]LogConfig: Setting CVar [[s.LevelStreamingComponentsUnregistrationGranularity:5]]
[2019.09.20-05.29.01:838][  0]LogConfig: Applying CVar settings from Section [/Script/Engine.GarbageCollectionSettings] File [D:/In Development/Procedurally-Generated-Forest/Sekirime_Skills/Saved/Config/Windows/Engine.ini]
[2019.09.20-05.29.01:838][  0]LogConfig: Setting CVar [[gc.MaxObjectsNotConsideredByGC:1]]
[2019.09.20-05.29.01:838][  0]LogConfig: Setting CVar [[gc.SizeOfPermanentObjectPool:0]]
[2019.09.20-05.29.01:838][  0]LogConfig: Setting CVar [[gc.FlushStreamingOnGC:0]]
[2019.09.20-05.29.01:838][  0]LogConfig: Setting CVar [[gc.NumRetriesBeforeForcingGC:10]]
[2019.09.20-05.29.01:838][  0]LogConfig: Setting CVar [[gc.AllowParallelGC:1]]
[2019.09.20-05.29.01:838][  0]LogConfig: Setting CVar [[gc.TimeBetweenPurgingPendingKillObjects:61.1]]
[2019.09.20-05.29.01:838][  0]LogConfig: Setting CVar [[gc.MaxObjectsInEditor:16777216]]
[2019.09.20-05.29.01:838][  0]LogConfig: Setting CVar [[gc.IncrementalBeginDestroyEnabled:1]]
[2019.09.20-05.29.01:838][  0]LogConfig: Setting CVar [[gc.CreateGCClusters:1]]
[2019.09.20-05.29.01:838][  0]LogConfig: Setting CVar [[gc.MinGCClusterSize:5]]
[2019.09.20-05.29.01:838][  0]LogConfig: Setting CVar [[gc.ActorClusteringEnabled:0]]
[2019.09.20-05.29.01:838][  0]LogConfig: Setting CVar [[gc.BlueprintClusteringEnabled:0]]
[2019.09.20-05.29.01:838][  0]LogConfig: Setting CVar [[gc.UseDisregardForGCOnDedicatedServers:0]]
[2019.09.20-05.29.01:838][  0]LogConfig: Applying CVar settings from Section [/Script/Engine.NetworkSettings] File [D:/In Development/Procedurally-Generated-Forest/Sekirime_Skills/Saved/Config/Windows/Engine.ini]
[2019.09.20-05.29.01:838][  0]LogConfig: Applying CVar settings from Section [/Script/UnrealEd.CookerSettings] File [D:/In Development/Procedurally-Generated-Forest/Sekirime_Skills/Saved/Config/Windows/Engine.ini]
[2019.09.20-05.29.01:842][  0]LogConfig: Applying CVar settings from Section [ViewDistanceQuality@3] File [D:/In Development/Procedurally-Generated-Forest/Sekirime_Skills/Saved/Config/Windows/Scalability.ini]
[2019.09.20-05.29.01:842][  0]LogConfig: Setting CVar [[r.SkeletalMeshLODBias:0]]
[2019.09.20-05.29.01:842][  0]LogConfig: Setting CVar [[r.ViewDistanceScale:1.0]]
[2019.09.20-05.29.01:842][  0]LogConfig: Applying CVar settings from Section [AntiAliasingQuality@3] File [D:/In Development/Procedurally-Generated-Forest/Sekirime_Skills/Saved/Config/Windows/Scalability.ini]
[2019.09.20-05.29.01:842][  0]LogConfig: Setting CVar [[r.PostProcessAAQuality:4]]
[2019.09.20-05.29.01:842][  0]LogConfig: Applying CVar settings from Section [ShadowQuality@3] File [D:/In Development/Procedurally-Generated-Forest/Sekirime_Skills/Saved/Config/Windows/Scalability.ini]
[2019.09.20-05.29.01:842][  0]LogConfig: Setting CVar [[r.LightFunctionQuality:1]]
[2019.09.20-05.29.01:842][  0]LogConfig: Setting CVar [[r.ShadowQuality:5]]
[2019.09.20-05.29.01:842][  0]LogConfig: Setting CVar [[r.Shadow.CSM.MaxCascades:10]]
[2019.09.20-05.29.01:842][  0]LogConfig: Setting CVar [[r.Shadow.MaxResolution:2048]]
[2019.09.20-05.29.01:842][  0]LogConfig: Setting CVar [[r.Shadow.MaxCSMResolution:2048]]
[2019.09.20-05.29.01:842][  0]LogConfig: Setting CVar [[r.Shadow.RadiusThreshold:0.01]]
[2019.09.20-05.29.01:842][  0]LogConfig: Setting CVar [[r.Shadow.DistanceScale:1.0]]
[2019.09.20-05.29.01:842][  0]LogConfig: Setting CVar [[r.Shadow.CSM.TransitionScale:1.0]]
[2019.09.20-05.29.01:842][  0]LogConfig: Setting CVar [[r.Shadow.PreShadowResolutionFactor:1.0]]
[2019.09.20-05.29.01:842][  0]LogConfig: Setting CVar [[r.DistanceFieldShadowing:1]]
[2019.09.20-05.29.01:842][  0]LogConfig: Setting CVar [[r.DistanceFieldAO:1]]
[2019.09.20-05.29.01:842][  0]LogConfig: Setting CVar [[r.AOQuality:2]]
[2019.09.20-05.29.01:842][  0]LogConfig: Setting CVar [[r.VolumetricFog:1]]
[2019.09.20-05.29.01:842][  0]LogConfig: Setting CVar [[r.VolumetricFog.GridPixelSize:8]]
[2019.09.20-05.29.01:842][  0]LogConfig: Setting CVar [[r.VolumetricFog.GridSizeZ:128]]
[2019.09.20-05.29.01:842][  0]LogConfig: Setting CVar [[r.VolumetricFog.HistoryMissSupersampleCount:4]]
[2019.09.20-05.29.01:842][  0]LogConfig: Setting CVar [[r.LightMaxDrawDistanceScale:1]]
[2019.09.20-05.29.01:842][  0]LogConfig: Setting CVar [[r.CapsuleShadows:1]]
[2019.09.20-05.29.01:842][  0]LogConfig: Applying CVar settings from Section [PostProcessQuality@3] File [D:/In Development/Procedurally-Generated-Forest/Sekirime_Skills/Saved/Config/Windows/Scalability.ini]
[2019.09.20-05.29.01:843][  0]LogConfig: Setting CVar [[r.MotionBlurQuality:4]]
[2019.09.20-05.29.01:843][  0]LogConfig: Setting CVar [[r.AmbientOcclusionMipLevelFactor:0.4]]
[2019.09.20-05.29.01:843][  0]LogConfig: Setting CVar [[r.AmbientOcclusionMaxQuality:100]]
[2019.09.20-05.29.01:843][  0]LogConfig: Setting CVar [[r.AmbientOcclusionLevels:-1]]
[2019.09.20-05.29.01:843][  0]LogConfig: Setting CVar [[r.AmbientOcclusionRadiusScale:1.0]]
[2019.09.20-05.29.01:843][  0]LogConfig: Setting CVar [[r.DepthOfFieldQuality:2]]
[2019.09.20-05.29.01:843][  0]LogConfig: Setting CVar [[r.RenderTargetPoolMin:400]]
[2019.09.20-05.29.01:843][  0]LogConfig: Setting CVar [[r.LensFlareQuality:2]]
[2019.09.20-05.29.01:843][  0]LogConfig: Setting CVar [[r.SceneColorFringeQuality:1]]
[2019.09.20-05.29.01:843][  0]LogConfig: Setting CVar [[r.EyeAdaptationQuality:2]]
[2019.09.20-05.29.01:843][  0]LogConfig: Setting CVar [[r.BloomQuality:5]]
[2019.09.20-05.29.01:843][  0]LogConfig: Setting CVar [[r.FastBlurThreshold:100]]
[2019.09.20-05.29.01:843][  0]LogConfig: Setting CVar [[r.Upscale.Quality:3]]
[2019.09.20-05.29.01:843][  0]LogConfig: Setting CVar [[r.Tonemapper.GrainQuantization:1]]
[2019.09.20-05.29.01:843][  0]LogConfig: Setting CVar [[r.LightShaftQuality:1]]
[2019.09.20-05.29.01:843][  0]LogConfig: Setting CVar [[r.Filter.SizeScale:1]]
[2019.09.20-05.29.01:843][  0]LogConfig: Setting CVar [[r.Tonemapper.Quality:5]]
[2019.09.20-05.29.01:843][  0]LogConfig: Setting CVar [[r.DOF.Gather.AccumulatorQuality:1        ; higher gathering accumulator quality]]
[2019.09.20-05.29.01:843][  0]LogConfig: Setting CVar [[r.DOF.Gather.PostfilterMethod:1          ; Median3x3 postfilering method]]
[2019.09.20-05.29.01:843][  0]LogConfig: Setting CVar [[r.DOF.Gather.EnableBokehSettings:0       ; no bokeh simulation when gathering]]
[2019.09.20-05.29.01:843][  0]LogConfig: Setting CVar [[r.DOF.Gather.RingCount:4                 ; medium number of samples when gathering]]
[2019.09.20-05.29.01:843][  0]LogConfig: Setting CVar [[r.DOF.Scatter.ForegroundCompositing:1    ; additive foreground scattering]]
[2019.09.20-05.29.01:843][  0]LogConfig: Setting CVar [[r.DOF.Scatter.BackgroundCompositing:2    ; additive background scattering]]
[2019.09.20-05.29.01:843][  0]LogConfig: Setting CVar [[r.DOF.Scatter.EnableBokehSettings:1      ; bokeh simulation when scattering]]
[2019.09.20-05.29.01:843][  0]LogConfig: Setting CVar [[r.DOF.Scatter.MaxSpriteRatio:0.1         ; only a maximum of 10% of scattered bokeh]]
[2019.09.20-05.29.01:843][  0]LogConfig: Setting CVar [[r.DOF.Recombine.Quality:1                ; cheap slight out of focus]]
[2019.09.20-05.29.01:843][  0]LogConfig: Setting CVar [[r.DOF.Recombine.EnableBokehSettings:0    ; no bokeh simulation on slight out of focus]]
[2019.09.20-05.29.01:843][  0]LogConfig: Setting CVar [[r.DOF.TemporalAAQuality:1                ; more stable temporal accumulation]]
[2019.09.20-05.29.01:843][  0]LogConfig: Setting CVar [[r.DOF.Kernel.MaxForegroundRadius:0.025]]
[2019.09.20-05.29.01:843][  0]LogConfig: Setting CVar [[r.DOF.Kernel.MaxBackgroundRadius:0.025]]
[2019.09.20-05.29.01:843][  0]LogConfig: Applying CVar settings from Section [TextureQuality@3] File [D:/In Development/Procedurally-Generated-Forest/Sekirime_Skills/Saved/Config/Windows/Scalability.ini]
[2019.09.20-05.29.01:843][  0]LogConfig: Setting CVar [[r.Streaming.MipBias:0]]
[2019.09.20-05.29.01:843][  0]LogConfig: Setting CVar [[r.Streaming.AmortizeCPUToGPUCopy:0]]
[2019.09.20-05.29.01:843][  0]LogConfig: Setting CVar [[r.Streaming.MaxNumTexturesToStreamPerFrame:0]]
[2019.09.20-05.29.01:843][  0]LogConfig: Setting CVar [[r.Streaming.Boost:1]]
[2019.09.20-05.29.01:843][  0]LogConfig: Setting CVar [[r.MaxAnisotropy:8]]
[2019.09.20-05.29.01:843][  0]LogConfig: Setting CVar [[r.Streaming.LimitPoolSizeToVRAM:0]]
[2019.09.20-05.29.01:843][  0]LogConfig: Setting CVar [[r.Streaming.PoolSize:1000]]
[2019.09.20-05.29.01:843][  0]LogConfig: Setting CVar [[r.Streaming.MaxEffectiveScreenSize:0]]
[2019.09.20-05.29.01:843][  0]LogConfig: Applying CVar settings from Section [EffectsQuality@3] File [D:/In Development/Procedurally-Generated-Forest/Sekirime_Skills/Saved/Config/Windows/Scalability.ini]
[2019.09.20-05.29.01:843][  0]LogConfig: Setting CVar [[r.TranslucencyLightingVolumeDim:64]]
[2019.09.20-05.29.01:843][  0]LogConfig: Setting CVar [[r.RefractionQuality:2]]
[2019.09.20-05.29.01:843][  0]LogConfig: Setting CVar [[r.SSR.Quality:3]]
[2019.09.20-05.29.01:843][  0]LogConfig: Setting CVar [[r.SceneColorFormat:4]]
[2019.09.20-05.29.01:843][  0]LogConfig: Setting CVar [[r.DetailMode:2]]
[2019.09.20-05.29.01:843][  0]LogConfig: Setting CVar [[r.TranslucencyVolumeBlur:1]]
[2019.09.20-05.29.01:843][  0]LogConfig: Setting CVar [[r.MaterialQualityLevel:1 ; High quality]]
[2019.09.20-05.29.01:843][  0]LogConfig: Setting CVar [[r.SSS.Scale:1]]
[2019.09.20-05.29.01:843][  0]LogConfig: Setting CVar [[r.SSS.SampleSet:2]]
[2019.09.20-05.29.01:843][  0]LogConfig: Setting CVar [[r.SSS.Quality:1]]
[2019.09.20-05.29.01:843][  0]LogConfig: Setting CVar [[r.SSS.HalfRes:1]]
[2019.09.20-05.29.01:843][  0]LogConfig: Setting CVar [[r.EmitterSpawnRateScale:1.0]]
[2019.09.20-05.29.01:843][  0]LogConfig: Setting CVar [[r.ParticleLightQuality:2]]
[2019.09.20-05.29.01:843][  0]LogConfig: Applying CVar settings from Section [FoliageQuality@3] File [D:/In Development/Procedurally-Generated-Forest/Sekirime_Skills/Saved/Config/Windows/Scalability.ini]
[2019.09.20-05.29.01:843][  0]LogConfig: Setting CVar [[foliage.DensityScale:1.0]]
[2019.09.20-05.29.01:843][  0]LogConfig: Setting CVar [[grass.DensityScale:1.0]]
[2019.09.20-05.29.01:843][  0]LogInit: Selected Device Profile: [Windows]
[2019.09.20-05.29.01:843][  0]LogInit: Applying CVar settings loaded from the selected device profile: [Windows]
[2019.09.20-05.29.01:857][  0]LogHAL: Display: Platform has ~ 32 GB [34289827840 / 34359738368 / 32], which maps to Largest [LargestMinGB=32, LargerMinGB=12, DefaultMinGB=8, SmallerMinGB=6, SmallestMinGB=0)
[2019.09.20-05.29.01:857][  0]LogConfig: Setting CVar [[r.Vulkan.UseRealUBs:0		; Required until we fix HLR fall-out]]
[2019.09.20-05.29.01:857][  0]LogInit: Going up to parent DeviceProfile []
[2019.09.20-05.29.01:857][  0]LogConfig: Applying CVar settings from Section [ViewDistanceQuality@3] File [D:/In Development/Procedurally-Generated-Forest/Sekirime_Skills/Saved/Config/Windows/Scalability.ini]
[2019.09.20-05.29.01:857][  0]LogConfig: Setting CVar [[r.SkeletalMeshLODBias:0]]
[2019.09.20-05.29.01:857][  0]LogConfig: Setting CVar [[r.ViewDistanceScale:1.0]]
[2019.09.20-05.29.01:857][  0]LogConfig: Applying CVar settings from Section [AntiAliasingQuality@3] File [D:/In Development/Procedurally-Generated-Forest/Sekirime_Skills/Saved/Config/Windows/Scalability.ini]
[2019.09.20-05.29.01:857][  0]LogConfig: Setting CVar [[r.PostProcessAAQuality:4]]
[2019.09.20-05.29.01:857][  0]LogConfig: Applying CVar settings from Section [ShadowQuality@3] File [D:/In Development/Procedurally-Generated-Forest/Sekirime_Skills/Saved/Config/Windows/Scalability.ini]
[2019.09.20-05.29.01:857][  0]LogConfig: Setting CVar [[r.LightFunctionQuality:1]]
[2019.09.20-05.29.01:857][  0]LogConfig: Setting CVar [[r.ShadowQuality:5]]
[2019.09.20-05.29.01:857][  0]LogConfig: Setting CVar [[r.Shadow.CSM.MaxCascades:10]]
[2019.09.20-05.29.01:857][  0]LogConfig: Setting CVar [[r.Shadow.MaxResolution:2048]]
[2019.09.20-05.29.01:857][  0]LogConfig: Setting CVar [[r.Shadow.MaxCSMResolution:2048]]
[2019.09.20-05.29.01:857][  0]LogConfig: Setting CVar [[r.Shadow.RadiusThreshold:0.01]]
[2019.09.20-05.29.01:857][  0]LogConfig: Setting CVar [[r.Shadow.DistanceScale:1.0]]
[2019.09.20-05.29.01:857][  0]LogConfig: Setting CVar [[r.Shadow.CSM.TransitionScale:1.0]]
[2019.09.20-05.29.01:857][  0]LogConfig: Setting CVar [[r.Shadow.PreShadowResolutionFactor:1.0]]
[2019.09.20-05.29.01:857][  0]LogConfig: Setting CVar [[r.DistanceFieldShadowing:1]]
[2019.09.20-05.29.01:857][  0]LogConfig: Setting CVar [[r.DistanceFieldAO:1]]
[2019.09.20-05.29.01:858][  0]LogConfig: Setting CVar [[r.AOQuality:2]]
[2019.09.20-05.29.01:858][  0]LogConfig: Setting CVar [[r.VolumetricFog:1]]
[2019.09.20-05.29.01:858][  0]LogConfig: Setting CVar [[r.VolumetricFog.GridPixelSize:8]]
[2019.09.20-05.29.01:858][  0]LogConfig: Setting CVar [[r.VolumetricFog.GridSizeZ:128]]
[2019.09.20-05.29.01:858][  0]LogConfig: Setting CVar [[r.VolumetricFog.HistoryMissSupersampleCount:4]]
[2019.09.20-05.29.01:858][  0]LogConfig: Setting CVar [[r.LightMaxDrawDistanceScale:1]]
[2019.09.20-05.29.01:858][  0]LogConfig: Setting CVar [[r.CapsuleShadows:1]]
[2019.09.20-05.29.01:858][  0]LogConfig: Applying CVar settings from Section [PostProcessQuality@3] File [D:/In Development/Procedurally-Generated-Forest/Sekirime_Skills/Saved/Config/Windows/Scalability.ini]
[2019.09.20-05.29.01:858][  0]LogConfig: Setting CVar [[r.MotionBlurQuality:4]]
[2019.09.20-05.29.01:858][  0]LogConfig: Setting CVar [[r.AmbientOcclusionMipLevelFactor:0.4]]
[2019.09.20-05.29.01:858][  0]LogConfig: Setting CVar [[r.AmbientOcclusionMaxQuality:100]]
[2019.09.20-05.29.01:858][  0]LogConfig: Setting CVar [[r.AmbientOcclusionLevels:-1]]
[2019.09.20-05.29.01:858][  0]LogConfig: Setting CVar [[r.AmbientOcclusionRadiusScale:1.0]]
[2019.09.20-05.29.01:858][  0]LogConfig: Setting CVar [[r.DepthOfFieldQuality:2]]
[2019.09.20-05.29.01:858][  0]LogConfig: Setting CVar [[r.RenderTargetPoolMin:400]]
[2019.09.20-05.29.01:858][  0]LogConfig: Setting CVar [[r.LensFlareQuality:2]]
[2019.09.20-05.29.01:858][  0]LogConfig: Setting CVar [[r.SceneColorFringeQuality:1]]
[2019.09.20-05.29.01:858][  0]LogConfig: Setting CVar [[r.EyeAdaptationQuality:2]]
[2019.09.20-05.29.01:858][  0]LogConfig: Setting CVar [[r.BloomQuality:5]]
[2019.09.20-05.29.01:858][  0]LogConfig: Setting CVar [[r.FastBlurThreshold:100]]
[2019.09.20-05.29.01:858][  0]LogConfig: Setting CVar [[r.Upscale.Quality:3]]
[2019.09.20-05.29.01:858][  0]LogConfig: Setting CVar [[r.Tonemapper.GrainQuantization:1]]
[2019.09.20-05.29.01:858][  0]LogConfig: Setting CVar [[r.LightShaftQuality:1]]
[2019.09.20-05.29.01:858][  0]LogConfig: Setting CVar [[r.Filter.SizeScale:1]]
[2019.09.20-05.29.01:858][  0]LogConfig: Setting CVar [[r.Tonemapper.Quality:5]]
[2019.09.20-05.29.01:858][  0]LogConfig: Setting CVar [[r.DOF.Gather.AccumulatorQuality:1        ; higher gathering accumulator quality]]
[2019.09.20-05.29.01:858][  0]LogConfig: Setting CVar [[r.DOF.Gather.PostfilterMethod:1          ; Median3x3 postfilering method]]
[2019.09.20-05.29.01:858][  0]LogConfig: Setting CVar [[r.DOF.Gather.EnableBokehSettings:0       ; no bokeh simulation when gathering]]
[2019.09.20-05.29.01:858][  0]LogConfig: Setting CVar [[r.DOF.Gather.RingCount:4                 ; medium number of samples when gathering]]
[2019.09.20-05.29.01:858][  0]LogConfig: Setting CVar [[r.DOF.Scatter.ForegroundCompositing:1    ; additive foreground scattering]]
[2019.09.20-05.29.01:858][  0]LogConfig: Setting CVar [[r.DOF.Scatter.BackgroundCompositing:2    ; additive background scattering]]
[2019.09.20-05.29.01:858][  0]LogConfig: Setting CVar [[r.DOF.Scatter.EnableBokehSettings:1      ; bokeh simulation when scattering]]
[2019.09.20-05.29.01:858][  0]LogConfig: Setting CVar [[r.DOF.Scatter.MaxSpriteRatio:0.1         ; only a maximum of 10% of scattered bokeh]]
[2019.09.20-05.29.01:858][  0]LogConfig: Setting CVar [[r.DOF.Recombine.Quality:1                ; cheap slight out of focus]]
[2019.09.20-05.29.01:858][  0]LogConfig: Setting CVar [[r.DOF.Recombine.EnableBokehSettings:0    ; no bokeh simulation on slight out of focus]]
[2019.09.20-05.29.01:858][  0]LogConfig: Setting CVar [[r.DOF.TemporalAAQuality:1                ; more stable temporal accumulation]]
[2019.09.20-05.29.01:858][  0]LogConfig: Setting CVar [[r.DOF.Kernel.MaxForegroundRadius:0.025]]
[2019.09.20-05.29.01:858][  0]LogConfig: Setting CVar [[r.DOF.Kernel.MaxBackgroundRadius:0.025]]
[2019.09.20-05.29.01:858][  0]LogConfig: Applying CVar settings from Section [TextureQuality@3] File [D:/In Development/Procedurally-Generated-Forest/Sekirime_Skills/Saved/Config/Windows/Scalability.ini]
[2019.09.20-05.29.01:858][  0]LogConfig: Setting CVar [[r.Streaming.MipBias:0]]
[2019.09.20-05.29.01:858][  0]LogConfig: Setting CVar [[r.Streaming.AmortizeCPUToGPUCopy:0]]
[2019.09.20-05.29.01:858][  0]LogConfig: Setting CVar [[r.Streaming.MaxNumTexturesToStreamPerFrame:0]]
[2019.09.20-05.29.01:858][  0]LogConfig: Setting CVar [[r.Streaming.Boost:1]]
[2019.09.20-05.29.01:858][  0]LogConfig: Setting CVar [[r.MaxAnisotropy:8]]
[2019.09.20-05.29.01:858][  0]LogConfig: Setting CVar [[r.Streaming.LimitPoolSizeToVRAM:0]]
[2019.09.20-05.29.01:858][  0]LogConfig: Setting CVar [[r.Streaming.PoolSize:1000]]
[2019.09.20-05.29.01:858][  0]LogConfig: Setting CVar [[r.Streaming.MaxEffectiveScreenSize:0]]
[2019.09.20-05.29.01:858][  0]LogConfig: Applying CVar settings from Section [EffectsQuality@3] File [D:/In Development/Procedurally-Generated-Forest/Sekirime_Skills/Saved/Config/Windows/Scalability.ini]
[2019.09.20-05.29.01:858][  0]LogConfig: Setting CVar [[r.TranslucencyLightingVolumeDim:64]]
[2019.09.20-05.29.01:858][  0]LogConfig: Setting CVar [[r.RefractionQuality:2]]
[2019.09.20-05.29.01:858][  0]LogConfig: Setting CVar [[r.SSR.Quality:3]]
[2019.09.20-05.29.01:858][  0]LogConfig: Setting CVar [[r.SceneColorFormat:4]]
[2019.09.20-05.29.01:858][  0]LogConfig: Setting CVar [[r.DetailMode:2]]
[2019.09.20-05.29.01:858][  0]LogConfig: Setting CVar [[r.TranslucencyVolumeBlur:1]]
[2019.09.20-05.29.01:858][  0]LogConfig: Setting CVar [[r.MaterialQualityLevel:1 ; High quality]]
[2019.09.20-05.29.01:858][  0]LogConfig: Setting CVar [[r.SSS.Scale:1]]
[2019.09.20-05.29.01:858][  0]LogConfig: Setting CVar [[r.SSS.SampleSet:2]]
[2019.09.20-05.29.01:858][  0]LogConfig: Setting CVar [[r.SSS.Quality:1]]
[2019.09.20-05.29.01:858][  0]LogConfig: Setting CVar [[r.SSS.HalfRes:1]]
[2019.09.20-05.29.01:858][  0]LogConfig: Setting CVar [[r.EmitterSpawnRateScale:1.0]]
[2019.09.20-05.29.01:858][  0]LogConfig: Setting CVar [[r.ParticleLightQuality:2]]
[2019.09.20-05.29.01:858][  0]LogConfig: Applying CVar settings from Section [FoliageQuality@3] File [D:/In Development/Procedurally-Generated-Forest/Sekirime_Skills/Saved/Config/Windows/Scalability.ini]
[2019.09.20-05.29.01:858][  0]LogConfig: Setting CVar [[foliage.DensityScale:1.0]]
[2019.09.20-05.29.01:858][  0]LogConfig: Setting CVar [[grass.DensityScale:1.0]]
[2019.09.20-05.29.01:858][  0]LogConfig: Applying CVar settings from Section [Startup] File [../../../Engine/Config/ConsoleVariables.ini]
[2019.09.20-05.29.01:858][  0]LogConfig: Setting CVar [[net.UseAdaptiveNetUpdateFrequency:0]]
[2019.09.20-05.29.01:859][  0]LogConfig: Setting CVar [[p.chaos.AllowCreatePhysxBodies:1]]
[2019.09.20-05.29.01:859][  0]LogConfig: Applying CVar settings from Section [ConsoleVariables] File [D:/In Development/Procedurally-Generated-Forest/Sekirime_Skills/Saved/Config/Windows/Engine.ini]
[2019.09.20-05.29.01:859][  0]LogInit: Computer: DESKTOP-HJVGD8G
[2019.09.20-05.29.01:859][  0]LogInit: User: NabilSekirime
[2019.09.20-05.29.01:859][  0]LogInit: CPU Page size=4096, Cores=8
[2019.09.20-05.29.01:859][  0]LogInit: High frequency timer resolution =10.000000 MHz
[2019.09.20-05.29.01:859][  0]LogMemory: Memory total: Physical=31.9GB (32GB approx)
[2019.09.20-05.29.01:859][  0]LogMemory: Platform Memory Stats for Windows
[2019.09.20-05.29.01:859][  0]LogMemory: Process Physical Memory: 98.87 MB used, 98.88 MB peak
[2019.09.20-05.29.01:859][  0]LogMemory: Process Virtual Memory: 94.23 MB used, 94.23 MB peak
[2019.09.20-05.29.01:859][  0]LogMemory: Physical Memory: 9724.88 MB used,  22976.45 MB free, 32701.33 MB total
[2019.09.20-05.29.01:859][  0]LogMemory: Virtual Memory: 4680.58 MB used,  134213048.00 MB free, 134217728.00 MB total
[2019.09.20-05.29.01:886][  0]LogInit: Using OS detected language (en-US).
[2019.09.20-05.29.01:886][  0]LogInit: Using OS detected locale (en-US).
[2019.09.20-05.29.01:887][  0]LogTextLocalizationManager: No specific localization for 'en-US' exists, so the 'en' localization will be used.
[2019.09.20-05.29.02:088][  0]LogInit: Setting process to per monitor DPI aware
[2019.09.20-05.29.02:134][  0]LogSlate: New Slate User Created.  User Index 0, Is Virtual User: 0
[2019.09.20-05.29.02:134][  0]LogSlate: Slate User Registered.  User Index 0, Is Virtual User: 0
[2019.09.20-05.29.02:304][  0]LogHMD: Failed to initialize OpenVR with code 110
[2019.09.20-05.29.02:304][  0]LogD3D11RHI: D3D11 adapters:
[2019.09.20-05.29.02:365][  0]LogD3D11RHI:    0. 'NVIDIA GeForce GTX 1050 Ti' (Feature Level 11_0)
[2019.09.20-05.29.02:365][  0]LogD3D11RHI:       4018/0/16350 MB DedicatedVideo/DedicatedSystem/SharedSystem, Outputs:2, VendorId:0x10de
[2019.09.20-05.29.02:367][  0]LogD3D11RHI:    1. 'Microsoft Basic Render Driver' (Feature Level 11_0)
[2019.09.20-05.29.02:367][  0]LogD3D11RHI:       0/0/16350 MB DedicatedVideo/DedicatedSystem/SharedSystem, Outputs:0, VendorId:0x1414
[2019.09.20-05.29.02:367][  0]LogD3D11RHI: Chosen D3D11 Adapter: 0
[2019.09.20-05.29.02:378][  0]LogD3D11RHI: Creating new Direct3DDevice
[2019.09.20-05.29.02:379][  0]LogD3D11RHI:     GPU DeviceId: 0x1c82 (for the marketing name, search the web for "GPU Device Id")
[2019.09.20-05.29.02:379][  0]LogWindows: EnumDisplayDevices:
[2019.09.20-05.29.02:379][  0]LogWindows:    0. 'NVIDIA GeForce GTX 1050 Ti' (P:1 D:1)
[2019.09.20-05.29.02:379][  0]LogWindows:    1. 'NVIDIA GeForce GTX 1050 Ti' (P:0 D:1)
[2019.09.20-05.29.02:379][  0]LogWindows:    2. 'NVIDIA GeForce GTX 1050 Ti' (P:0 D:0)
[2019.09.20-05.29.02:379][  0]LogWindows:    3. 'NVIDIA GeForce GTX 1050 Ti' (P:0 D:0)
[2019.09.20-05.29.02:380][  0]LogWindows: DebugString: FoundDriverCount:4 
[2019.09.20-05.29.02:380][  0]LogD3D11RHI:     Adapter Name: NVIDIA GeForce GTX 1050 Ti
[2019.09.20-05.29.02:380][  0]LogD3D11RHI:   Driver Version: 425.31 (internal:25.21.14.2531, unified:425.31)
[2019.09.20-05.29.02:380][  0]LogD3D11RHI:      Driver Date: 4-9-2019
[2019.09.20-05.29.02:380][  0]LogRHI: Texture pool is 2812 MB (70% of 4018 MB)
[2019.09.20-05.29.02:428][  0]LogD3D11RHI: Async texture creation enabled
[2019.09.20-05.29.02:431][  0]LogRendererCore: FGlobalReadBuffer::InitRHI
[2019.09.20-05.29.02:431][  0]LogRendererCore: FGlobalReadBuffer::InitRHI
[2019.09.20-05.29.02:432][  0]LogRendererCore: FGlobalReadBuffer::InitRHI
[2019.09.20-05.29.02:439][  0]LogD3D11RHI: GPU Timing Frequency: 1000.000000 (Debug: 2 1)
[2019.09.20-05.29.02:793][  0]LogTemp: Display: Module 'AllDesktopTargetPlatform' loaded TargetPlatform 'AllDesktop'
[2019.09.20-05.29.02:806][  0]LogTemp: Display: Module 'MacClientTargetPlatform' loaded TargetPlatform 'MacClient'
[2019.09.20-05.29.02:821][  0]LogTemp: Display: Module 'MacNoEditorTargetPlatform' loaded TargetPlatform 'MacNoEditor'
[2019.09.20-05.29.02:835][  0]LogTemp: Display: Module 'MacServerTargetPlatform' loaded TargetPlatform 'MacServer'
[2019.09.20-05.29.02:849][  0]LogTemp: Display: Module 'MacTargetPlatform' loaded TargetPlatform 'Mac'
[2019.09.20-05.29.02:863][  0]LogTemp: Display: Module 'WindowsClientTargetPlatform' loaded TargetPlatform 'WindowsClient'
[2019.09.20-05.29.02:877][  0]LogTemp: Display: Module 'WindowsNoEditorTargetPlatform' loaded TargetPlatform 'WindowsNoEditor'
[2019.09.20-05.29.02:891][  0]LogTemp: Display: Module 'WindowsServerTargetPlatform' loaded TargetPlatform 'WindowsServer'
[2019.09.20-05.29.02:897][  0]LogTemp: Display: Module 'WindowsTargetPlatform' loaded TargetPlatform 'Windows'
[2019.09.20-05.29.02:988][  0]LogTemp: Display: Module 'AndroidTargetPlatform' loaded TargetPlatform 'Android'
[2019.09.20-05.29.02:988][  0]LogTemp: Display: Module 'AndroidTargetPlatform' loaded TargetPlatform 'Android_ASTC'
[2019.09.20-05.29.02:988][  0]LogTemp: Display: Module 'AndroidTargetPlatform' loaded TargetPlatform 'Android_ATC'
[2019.09.20-05.29.02:988][  0]LogTemp: Display: Module 'AndroidTargetPlatform' loaded TargetPlatform 'Android_DXT'
[2019.09.20-05.29.02:988][  0]LogTemp: Display: Module 'AndroidTargetPlatform' loaded TargetPlatform 'Android_ETC1'
[2019.09.20-05.29.02:988][  0]LogTemp: Display: Module 'AndroidTargetPlatform' loaded TargetPlatform 'Android_ETC1a'
[2019.09.20-05.29.02:988][  0]LogTemp: Display: Module 'AndroidTargetPlatform' loaded TargetPlatform 'Android_ETC2'
[2019.09.20-05.29.02:988][  0]LogTemp: Display: Module 'AndroidTargetPlatform' loaded TargetPlatform 'Android_PVRTC'
[2019.09.20-05.29.02:988][  0]LogTemp: Display: Module 'AndroidTargetPlatform' loaded TargetPlatform 'AndroidClient'
[2019.09.20-05.29.02:988][  0]LogTemp: Display: Module 'AndroidTargetPlatform' loaded TargetPlatform 'Android_ASTCClient'
[2019.09.20-05.29.02:988][  0]LogTemp: Display: Module 'AndroidTargetPlatform' loaded TargetPlatform 'Android_ATCClient'
[2019.09.20-05.29.02:988][  0]LogTemp: Display: Module 'AndroidTargetPlatform' loaded TargetPlatform 'Android_DXTClient'
[2019.09.20-05.29.02:988][  0]LogTemp: Display: Module 'AndroidTargetPlatform' loaded TargetPlatform 'Android_ETC1Client'
[2019.09.20-05.29.02:988][  0]LogTemp: Display: Module 'AndroidTargetPlatform' loaded TargetPlatform 'Android_ETC1aClient'
[2019.09.20-05.29.02:988][  0]LogTemp: Display: Module 'AndroidTargetPlatform' loaded TargetPlatform 'Android_ETC2Client'
[2019.09.20-05.29.02:988][  0]LogTemp: Display: Module 'AndroidTargetPlatform' loaded TargetPlatform 'Android_PVRTCClient'
[2019.09.20-05.29.02:988][  0]LogTemp: Display: Module 'AndroidTargetPlatform' loaded TargetPlatform 'Android_Multi'
[2019.09.20-05.29.02:988][  0]LogTemp: Display: Module 'AndroidTargetPlatform' loaded TargetPlatform 'Android_MultiClient'
[2019.09.20-05.29.02:990][  0]LogTemp: Display: Module 'HTML5TargetPlatform' loaded TargetPlatform 'HTML5'
[2019.09.20-05.29.03:040][  0]LogTemp: Display: Module 'IOSTargetPlatform' loaded TargetPlatform 'IOSClient'
[2019.09.20-05.29.03:040][  0]LogTemp: Display: Module 'IOSTargetPlatform' loaded TargetPlatform 'IOS'
[2019.09.20-05.29.03:066][  0]LogTemp: Display: Module 'TVOSTargetPlatform' loaded TargetPlatform 'TVOSClient'
[2019.09.20-05.29.03:066][  0]LogTemp: Display: Module 'TVOSTargetPlatform' loaded TargetPlatform 'TVOS'
[2019.09.20-05.29.03:080][  0]LogTemp: Display: Module 'LinuxClientTargetPlatform' loaded TargetPlatform 'LinuxClient'
[2019.09.20-05.29.03:093][  0]LogTemp: Display: Module 'LinuxNoEditorTargetPlatform' loaded TargetPlatform 'LinuxNoEditor'
[2019.09.20-05.29.03:106][  0]LogTemp: Display: Module 'LinuxServerTargetPlatform' loaded TargetPlatform 'LinuxServer'
[2019.09.20-05.29.03:121][  0]LogTemp: Display: Module 'LinuxTargetPlatform' loaded TargetPlatform 'Linux'
[2019.09.20-05.29.03:169][  0]LogTemp: Display: Module 'LuminTargetPlatform' loaded TargetPlatform 'Lumin'
[2019.09.20-05.29.03:169][  0]LogTemp: Display: Module 'LuminTargetPlatform' loaded TargetPlatform 'LuminClient'
[2019.09.20-05.29.03:169][  0]LogTargetPlatformManager: Display: Building Assets For Windows
[2019.09.20-05.29.03:176][  0]LogAudioDebug: Display: Lib vorbis DLL was dynamically loaded.
[2019.09.20-05.29.03:212][  0]LogShaderCompilers: Guid format shader working directory is -21 characters bigger than the processId version (../../../../../In Development/Procedurally-Generated-Forest/Sekirime_Skills/Intermediate/Shaders/WorkingDirectory/19488/).
[2019.09.20-05.29.03:212][  0]LogShaderCompilers: Cleaned the shader compiler working directory 'C:/Users/Nabil Sekirime/AppData/Local/Temp/UnrealShaderWorkingDir/F2DC79544A3512AF169488BC8702DE9F/'.
[2019.09.20-05.29.03:213][  0]LogXGEController: Cannot use XGE Controller as Incredibuild is not installed on this machine.
[2019.09.20-05.29.03:213][  0]LogShaderCompilers: Cannot use XGE Shader Compiler as Incredibuild is not installed on this machine.
[2019.09.20-05.29.03:213][  0]LogShaderCompilers: Display: Using Local Shader Compiler.
[2019.09.20-05.29.03:743][  0]LogDerivedDataCache: Display: Max Cache Size: 512 MB
[2019.09.20-05.29.03:792][  0]LogDerivedDataCache: Loaded boot cache 0.05s 75MB C:/Users/Nabil Sekirime/AppData/Local/UnrealEngine/4.22/DerivedDataCache/Boot.ddc.
[2019.09.20-05.29.03:792][  0]LogDerivedDataCache: Display: Loaded Boot cache: C:/Users/Nabil Sekirime/AppData/Local/UnrealEngine/4.22/DerivedDataCache/Boot.ddc
[2019.09.20-05.29.03:792][  0]LogDerivedDataCache: FDerivedDataBackendGraph:  Pak pak cache file ../../../../../In Development/Procedurally-Generated-Forest/Sekirime_Skills/DerivedDataCache/DDC.ddp not found, will not use a pak cache.
[2019.09.20-05.29.03:792][  0]LogDerivedDataCache: Unable to find inner node Pak for hierarchical cache Hierarchy.
[2019.09.20-05.29.03:792][  0]LogDerivedDataCache: FDerivedDataBackendGraph:  CompressedPak pak cache file ../../../../../In Development/Procedurally-Generated-Forest/Sekirime_Skills/DerivedDataCache/Compressed.ddp not found, will not use a pak cache.
[2019.09.20-05.29.03:792][  0]LogDerivedDataCache: Unable to find inner node CompressedPak for hierarchical cache Hierarchy.
[2019.09.20-05.29.03:804][  0]LogDerivedDataCache: Display: Pak cache opened for reading ../../../Engine/DerivedDataCache/Compressed.ddp.
[2019.09.20-05.29.03:804][  0]LogDerivedDataCache: FDerivedDataBackendGraph:  EnterprisePak pak cache file ../../../Enterprise/DerivedDataCache/Compressed.ddp not found, will not use a pak cache.
[2019.09.20-05.29.03:804][  0]LogDerivedDataCache: Unable to find inner node EnterprisePak for hierarchical cache Hierarchy.
[2019.09.20-05.29.03:817][  0]LogDerivedDataCache: Using Local data cache path C:/Users/Nabil Sekirime/AppData/Local/UnrealEngine/Common/DerivedDataCache: Writable
[2019.09.20-05.29.03:817][  0]LogDerivedDataCache: Shared data cache path not found in *engine.ini, will not use an Shared cache.
[2019.09.20-05.29.03:817][  0]LogDerivedDataCache: Unable to find inner node Shared for hierarchical cache Hierarchy.
[2019.09.20-05.29.03:838][  0]LogMaterial: Verifying Global Shaders for PCD3D_SM5
[2019.09.20-05.29.03:840][  0]LogSlate: Using FreeType 2.6.0
[2019.09.20-05.29.03:840][  0]LogSlate: SlateFontServices - WITH_FREETYPE: 1, WITH_HARFBUZZ: 1
[2019.09.20-05.29.03:922][  0]LogAssetRegistry: FAssetRegistry took 0.0342 seconds to start up
[2019.09.20-05.29.04:306][  0]LogInit: Selected Device Profile: [Windows]
[2019.09.20-05.29.04:425][  0]LogMeshReduction: Using QuadricMeshReduction for automatic static mesh reduction
[2019.09.20-05.29.04:425][  0]LogMeshReduction: Using SimplygonMeshReduction for automatic skeletal mesh reduction
[2019.09.20-05.29.04:425][  0]LogMeshReduction: Using ProxyLODMeshReduction for automatic mesh merging
[2019.09.20-05.29.04:425][  0]LogMeshReduction: No distributed automatic mesh merging module available
[2019.09.20-05.29.04:425][  0]LogMeshMerging: No distributed automatic mesh merging module available
[2019.09.20-05.29.04:440][  0]LogNetVersion: Sekirime_Skills 1.0.0, NetCL: 5660361, EngineNetVer: 10, GameNetVer: 0 (Checksum: 342671649)
[2019.09.20-05.29.04:826][  0]LogPackageLocalizationCache: Processed 10 localized package path(s) for 1 prioritized culture(s) in 0.046303 seconds
[2019.09.20-05.29.04:838][  0]LogUObjectArray: 42205 objects as part of root set at end of initial load.
[2019.09.20-05.29.04:838][  0]LogUObjectAllocator: 7325032 out of 0 bytes used by permanent object pool.
[2019.09.20-05.29.04:838][  0]LogUObjectArray: CloseDisregardForGC: 0/0 objects in disregard for GC pool
[2019.09.20-05.29.05:587][  0]LogTcpMessaging: Initializing TcpMessaging bridge
[2019.09.20-05.29.05:602][  0]LogUdpMessaging: Initializing bridge on interface 0.0.0.0:0 to multicast group 230.0.0.1:6666.
[2019.09.20-05.29.05:831][  0]SourceControl: Source control is disabled
[2019.09.20-05.29.05:831][  0]SourceControl: Source control is disabled
[2019.09.20-05.29.05:832][  0]SourceControl: Source control is disabled
[2019.09.20-05.29.05:833][  0]SourceControl: Source control is disabled
[2019.09.20-05.29.05:914][  0]LogAndroidPermission: UAndroidPermissionCallbackProxy::GetInstance
[2019.09.20-05.29.06:072][  0]LogOcInput: OculusInput pre-init called
[2019.09.20-05.29.06:688][  0]LogEngine: Initializing Engine...
[2019.09.20-05.29.06:689][  0]LogHMD: Failed to initialize OpenVR with code 110
[2019.09.20-05.29.06:690][  0]LogStats: UGameplayTagsManager::InitializeManager -  0.000 s
[2019.09.20-05.29.06:884][  0]LogInit: Initializing FReadOnlyCVARCache
[2019.09.20-05.29.06:895][  0]LogAIModule: Creating AISystem for world Untitled
[2019.09.20-05.29.06:934][  0]LogInit: XAudio2 using 'Speakers (2- USB Audio Device)' : 2 channels at 48 kHz using 16 bits per sample (channel mask 0x3)
[2019.09.20-05.29.06:953][  0]LogInit: FAudioDevice initialized.
[2019.09.20-05.29.06:954][  0]LogNetVersion: Set ProjectVersion to 1.0.0.0. Version Checksum will be recalculated on next use.
[2019.09.20-05.29.07:101][  0]LogDerivedDataCache: Saved boot cache 0.15s 75MB C:/Users/Nabil Sekirime/AppData/Local/UnrealEngine/4.22/DerivedDataCache/Boot.ddc.
[2019.09.20-05.29.07:111][  0]LogInit: Texture streaming: Enabled
[2019.09.20-05.29.07:129][  0]LogEngineSessionManager: EngineSessionManager initialized
[2019.09.20-05.29.07:152][  0]LogInit: Transaction tracking system initialized
[2019.09.20-05.29.07:171][  0]BlueprintLog: New page: Editor Load
[2019.09.20-05.29.07:241][  0]LocalizationService: Localization service is disabled
[2019.09.20-05.29.07:522][  0]LogFileCache: Scanning file cache for directory 'D:/In Development/Procedurally-Generated-Forest/Sekirime_Skills/Content/' took 0.01s
[2019.09.20-05.29.07:522][  0]LogCook: Display: Max memory allowance for cook 16384mb min free memory 0mb
[2019.09.20-05.29.07:522][  0]LogCook: Display: Mobile HDR setting 1
[2019.09.20-05.29.07:692][  0]SourceControl: Source control is disabled
[2019.09.20-05.29.07:692][  0]Cmd: MAP LOAD FILE="../../../../../In Development/Procedurally-Generated-Forest/Sekirime_Skills/Content/ThirdPersonCPP/Maps/ThirdPersonExampleMap.umap" TEMPLATE=0 SHOWPROGRESS=1 FEATURELEVEL=3
[2019.09.20-05.29.07:693][  0]LightingResults: New page: Lighting Build
[2019.09.20-05.29.07:694][  0]MapCheck: New page: Map Check
[2019.09.20-05.29.07:694][  0]LightingResults: New page: Lighting Build
[2019.09.20-05.29.07:732][  0]LogUObjectHash: Compacting FUObjectHashTables data took   1.93ms
[2019.09.20-05.29.07:821][  0]LogAIModule: Creating AISystem for world ThirdPersonExampleMap
[2019.09.20-05.29.07:827][  0]LogEditorServer: Finished looking for orphan Actors (0.000 secs)
[2019.09.20-05.29.07:864][  0]LogUObjectHash: Compacting FUObjectHashTables data took   1.92ms
[2019.09.20-05.29.07:865][  0]Cmd: MAP CHECKDEP NOCLEARLOG
[2019.09.20-05.29.07:865][  0]MapCheck: Map check complete: 0 Error(s), 0 Warning(s), took 0.096ms to complete.
[2019.09.20-05.29.07:865][  0]LogFileHelpers: Loading map 'ThirdPersonExampleMap' took 0.173
[2019.09.20-05.29.07:989][  0]LogSlate: Updating window title bar state: overlay mode, drag disabled, window buttons hidden, title bar hidden
[2019.09.20-05.29.07:996][  0]LogSlate: Updating window title bar state: overlay mode, drag disabled, window buttons hidden, title bar hidden
[2019.09.20-05.29.08:003][  0]LogSlate: Updating window title bar state: overlay mode, drag disabled, window buttons hidden, title bar hidden
[2019.09.20-05.29.08:010][  0]LogSlate: Updating window title bar state: overlay mode, drag disabled, window buttons hidden, title bar hidden
[2019.09.20-05.29.08:014][  0]LogCollectionManager: Loaded 0 collections in 0.000846 seconds
[2019.09.20-05.29.08:053][  0]LogFileCache: Scanning file cache for directory 'D:/In Development/Procedurally-Generated-Forest/Sekirime_Skills/Saved/Collections/' took 0.01s
[2019.09.20-05.29.08:053][  0]LogFileCache: Scanning file cache for directory 'D:/In Development/Procedurally-Generated-Forest/Sekirime_Skills/Content/Developers/NabilSekirime/Collections/' took 0.01s
[2019.09.20-05.29.08:053][  0]LogFileCache: Scanning file cache for directory 'D:/In Development/Procedurally-Generated-Forest/Sekirime_Skills/Content/Collections/' took 0.01s
[2019.09.20-05.29.08:053][  0]LogCollectionManager: Rebuilt the GUID cache for 0 collections in 0.000000 seconds
[2019.09.20-05.29.08:063][  0]LogContentBrowser: Native class hierarchy populated in 0.0100 seconds. Added 2735 classes and 662 folders.
[2019.09.20-05.29.08:068][  0]LogContentBrowser: Native class hierarchy updated for 'WidgetCarousel' in 0.0004 seconds. Added 0 classes and 0 folders.
[2019.09.20-05.29.08:069][  0]LogPakFile: Registered encryption key '00000000000000000000000000000000': 0 pak files mounted, 0 remain pending
[2019.09.20-05.29.08:070][  0]LogPakFile: Registered encryption key '00000000000000000000000000000000': 0 pak files mounted, 0 remain pending
[2019.09.20-05.29.08:070][  0]LogPakFile: Registered encryption key '00000000000000000000000000000000': 0 pak files mounted, 0 remain pending
[2019.09.20-05.29.08:071][  0]LogPakFile: Registered encryption key '00000000000000000000000000000000': 0 pak files mounted, 0 remain pending
[2019.09.20-05.29.08:071][  0]LogPakFile: Registered encryption key '00000000000000000000000000000000': 0 pak files mounted, 0 remain pending
[2019.09.20-05.29.08:071][  0]LogPakFile: Registered encryption key '00000000000000000000000000000000': 0 pak files mounted, 0 remain pending
[2019.09.20-05.29.08:072][  0]LogPakFile: Registered encryption key '00000000000000000000000000000000': 0 pak files mounted, 0 remain pending
[2019.09.20-05.29.08:072][  0]LogPakFile: Registered encryption key '00000000000000000000000000000000': 0 pak files mounted, 0 remain pending
[2019.09.20-05.29.08:073][  0]LogPakFile: Registered encryption key '00000000000000000000000000000000': 0 pak files mounted, 0 remain pending
[2019.09.20-05.29.08:073][  0]LogPakFile: Registered encryption key '00000000000000000000000000000000': 0 pak files mounted, 0 remain pending
[2019.09.20-05.29.08:073][  0]LogPakFile: Registered encryption key '00000000000000000000000000000000': 0 pak files mounted, 0 remain pending
[2019.09.20-05.29.08:074][  0]LogPakFile: Registered encryption key '00000000000000000000000000000000': 0 pak files mounted, 0 remain pending
[2019.09.20-05.29.08:074][  0]LogPakFile: Registered encryption key '00000000000000000000000000000000': 0 pak files mounted, 0 remain pending
[2019.09.20-05.29.08:075][  0]LogPakFile: Registered encryption key '00000000000000000000000000000000': 0 pak files mounted, 0 remain pending
[2019.09.20-05.29.08:075][  0]LogPakFile: Registered encryption key '00000000000000000000000000000000': 0 pak files mounted, 0 remain pending
[2019.09.20-05.29.08:075][  0]LogPakFile: Registered encryption key '00000000000000000000000000000000': 0 pak files mounted, 0 remain pending
[2019.09.20-05.29.08:076][  0]LogPakFile: Registered encryption key '00000000000000000000000000000000': 0 pak files mounted, 0 remain pending
[2019.09.20-05.29.08:076][  0]LogPakFile: Registered encryption key '00000000000000000000000000000000': 0 pak files mounted, 0 remain pending
[2019.09.20-05.29.08:076][  0]LogPakFile: Registered encryption key '00000000000000000000000000000000': 0 pak files mounted, 0 remain pending
[2019.09.20-05.29.08:077][  0]LogPakFile: Registered encryption key '00000000000000000000000000000000': 0 pak files mounted, 0 remain pending
[2019.09.20-05.29.08:077][  0]LogPakFile: Registered encryption key '00000000000000000000000000000000': 0 pak files mounted, 0 remain pending
[2019.09.20-05.29.08:078][  0]LogPakFile: Registered encryption key '00000000000000000000000000000000': 0 pak files mounted, 0 remain pending
[2019.09.20-05.29.08:078][  0]LogPakFile: Registered encryption key '00000000000000000000000000000000': 0 pak files mounted, 0 remain pending
[2019.09.20-05.29.08:079][  0]LogPakFile: Registered encryption key '00000000000000000000000000000000': 0 pak files mounted, 0 remain pending
[2019.09.20-05.29.08:079][  0]LogPakFile: Registered encryption key '00000000000000000000000000000000': 0 pak files mounted, 0 remain pending
[2019.09.20-05.29.08:079][  0]LogPakFile: Registered encryption key '00000000000000000000000000000000': 0 pak files mounted, 0 remain pending
[2019.09.20-05.29.08:104][  0]LogContentBrowser: Native class hierarchy updated for 'AddContentDialog' in 0.0004 seconds. Added 0 classes and 0 folders.
[2019.09.20-05.29.08:112][  0]LogContentBrowser: Native class hierarchy updated for 'SceneOutliner' in 0.0004 seconds. Added 1 classes and 2 folders.
[2019.09.20-05.29.08:183][  0]LogSlate: Took 0.000227 seconds to synchronously load lazily loaded font '../../../Engine/Content/Slate/Fonts/Roboto-Regular.ttf' (155K)
[2019.09.20-05.29.08:186][  0]LogSlate: Took 0.000201 seconds to synchronously load lazily loaded font '../../../Engine/Content/Slate/Fonts/Roboto-Bold.ttf' (160K)
[2019.09.20-05.29.08:191][  0]LogSlate: Took 0.000154 seconds to synchronously load lazily loaded font '../../../Engine/Content/Editor/Slate/Fonts/FontAwesome.ttf' (139K)
[2019.09.20-05.29.08:248][  0]LogRenderer: Reallocating scene render targets to support 1208x572 Format 10 NumSamples 1 (Frame:1).
[2019.09.20-05.29.08:359][  0]LogContentBrowser: Native class hierarchy updated for 'HierarchicalLODOutliner' in 0.0005 seconds. Added 0 classes and 0 folders.
[2019.09.20-05.29.08:359][  0]LogLoad: (Engine Initialization) Total time: 8.67 seconds
[2019.09.20-05.29.08:359][  0]LogLoad: (Engine Initialization) Total Blueprint compile time: 0.00 seconds
[2019.09.20-05.29.08:392][  0]LogAssetRegistry: Asset discovery search completed in 4.4927 seconds
[2019.09.20-05.29.08:394][  0]LogCollectionManager: Rebuilt the object cache for 0 collections in 0.000001 seconds (found 0 objects)
[2019.09.20-05.29.08:394][  0]LogCollectionManager: Fixed up redirectors for 0 collections in 0.000089 seconds (updated 0 objects)
[2019.09.20-05.29.08:396][  0]LogContentStreaming: Texture pool size now 1000 MB
[2019.09.20-05.29.08:441][  0]LogSlate: Took 0.000158 seconds to synchronously load lazily loaded font '../../../Engine/Content/Slate/Fonts/Roboto-Light.ttf' (167K)
[2019.09.20-05.29.09:389][108]LogSlate: Took 0.000162 seconds to synchronously load lazily loaded font '../../../Engine/Content/Slate/Fonts/Roboto-Light.ttf' (167K)
[2019.09.20-05.29.18:733][422]LogSlate: FSceneViewport::OnFocusLost() reason 0
[2019.09.20-05.29.20:460][611]LogAIModule: Creating AISystem for world Procedural_Forest_Test
[2019.09.20-05.29.20:474][611]LogAssetEditorManager: Opening Asset editor for World /Game/Levels/Procedural_Forest_Test.Procedural_Forest_Test
[2019.09.20-05.29.20:512][611]LogUObjectHash: Compacting FUObjectHashTables data took   1.89ms
[2019.09.20-05.29.20:513][611]Cmd: MAP LOAD FILE="../../../../../In Development/Procedurally-Generated-Forest/Sekirime_Skills/Content/Levels/Procedural_Forest_Test.umap" TEMPLATE=0 SHOWPROGRESS=1 FEATURELEVEL=3
[2019.09.20-05.29.20:513][611]LightingResults: New page: Lighting Build
[2019.09.20-05.29.20:513][611]LoadErrors: New page: Loading map: Procedural_Forest_Test.umap
[2019.09.20-05.29.20:514][611]MapCheck: New page: Map Check
[2019.09.20-05.29.20:514][611]LightingResults: New page: Lighting Build
[2019.09.20-05.29.20:549][611]LogUObjectHash: Compacting FUObjectHashTables data took   1.93ms
[2019.09.20-05.29.20:618][611]LogEditorServer: Finished looking for orphan Actors (0.000 secs)
[2019.09.20-05.29.20:655][611]LogUObjectHash: Compacting FUObjectHashTables data took   1.63ms
[2019.09.20-05.29.20:682][611]Cmd: MAP CHECKDEP NOCLEARLOG
[2019.09.20-05.29.20:684][611]MapCheck: Map check complete: 0 Error(s), 0 Warning(s), took 1.694ms to complete.
[2019.09.20-05.29.20:684][611]LogFileHelpers: Loading map 'Procedural_Forest_Test' took 0.172
[2019.09.20-05.32.04:331][673]LogUObjectHash: Compacting FUObjectHashTables data took   1.29ms
[2019.09.20-05.32.04:835][673]LogSavePackage: Moving '../../../../../In Development/Procedurally-Generated-Forest/Sekirime_Skills/Saved/Procedural_Forest_Test4247703344AA112B3F233ABB279D0528.tmp' to '../../../../../In Development/Procedurally-Generated-Forest/Sekirime_Skills/Content/Levels/Procedural_Forest_Test.umap'
[2019.09.20-05.32.18:007][204]LogSlate: FSceneViewport::OnFocusLost() reason 0
[2019.09.20-05.32.26:782][ 61]LogTexture: Display: Building textures: Texture2D_2 (G8, 128X128)
[2019.09.20-05.32.39:210][413]LogSlate: FSceneViewport::OnFocusLost() reason 0
[2019.09.20-05.32.54:998][327]LogSlate: Window 'Save Asset As' being destroyed
[2019.09.20-05.32.59:076][800]LogAssetEditorManager: Opening Asset editor for FoliageType_InstancedStaticMesh /Game/Foliage/Rock.Rock
[2019.09.20-05.33.32:789][463]Cmd: OBJ SAVEPACKAGE PACKAGE="/Game/Foliage/Rock" FILE="../../../../../In Development/Procedurally-Generated-Forest/Sekirime_Skills/Content/Foliage/Rock.uasset" SILENT=true
[2019.09.20-05.33.32:805][463]LogSavePackage: Moving '../../../../../In Development/Procedurally-Generated-Forest/Sekirime_Skills/Saved/RockEBAA94274C3653495C58DB932D891AD9.tmp' to '../../../../../In Development/Procedurally-Generated-Forest/Sekirime_Skills/Content/Foliage/Rock.uasset'
[2019.09.20-05.33.35:056][714]LogSlate: Window 'Rock' being destroyed
[2019.09.20-05.33.35:062][714]LogSlate: Window 'Rock' being destroyed
[2019.09.20-05.33.44:782][860]LogSlate: FSceneViewport::OnFocusLost() reason 0
[2019.09.20-05.33.45:046][876]LogActorComponent: UnregisterComponent: (/Engine/Transient.SphereBrushComponent) Not registered. Aborting.
[2019.09.20-05.33.47:636][179]LogActorFactory: Actor Factory created Cube
[2019.09.20-05.33.48:850][295]LogActorFactory: Actor Factory created Cube
[2019.09.20-05.34.00:515][636]LogSlate: FSceneViewport::OnFocusLost() reason 0
[2019.09.20-05.34.05:736][243]LogSlate: FSceneViewport::OnFocusLost() reason 0
[2019.09.20-05.34.27:800][859]LogSlate: FSceneViewport::OnFocusLost() reason 0
[2019.09.20-05.34.34:471][649]Cmd: DELETE
[2019.09.20-05.34.34:471][649]Cmd: ACTOR DELETE
[2019.09.20-05.34.34:475][649]LogEditorActor: Deleted Actor: StaticMeshActor
[2019.09.20-05.34.34:513][649]LogUObjectHash: Compacting FUObjectHashTables data took   2.21ms
[2019.09.20-05.34.34:514][649]LogEditorActor: Deleted 1 Actors (0.042 secs)
[2019.09.20-05.34.37:331][985]LogSlate: FSceneViewport::OnFocusLost() reason 0
[2019.09.20-05.34.44:085][786]LogSlate: FSceneViewport::OnFocusLost() reason 0
[2019.09.20-05.34.47:690][211]LogSlate: FSceneViewport::OnFocusLost() reason 0
[2019.09.20-05.34.47:830][228]LogTemp: Repeating last play command: Selected Viewport
[2019.09.20-05.34.47:846][228]LogBlueprintUserMessages: Early PlayInEditor Detection: Level '/Game/Levels/Procedural_Forest_Test.Procedural_Forest_Test:PersistentLevel' has LevelScriptBlueprint '/Game/Levels/Procedural_Forest_Test.Procedural_Forest_Test:PersistentLevel.Procedural_Forest_Test' with GeneratedClass '/Game/Levels/Procedural_Forest_Test.Procedural_Forest_Test_C' with ClassGeneratedBy '/Game/Levels/Procedural_Forest_Test.Procedural_Forest_Test:PersistentLevel.Procedural_Forest_Test'
[2019.09.20-05.34.47:846][228]LogPlayLevel: PlayLevel: No blueprints needed recompiling
[2019.09.20-05.34.47:846][228]PIE: New page: PIE session: Procedural_Forest_Test (Sep 19, 2019, 9:34:47 PM)
[2019.09.20-05.34.47:859][228]LogPlayLevel: Creating play world package: /Game/Levels/UEDPIE_0_Procedural_Forest_Test
[2019.09.20-05.34.47:924][228]LogPlayLevel: PIE: StaticDuplicateObject took: (0.064536s)
[2019.09.20-05.34.47:925][228]LogAIModule: Creating AISystem for world Procedural_Forest_Test
[2019.09.20-05.34.47:925][228]LogPlayLevel: PIE: World Init took: (0.000577s)
[2019.09.20-05.34.47:925][228]LogPlayLevel: PIE: Created PIE world by copying editor world from /Game/Levels/Procedural_Forest_Test.Procedural_Forest_Test to /Game/Levels/UEDPIE_0_Procedural_Forest_Test.Procedural_Forest_Test (0.065795s)
[2019.09.20-05.34.47:959][228]LogUObjectHash: Compacting FUObjectHashTables data took   1.79ms
[2019.09.20-05.34.47:990][228]LogInit: XAudio2 using 'Speakers (2- USB Audio Device)' : 2 channels at 48 kHz using 16 bits per sample (channel mask 0x3)
[2019.09.20-05.34.48:010][228]LogInit: FAudioDevice initialized.
[2019.09.20-05.34.48:055][228]LogLoad: Game class is 'Sekirime_SkillsGameMode'
[2019.09.20-05.34.48:056][228]LogWorld: Bringing World /Game/Levels/UEDPIE_0_Procedural_Forest_Test.Procedural_Forest_Test up for play (max tick rate 0) at 2019.09.20-01.34.48
[2019.09.20-05.34.48:057][228]LogWorld: Bringing up level for play took: 0.000867
[2019.09.20-05.34.48:073][228]LogContentBrowser: Native class hierarchy updated for 'MovieSceneCapture' in 0.0005 seconds. Added 20 classes and 0 folders.
[2019.09.20-05.35.05:451][228]LogBlueprintUserMessages: [Procedural_Forest_Test_C_0] Welcome to Nabil Sekirime's demonstration of a procedurally generated forest

Press P to view author of the skills test, and press O to view test objectives
[2019.09.20-05.35.05:451][228]PIE: Play in editor start time for /Game/Levels/UEDPIE_0_Procedural_Forest_Test 18.38
[2019.09.20-05.35.05:451][228]LogBlueprintUserMessages: Late PlayInEditor Detection: Level '/Game/Levels/Procedural_Forest_Test.Procedural_Forest_Test:PersistentLevel' has LevelScriptBlueprint '/Game/Levels/Procedural_Forest_Test.Procedural_Forest_Test:PersistentLevel.Procedural_Forest_Test' with GeneratedClass '/Game/Levels/Procedural_Forest_Test.Procedural_Forest_Test_C' with ClassGeneratedBy '/Game/Levels/Procedural_Forest_Test.Procedural_Forest_Test:PersistentLevel.Procedural_Forest_Test'
[2019.09.20-05.35.42:798][488]LogSlate: FSceneViewport::OnFocusLost() reason 0
[2019.09.20-05.35.50:766][362]LogSlate: FSceneViewport::OnFocusLost() reason 2
[2019.09.20-05.37.31:677][642]LogSlate: FSceneViewport::OnFocusLost() reason 2
[2019.09.20-05.38.47:832][579]LogSlate: FSceneViewport::OnFocusLost() reason 0
[2019.09.20-05.39.03:425][397]LogActorComponent: UnregisterComponent: (/Engine/Transient.SphereBrushComponent) Not registered. Aborting.
[2019.09.20-05.39.24:011][656]LogEditorViewport: Clicking Background
[2019.09.20-05.39.47:513][462]LogSlate: FSceneViewport::OnFocusLost() reason 0
[2019.09.20-05.39.47:639][477]LogBlueprintUserMessages: Early EndPlayMap Detection: Level '/Game/Levels/Procedural_Forest_Test.Procedural_Forest_Test:PersistentLevel' has LevelScriptBlueprint '/Game/Levels/Procedural_Forest_Test.Procedural_Forest_Test:PersistentLevel.Procedural_Forest_Test' with GeneratedClass '/Game/Levels/Procedural_Forest_Test.Procedural_Forest_Test_C' with ClassGeneratedBy '/Game/Levels/Procedural_Forest_Test.Procedural_Forest_Test:PersistentLevel.Procedural_Forest_Test'
[2019.09.20-05.39.47:640][477]LogSlate: Updating window title bar state: overlay mode, drag disabled, window buttons hidden, title bar hidden
[2019.09.20-05.39.47:668][477]LogPlayLevel: Display: Shutting down PIE online subsystems
[2019.09.20-05.39.47:668][477]LogBlueprintUserMessages: Late EndPlayMap Detection: Level '/Game/Levels/Procedural_Forest_Test.Procedural_Forest_Test:PersistentLevel' has LevelScriptBlueprint '/Game/Levels/Procedural_Forest_Test.Procedural_Forest_Test:PersistentLevel.Procedural_Forest_Test' with GeneratedClass '/Game/Levels/Procedural_Forest_Test.Procedural_Forest_Test_C' with ClassGeneratedBy '/Game/Levels/Procedural_Forest_Test.Procedural_Forest_Test:PersistentLevel.Procedural_Forest_Test'
[2019.09.20-05.39.47:706][477]LogSlate: Updating window title bar state: overlay mode, drag disabled, window buttons hidden, title bar hidden
[2019.09.20-05.39.47:709][477]LogUObjectHash: Compacting FUObjectHashTables data took   1.64ms
[2019.09.20-05.39.47:744][481]LogPlayLevel: Display: Destroying online subsystem :Context_4
[2019.09.20-05.39.52:964][ 84]LogSlate: FSceneViewport::OnFocusLost() reason 0
[2019.09.20-05.40.00:486][967]LogSlate: FSceneViewport::OnFocusLost() reason 2
[2019.09.20-05.40.00:527][967]LogUObjectHash: Compacting FUObjectHashTables data took   0.70ms
[2019.09.20-05.40.00:998][967]LogSavePackage: Moving '../../../../../In Development/Procedurally-Generated-Forest/Sekirime_Skills/Saved/Procedural_Forest_Test373C26E040B0D6F174B7049B7CA007B3.tmp' to '../../../../../In Development/Procedurally-Generated-Forest/Sekirime_Skills/Content/Levels/Procedural_Forest_Test.umap'
[2019.09.20-05.44.21:845][851]LogUObjectHash: Compacting FUObjectHashTables data took   2.22ms
[2019.09.20-05.44.22:324][851]LogSavePackage: Moving '../../../../../In Development/Procedurally-Generated-Forest/Sekirime_Skills/Saved/Procedural_Forest_Test786D5C524C9458CD8D9DF4BA53740678.tmp' to '../../../../../In Development/Procedurally-Generated-Forest/Sekirime_Skills/Content/Levels/Procedural_Forest_Test.umap'
[2019.09.20-05.44.32:124][ 19]LogEditorViewport: Clicking Background
[2019.09.20-05.44.33:314][160]LogEditorViewport: Clicking on Actor (LMB): Terrain_Generator_Blueprint_C (Terrain_Generator_Blueprint)
[2019.09.20-05.44.50:050][163]LogSlate: Took 0.000277 seconds to synchronously load lazily loaded font '../../../Engine/Content/Slate/Fonts/Roboto-Italic.ttf' (157K)
[2019.09.20-05.44.51:672][355]LogEditorViewport: Clicking Background
[2019.09.20-05.49.25:787][853]LogSlate: FSceneViewport::OnFocusLost() reason 0
[2019.09.20-05.49.25:958][853]LogTemp: Repeating last play command: Selected Viewport
[2019.09.20-05.49.25:973][853]LogBlueprintUserMessages: Early PlayInEditor Detection: Level '/Game/Levels/Procedural_Forest_Test.Procedural_Forest_Test:PersistentLevel' has LevelScriptBlueprint '/Game/Levels/Procedural_Forest_Test.Procedural_Forest_Test:PersistentLevel.Procedural_Forest_Test' with GeneratedClass '/Game/Levels/Procedural_Forest_Test.Procedural_Forest_Test_C' with ClassGeneratedBy '/Game/Levels/Procedural_Forest_Test.Procedural_Forest_Test:PersistentLevel.Procedural_Forest_Test'
[2019.09.20-05.49.25:973][853]LogPlayLevel: PlayLevel: No blueprints needed recompiling
[2019.09.20-05.49.25:973][853]PIE: New page: PIE session: Procedural_Forest_Test (Sep 19, 2019, 9:49:25 PM)
[2019.09.20-05.49.25:974][853]LogPlayLevel: Creating play world package: /Game/Levels/UEDPIE_0_Procedural_Forest_Test
[2019.09.20-05.49.26:037][853]LogPlayLevel: PIE: StaticDuplicateObject took: (0.063851s)
[2019.09.20-05.49.26:038][853]LogAIModule: Creating AISystem for world Procedural_Forest_Test
[2019.09.20-05.49.26:038][853]LogPlayLevel: PIE: World Init took: (0.000731s)
[2019.09.20-05.49.26:038][853]LogPlayLevel: PIE: Created PIE world by copying editor world from /Game/Levels/Procedural_Forest_Test.Procedural_Forest_Test to /Game/Levels/UEDPIE_0_Procedural_Forest_Test.Procedural_Forest_Test (0.064800s)
[2019.09.20-05.49.26:076][853]LogUObjectHash: Compacting FUObjectHashTables data took   2.01ms
[2019.09.20-05.49.26:106][853]LogInit: XAudio2 using 'Speakers (2- USB Audio Device)' : 2 channels at 48 kHz using 16 bits per sample (channel mask 0x3)
[2019.09.20-05.49.26:119][853]LogInit: FAudioDevice initialized.
[2019.09.20-05.49.26:149][853]LogLoad: Game class is 'Sekirime_SkillsGameMode'
[2019.09.20-05.49.26:151][853]LogWorld: Bringing World /Game/Levels/UEDPIE_0_Procedural_Forest_Test.Procedural_Forest_Test up for play (max tick rate 0) at 2019.09.20-01.49.26
[2019.09.20-05.49.26:151][853]LogWorld: Bringing up level for play took: 0.001199
[2019.09.20-05.49.43:330][853]LogBlueprintUserMessages: [Procedural_Forest_Test_C_2] Welcome to Nabil Sekirime's demonstration of a procedurally generated forest

Press P to view author of the skills test, and press O to view test objectives
[2019.09.20-05.49.43:330][853]PIE: Play in editor start time for /Game/Levels/UEDPIE_0_Procedural_Forest_Test 18.259
[2019.09.20-05.49.43:330][853]LogBlueprintUserMessages: Late PlayInEditor Detection: Level '/Game/Levels/Procedural_Forest_Test.Procedural_Forest_Test:PersistentLevel' has LevelScriptBlueprint '/Game/Levels/Procedural_Forest_Test.Procedural_Forest_Test:PersistentLevel.Procedural_Forest_Test' with GeneratedClass '/Game/Levels/Procedural_Forest_Test.Procedural_Forest_Test_C' with ClassGeneratedBy '/Game/Levels/Procedural_Forest_Test.Procedural_Forest_Test:PersistentLevel.Procedural_Forest_Test'
[2019.09.20-05.49.51:061][774]LogBlueprintUserMessages: Early EndPlayMap Detection: Level '/Game/Levels/Procedural_Forest_Test.Procedural_Forest_Test:PersistentLevel' has LevelScriptBlueprint '/Game/Levels/Procedural_Forest_Test.Procedural_Forest_Test:PersistentLevel.Procedural_Forest_Test' with GeneratedClass '/Game/Levels/Procedural_Forest_Test.Procedural_Forest_Test_C' with ClassGeneratedBy '/Game/Levels/Procedural_Forest_Test.Procedural_Forest_Test:PersistentLevel.Procedural_Forest_Test'
[2019.09.20-05.49.51:061][774]LogSlate: Updating window title bar state: overlay mode, drag disabled, window buttons hidden, title bar hidden
[2019.09.20-05.49.51:095][774]LogPlayLevel: Display: Shutting down PIE online subsystems
[2019.09.20-05.49.51:096][774]LogBlueprintUserMessages: Late EndPlayMap Detection: Level '/Game/Levels/Procedural_Forest_Test.Procedural_Forest_Test:PersistentLevel' has LevelScriptBlueprint '/Game/Levels/Procedural_Forest_Test.Procedural_Forest_Test:PersistentLevel.Procedural_Forest_Test' with GeneratedClass '/Game/Levels/Procedural_Forest_Test.Procedural_Forest_Test_C' with ClassGeneratedBy '/Game/Levels/Procedural_Forest_Test.Procedural_Forest_Test:PersistentLevel.Procedural_Forest_Test'
[2019.09.20-05.49.51:134][774]LogSlate: Updating window title bar state: overlay mode, drag disabled, window buttons hidden, title bar hidden
[2019.09.20-05.49.51:137][774]LogUObjectHash: Compacting FUObjectHashTables data took   1.29ms
[2019.09.20-05.49.51:164][777]LogPlayLevel: Display: Destroying online subsystem :Context_6
