Log file open, 09/19/19 14:05:35
LogWindows: Failed to load 'aqProf.dll' (GetLastError=126)
LogWindows: File 'aqProf.dll' does not exist
LogWindows: Failed to load 'VtuneApi.dll' (GetLastError=126)
LogWindows: File 'VtuneApi.dll' does not exist
LogWindows: Failed to load 'VtuneApi32e.dll' (GetLastError=126)
LogWindows: File 'VtuneApi32e.dll' does not exist
LogConsoleResponse: Display: Failed to find resolution value strings in scalability ini. Falling back to default.
LogInit: Display: Running engine for game: Sekirime_Skills
LogPakFile: Registered encryption key '00000000000000000000000000000000': 0 pak files mounted, 0 remain pending
LogPlatformFile: Not using cached read wrapper
LogTaskGraph: Started task graph with 5 named threads and 47 total threads with 3 sets of task threads.
LogStats: Stats thread started at 0.538151
LogD3D11RHI: Loaded GFSDK_Aftermath_Lib.x64.dll
LogICUInternationalization: ICU TimeZone Detection - Raw Offset: -5:00, Platform Override: ''
LogPluginManager: Mounting plugin Paper2D
LogPluginManager: Mounting plugin AISupport
LogPluginManager: Mounting plugin LightPropagationVolume
LogPluginManager: Mounting plugin ActorLayerUtilities
LogPluginManager: Mounting plugin AnimationSharing
LogPluginManager: Mounting plugin CLionSourceCodeAccess
LogPluginManager: Mounting plugin CodeLiteSourceCodeAccess
LogPluginManager: Mounting plugin GitSourceControl
LogPluginManager: Mounting plugin KDevelopSourceCodeAccess
LogPluginManager: Mounting plugin NullSourceCodeAccess
LogPluginManager: Mounting plugin PerforceSourceControl
LogPluginManager: Mounting plugin SubversionSourceControl
LogPluginManager: Mounting plugin UObjectPlugin
LogPluginManager: Mounting plugin VisualStudioCodeSourceCodeAccess
LogPluginManager: Mounting plugin VisualStudioSourceCodeAccess
LogPluginManager: Mounting plugin XCodeSourceCodeAccess
LogPluginManager: Mounting plugin AssetManagerEditor
LogPluginManager: Mounting plugin CryptoKeys
LogPluginManager: Mounting plugin DataValidation
LogPluginManager: Mounting plugin FacialAnimation
LogPluginManager: Mounting plugin GameplayTagsEditor
LogPluginManager: Mounting plugin MacGraphicsSwitching
LogPluginManager: Mounting plugin MaterialAnalyzer
LogPluginManager: Mounting plugin MobileLauncherProfileWizard
LogPluginManager: Mounting plugin PluginBrowser
LogPluginManager: Mounting plugin SpeedTreeImporter
LogPluginManager: Mounting plugin DatasmithContent
LogPluginManager: Mounting plugin VariantManagerContent
LogPluginManager: Mounting plugin AlembicImporter
LogPluginManager: Mounting plugin AppleImageUtils
LogPluginManager: Mounting plugin AppleVision
LogPluginManager: Mounting plugin BackChannel
LogPluginManager: Mounting plugin CharacterAI
LogPluginManager: Mounting plugin GeometryCache
LogPluginManager: Mounting plugin HTML5Networking
LogPluginManager: Mounting plugin ProxyLODPlugin
LogPluginManager: Mounting plugin SkeletalReduction
LogPluginManager: Mounting plugin MagicLeap
LogPluginManager: Mounting plugin MagicLeapMedia
LogPluginManager: Mounting plugin AndroidMedia
LogPluginManager: Mounting plugin AvfMedia
LogPluginManager: Mounting plugin ImgMedia
LogPluginManager: Mounting plugin LinearTimecode
LogPluginManager: Mounting plugin MediaCompositing
LogPluginManager: Mounting plugin MediaPlayerEditor
LogPluginManager: Mounting plugin WebMMedia
LogPluginManager: Mounting plugin WmfMedia
LogPluginManager: Mounting plugin TcpMessaging
LogPluginManager: Mounting plugin UdpMessaging
LogPluginManager: Mounting plugin ActorSequence
LogPluginManager: Mounting plugin LevelSequenceEditor
LogPluginManager: Mounting plugin MatineeToLevelSequence
LogPluginManager: Mounting plugin NetcodeUnitTest
LogPluginManager: Mounting plugin NUTUnrealEngine4
LogPluginManager: Mounting plugin OnlineSubsystemGooglePlay
LogPluginManager: Mounting plugin OnlineSubsystemIOS
LogPluginManager: Mounting plugin OnlineSubsystem
LogPluginManager: Mounting plugin OnlineSubsystemNull
LogPluginManager: Mounting plugin OnlineSubsystemUtils
LogPluginManager: Mounting plugin LauncherChunkInstaller
LogPluginManager: Mounting plugin AndroidDeviceProfileSelector
LogPluginManager: Mounting plugin AndroidMoviePlayer
LogPluginManager: Mounting plugin AndroidPermission
LogPluginManager: Mounting plugin AppleMoviePlayer
LogPluginManager: Mounting plugin ArchVisCharacter
LogPluginManager: Mounting plugin AudioCapture
LogPluginManager: Mounting plugin CableComponent
LogPluginManager: Mounting plugin CustomMeshComponent
LogPluginManager: Mounting plugin EditableMesh
LogPluginManager: Mounting plugin ExampleDeviceProfileSelector
LogPluginManager: Mounting plugin Firebase
LogPluginManager: Mounting plugin GoogleCloudMessaging
LogPluginManager: Mounting plugin IOSDeviceProfileSelector
LogPluginManager: Mounting plugin LinuxDeviceProfileSelector
LogPluginManager: Mounting plugin LocationServicesBPLibrary
LogPluginManager: Mounting plugin MobilePatchingUtils
LogPluginManager: Mounting plugin OculusVR
LogPluginManager: Mounting plugin PhysXVehicles
LogPluginManager: Mounting plugin ProceduralMeshComponent
LogPluginManager: Mounting plugin RuntimePhysXCooking
LogPluginManager: Mounting plugin SignificanceManager
LogPluginManager: Mounting plugin SteamVR
LogPluginManager: Mounting plugin WebMMoviePlayer
LogPluginManager: Mounting plugin WindowsMoviePlayer
LogInit: Using libcurl 7.55.1-DEV
LogInit:  - built for x86_64-pc-win32
LogInit:  - supports SSL with OpenSSL/1.1.1
LogInit:  - supports HTTP deflate (compression) using libz 1.2.8
LogInit:  - other features:
LogInit:      CURL_VERSION_SSL
LogInit:      CURL_VERSION_LIBZ
LogInit:      CURL_VERSION_IPV6
LogInit:      CURL_VERSION_ASYNCHDNS
LogInit:      CURL_VERSION_LARGEFILE
LogInit:      CURL_VERSION_IDN
LogInit:  CurlRequestOptions (configurable via config and command line):
LogInit:  - bVerifyPeer = true  - Libcurl will verify peer certificate
LogInit:  - bUseHttpProxy = false  - Libcurl will NOT use HTTP proxy
LogInit:  - bDontReuseConnections = false  - Libcurl will reuse connections
LogInit:  - MaxHostConnections = 16  - Libcurl will limit the number of connections to a host
LogInit:  - LocalHostAddr = Default
LogInit:  - BufferSize = 65536
LogInit: WinSock: version 1.1 (2.2), MaxSocks=32767, MaxUdp=65467
LogInit: Build: ++UE4+Release-4.22-CL-7053642
LogInit: Engine Version: 4.22.3-7053642+++UE4+Release-4.22
LogInit: Compatible Engine Version: 4.22.0-5660361+++UE4+Release-4.22
LogInit: Net CL: 5660361
LogInit: OS: Windows 10 (Release 1809) (), CPU: Intel(R) Core(TM) i9-9900K CPU @ 3.60GHz, GPU: NVIDIA GeForce RTX 2080
LogInit: Compiled (64-bit): Jun 18 2019 03:09:11
LogInit: Compiled with Visual C++: 19.16.27025.01
LogInit: Build Configuration: Development
LogInit: Branch Name: ++UE4+Release-4.22
LogInit: Command Line:  -EpicPortal -epicusername=nabilatsoulcade -epicuserid=928abc309c314d0ab3d80cc11c86ff81 -epiclocale=en-US
LogInit: Base Directory: C:/Program Files/Epic Games/UE_4.22/Engine/Binaries/Win64/
LogInit: Installed Engine Build: 1
LogDevObjectVersion: Number of dev versions registered: 23
LogDevObjectVersion:   Dev-Blueprints (B0D832E4-1F89-4F0D-ACCF-7EB736FD4AA2): 10
LogDevObjectVersion:   Dev-Build (E1C64328-A22C-4D53-A36C-8E866417BD8C): 0
LogDevObjectVersion:   Dev-Core (375EC13C-06E4-48FB-B500-84F0262A717E): 3
LogDevObjectVersion:   Dev-Editor (E4B068ED-F494-42E9-A231-DA0B2E46BB41): 30
LogDevObjectVersion:   Dev-Framework (CFFC743F-43B0-4480-9391-14DF171D2073): 35
LogDevObjectVersion:   Dev-Mobile (B02B49B5-BB20-44E9-A304-32B752E40360): 2
LogDevObjectVersion:   Dev-Networking (A4E4105C-59A1-49B5-A7C5-40C4547EDFEE): 0
LogDevObjectVersion:   Dev-Online (39C831C9-5AE6-47DC-9A44-9C173E1C8E7C): 0
LogDevObjectVersion:   Dev-Physics (78F01B33-EBEA-4F98-B9B4-84EACCB95AA2): 0
LogDevObjectVersion:   Dev-Platform (6631380F-2D4D-43E0-8009-CF276956A95A): 0
LogDevObjectVersion:   Dev-Rendering (12F88B9F-8875-4AFC-A67C-D90C383ABD29): 28
LogDevObjectVersion:   Dev-Sequencer (7B5AE74C-D270-4C10-A958-57980B212A5A): 11
LogDevObjectVersion:   Dev-VR (D7296918-1DD6-4BDD-9DE2-64A83CC13884): 2
LogDevObjectVersion:   Dev-LoadTimes (C2A15278-BFE7-4AFE-6C17-90FF531DF755): 1
LogDevObjectVersion:   Private-Geometry (6EACA3D4-40EC-4CC1-B786-8BED09428FC5): 3
LogDevObjectVersion:   Dev-AnimPhys (29E575DD-E0A3-4627-9D10-D276232CDCEA): 17
LogDevObjectVersion:   Dev-Anim (AF43A65D-7FD3-4947-9873-3E8ED9C1BB05): 2
LogDevObjectVersion:   Dev-ReflectionCapture (6B266CEC-1EC7-4B8F-A30B-E4D90942FC07): 1
LogDevObjectVersion:   Dev-Automation (0DF73D61-A23F-47EA-B727-89E90C41499A): 1
LogDevObjectVersion:   FortniteMain (601D1886-AC64-4F84-AA16-D3DE0DEAC7D6): 25
LogDevObjectVersion:   Dev-Enterprise (9DFFBCD6-494F-0158-E221-12823C92A888): 6
LogDevObjectVersion:   Dev-Niagara (F2AED0AC-9AFE-416F-8664-AA7FFA26D6FC): 1
LogDevObjectVersion:   Dev-Destruction (174F1F0B-B4C6-45A5-B13F-2EE8D0FB917D): 2
LogInit: Presizing for max 16777216 objects, including 0 objects not considered by GC, pre-allocating 0 bytes for permanent pool.
LogInit: Object subsystem initialized
LogConfig: Setting CVar [[con.DebugEarlyDefault:1]]
LogConfig: Setting CVar [[r.setres:1280x720]]
[2019.09.19-18.05.35:567][  0]LogConfig: Setting CVar [[r.VSync:0]]
[2019.09.19-18.05.35:567][  0]LogConfig: Setting CVar [[r.RHICmdBypass:0]]
[2019.09.19-18.05.35:568][  0]LogConfig: Applying CVar settings from Section [/Script/Engine.RendererSettings] File [C:/Users/na127140/Documents/GitHub/Procedurally-Generated-Forest/Sekirime_Skills/Saved/Config/Windows/Engine.ini]
[2019.09.19-18.05.35:568][  0]LogConfig: Setting CVar [[r.GPUCrashDebugging:0]]
[2019.09.19-18.05.35:568][  0]LogConfig: Applying CVar settings from Section [/Script/Engine.RendererOverrideSettings] File [C:/Users/na127140/Documents/GitHub/Procedurally-Generated-Forest/Sekirime_Skills/Saved/Config/Windows/Engine.ini]
[2019.09.19-18.05.35:568][  0]LogConfig: Applying CVar settings from Section [/Script/Engine.StreamingSettings] File [C:/Users/na127140/Documents/GitHub/Procedurally-Generated-Forest/Sekirime_Skills/Saved/Config/Windows/Engine.ini]
[2019.09.19-18.05.35:568][  0]LogConfig: Setting CVar [[s.MinBulkDataSizeForAsyncLoading:131072]]
[2019.09.19-18.05.35:568][  0]LogConfig: Setting CVar [[s.AsyncLoadingThreadEnabled:0]]
[2019.09.19-18.05.35:568][  0]LogConfig: Setting CVar [[s.EventDrivenLoaderEnabled:1]]
[2019.09.19-18.05.35:568][  0]LogConfig: Setting CVar [[s.WarnIfTimeLimitExceeded:0]]
[2019.09.19-18.05.35:568][  0]LogConfig: Setting CVar [[s.TimeLimitExceededMultiplier:1.5]]
[2019.09.19-18.05.35:568][  0]LogConfig: Setting CVar [[s.TimeLimitExceededMinTime:0.005]]
[2019.09.19-18.05.35:568][  0]LogConfig: Setting CVar [[s.UseBackgroundLevelStreaming:1]]
[2019.09.19-18.05.35:568][  0]LogConfig: Setting CVar [[s.PriorityAsyncLoadingExtraTime:15.0]]
[2019.09.19-18.05.35:568][  0]LogConfig: Setting CVar [[s.LevelStreamingActorsUpdateTimeLimit:5.0]]
[2019.09.19-18.05.35:568][  0]LogConfig: Setting CVar [[s.PriorityLevelStreamingActorsUpdateExtraTime:5.0]]
[2019.09.19-18.05.35:568][  0]LogConfig: Setting CVar [[s.LevelStreamingComponentsRegistrationGranularity:10]]
[2019.09.19-18.05.35:568][  0]LogConfig: Setting CVar [[s.UnregisterComponentsTimeLimit:1.0]]
[2019.09.19-18.05.35:568][  0]LogConfig: Setting CVar [[s.LevelStreamingComponentsUnregistrationGranularity:5]]
[2019.09.19-18.05.35:568][  0]LogConfig: Applying CVar settings from Section [/Script/Engine.GarbageCollectionSettings] File [C:/Users/na127140/Documents/GitHub/Procedurally-Generated-Forest/Sekirime_Skills/Saved/Config/Windows/Engine.ini]
[2019.09.19-18.05.35:568][  0]LogConfig: Setting CVar [[gc.MaxObjectsNotConsideredByGC:1]]
[2019.09.19-18.05.35:568][  0]LogConfig: Setting CVar [[gc.SizeOfPermanentObjectPool:0]]
[2019.09.19-18.05.35:568][  0]LogConfig: Setting CVar [[gc.FlushStreamingOnGC:0]]
[2019.09.19-18.05.35:568][  0]LogConfig: Setting CVar [[gc.NumRetriesBeforeForcingGC:10]]
[2019.09.19-18.05.35:568][  0]LogConfig: Setting CVar [[gc.AllowParallelGC:1]]
[2019.09.19-18.05.35:568][  0]LogConfig: Setting CVar [[gc.TimeBetweenPurgingPendingKillObjects:61.1]]
[2019.09.19-18.05.35:568][  0]LogConfig: Setting CVar [[gc.MaxObjectsInEditor:16777216]]
[2019.09.19-18.05.35:568][  0]LogConfig: Setting CVar [[gc.IncrementalBeginDestroyEnabled:1]]
[2019.09.19-18.05.35:568][  0]LogConfig: Setting CVar [[gc.CreateGCClusters:1]]
[2019.09.19-18.05.35:568][  0]LogConfig: Setting CVar [[gc.MinGCClusterSize:5]]
[2019.09.19-18.05.35:568][  0]LogConfig: Setting CVar [[gc.ActorClusteringEnabled:0]]
[2019.09.19-18.05.35:568][  0]LogConfig: Setting CVar [[gc.BlueprintClusteringEnabled:0]]
[2019.09.19-18.05.35:568][  0]LogConfig: Setting CVar [[gc.UseDisregardForGCOnDedicatedServers:0]]
[2019.09.19-18.05.35:568][  0]LogConfig: Applying CVar settings from Section [/Script/Engine.NetworkSettings] File [C:/Users/na127140/Documents/GitHub/Procedurally-Generated-Forest/Sekirime_Skills/Saved/Config/Windows/Engine.ini]
[2019.09.19-18.05.35:568][  0]LogConfig: Applying CVar settings from Section [/Script/UnrealEd.CookerSettings] File [C:/Users/na127140/Documents/GitHub/Procedurally-Generated-Forest/Sekirime_Skills/Saved/Config/Windows/Engine.ini]
[2019.09.19-18.05.35:573][  0]LogConfig: Applying CVar settings from Section [ViewDistanceQuality@3] File [C:/Users/na127140/Documents/GitHub/Procedurally-Generated-Forest/Sekirime_Skills/Saved/Config/Windows/Scalability.ini]
[2019.09.19-18.05.35:573][  0]LogConfig: Setting CVar [[r.SkeletalMeshLODBias:0]]
[2019.09.19-18.05.35:573][  0]LogConfig: Setting CVar [[r.ViewDistanceScale:1.0]]
[2019.09.19-18.05.35:573][  0]LogConfig: Applying CVar settings from Section [AntiAliasingQuality@3] File [C:/Users/na127140/Documents/GitHub/Procedurally-Generated-Forest/Sekirime_Skills/Saved/Config/Windows/Scalability.ini]
[2019.09.19-18.05.35:573][  0]LogConfig: Setting CVar [[r.PostProcessAAQuality:4]]
[2019.09.19-18.05.35:573][  0]LogConfig: Applying CVar settings from Section [ShadowQuality@3] File [C:/Users/na127140/Documents/GitHub/Procedurally-Generated-Forest/Sekirime_Skills/Saved/Config/Windows/Scalability.ini]
[2019.09.19-18.05.35:573][  0]LogConfig: Setting CVar [[r.LightFunctionQuality:1]]
[2019.09.19-18.05.35:573][  0]LogConfig: Setting CVar [[r.ShadowQuality:5]]
[2019.09.19-18.05.35:573][  0]LogConfig: Setting CVar [[r.Shadow.CSM.MaxCascades:10]]
[2019.09.19-18.05.35:573][  0]LogConfig: Setting CVar [[r.Shadow.MaxResolution:2048]]
[2019.09.19-18.05.35:573][  0]LogConfig: Setting CVar [[r.Shadow.MaxCSMResolution:2048]]
[2019.09.19-18.05.35:573][  0]LogConfig: Setting CVar [[r.Shadow.RadiusThreshold:0.01]]
[2019.09.19-18.05.35:573][  0]LogConfig: Setting CVar [[r.Shadow.DistanceScale:1.0]]
[2019.09.19-18.05.35:573][  0]LogConfig: Setting CVar [[r.Shadow.CSM.TransitionScale:1.0]]
[2019.09.19-18.05.35:573][  0]LogConfig: Setting CVar [[r.Shadow.PreShadowResolutionFactor:1.0]]
[2019.09.19-18.05.35:573][  0]LogConfig: Setting CVar [[r.DistanceFieldShadowing:1]]
[2019.09.19-18.05.35:573][  0]LogConfig: Setting CVar [[r.DistanceFieldAO:1]]
[2019.09.19-18.05.35:573][  0]LogConfig: Setting CVar [[r.AOQuality:2]]
[2019.09.19-18.05.35:573][  0]LogConfig: Setting CVar [[r.VolumetricFog:1]]
[2019.09.19-18.05.35:573][  0]LogConfig: Setting CVar [[r.VolumetricFog.GridPixelSize:8]]
[2019.09.19-18.05.35:573][  0]LogConfig: Setting CVar [[r.VolumetricFog.GridSizeZ:128]]
[2019.09.19-18.05.35:573][  0]LogConfig: Setting CVar [[r.VolumetricFog.HistoryMissSupersampleCount:4]]
[2019.09.19-18.05.35:573][  0]LogConfig: Setting CVar [[r.LightMaxDrawDistanceScale:1]]
[2019.09.19-18.05.35:573][  0]LogConfig: Setting CVar [[r.CapsuleShadows:1]]
[2019.09.19-18.05.35:573][  0]LogConfig: Applying CVar settings from Section [PostProcessQuality@3] File [C:/Users/na127140/Documents/GitHub/Procedurally-Generated-Forest/Sekirime_Skills/Saved/Config/Windows/Scalability.ini]
[2019.09.19-18.05.35:573][  0]LogConfig: Setting CVar [[r.MotionBlurQuality:4]]
[2019.09.19-18.05.35:573][  0]LogConfig: Setting CVar [[r.AmbientOcclusionMipLevelFactor:0.4]]
[2019.09.19-18.05.35:573][  0]LogConfig: Setting CVar [[r.AmbientOcclusionMaxQuality:100]]
[2019.09.19-18.05.35:573][  0]LogConfig: Setting CVar [[r.AmbientOcclusionLevels:-1]]
[2019.09.19-18.05.35:573][  0]LogConfig: Setting CVar [[r.AmbientOcclusionRadiusScale:1.0]]
[2019.09.19-18.05.35:573][  0]LogConfig: Setting CVar [[r.DepthOfFieldQuality:2]]
[2019.09.19-18.05.35:573][  0]LogConfig: Setting CVar [[r.RenderTargetPoolMin:400]]
[2019.09.19-18.05.35:573][  0]LogConfig: Setting CVar [[r.LensFlareQuality:2]]
[2019.09.19-18.05.35:573][  0]LogConfig: Setting CVar [[r.SceneColorFringeQuality:1]]
[2019.09.19-18.05.35:573][  0]LogConfig: Setting CVar [[r.EyeAdaptationQuality:2]]
[2019.09.19-18.05.35:573][  0]LogConfig: Setting CVar [[r.BloomQuality:5]]
[2019.09.19-18.05.35:574][  0]LogConfig: Setting CVar [[r.FastBlurThreshold:100]]
[2019.09.19-18.05.35:574][  0]LogConfig: Setting CVar [[r.Upscale.Quality:3]]
[2019.09.19-18.05.35:574][  0]LogConfig: Setting CVar [[r.Tonemapper.GrainQuantization:1]]
[2019.09.19-18.05.35:574][  0]LogConfig: Setting CVar [[r.LightShaftQuality:1]]
[2019.09.19-18.05.35:574][  0]LogConfig: Setting CVar [[r.Filter.SizeScale:1]]
[2019.09.19-18.05.35:574][  0]LogConfig: Setting CVar [[r.Tonemapper.Quality:5]]
[2019.09.19-18.05.35:574][  0]LogConfig: Setting CVar [[r.DOF.Gather.AccumulatorQuality:1        ; higher gathering accumulator quality]]
[2019.09.19-18.05.35:574][  0]LogConfig: Setting CVar [[r.DOF.Gather.PostfilterMethod:1          ; Median3x3 postfilering method]]
[2019.09.19-18.05.35:574][  0]LogConfig: Setting CVar [[r.DOF.Gather.EnableBokehSettings:0       ; no bokeh simulation when gathering]]
[2019.09.19-18.05.35:574][  0]LogConfig: Setting CVar [[r.DOF.Gather.RingCount:4                 ; medium number of samples when gathering]]
[2019.09.19-18.05.35:574][  0]LogConfig: Setting CVar [[r.DOF.Scatter.ForegroundCompositing:1    ; additive foreground scattering]]
[2019.09.19-18.05.35:574][  0]LogConfig: Setting CVar [[r.DOF.Scatter.BackgroundCompositing:2    ; additive background scattering]]
[2019.09.19-18.05.35:574][  0]LogConfig: Setting CVar [[r.DOF.Scatter.EnableBokehSettings:1      ; bokeh simulation when scattering]]
[2019.09.19-18.05.35:574][  0]LogConfig: Setting CVar [[r.DOF.Scatter.MaxSpriteRatio:0.1         ; only a maximum of 10% of scattered bokeh]]
[2019.09.19-18.05.35:574][  0]LogConfig: Setting CVar [[r.DOF.Recombine.Quality:1                ; cheap slight out of focus]]
[2019.09.19-18.05.35:574][  0]LogConfig: Setting CVar [[r.DOF.Recombine.EnableBokehSettings:0    ; no bokeh simulation on slight out of focus]]
[2019.09.19-18.05.35:574][  0]LogConfig: Setting CVar [[r.DOF.TemporalAAQuality:1                ; more stable temporal accumulation]]
[2019.09.19-18.05.35:574][  0]LogConfig: Setting CVar [[r.DOF.Kernel.MaxForegroundRadius:0.025]]
[2019.09.19-18.05.35:574][  0]LogConfig: Setting CVar [[r.DOF.Kernel.MaxBackgroundRadius:0.025]]
[2019.09.19-18.05.35:574][  0]LogConfig: Applying CVar settings from Section [TextureQuality@3] File [C:/Users/na127140/Documents/GitHub/Procedurally-Generated-Forest/Sekirime_Skills/Saved/Config/Windows/Scalability.ini]
[2019.09.19-18.05.35:574][  0]LogConfig: Setting CVar [[r.Streaming.MipBias:0]]
[2019.09.19-18.05.35:574][  0]LogConfig: Setting CVar [[r.Streaming.AmortizeCPUToGPUCopy:0]]
[2019.09.19-18.05.35:574][  0]LogConfig: Setting CVar [[r.Streaming.MaxNumTexturesToStreamPerFrame:0]]
[2019.09.19-18.05.35:574][  0]LogConfig: Setting CVar [[r.Streaming.Boost:1]]
[2019.09.19-18.05.35:574][  0]LogConfig: Setting CVar [[r.MaxAnisotropy:8]]
[2019.09.19-18.05.35:574][  0]LogConfig: Setting CVar [[r.Streaming.LimitPoolSizeToVRAM:0]]
[2019.09.19-18.05.35:574][  0]LogConfig: Setting CVar [[r.Streaming.PoolSize:1000]]
[2019.09.19-18.05.35:574][  0]LogConfig: Setting CVar [[r.Streaming.MaxEffectiveScreenSize:0]]
[2019.09.19-18.05.35:574][  0]LogConfig: Applying CVar settings from Section [EffectsQuality@3] File [C:/Users/na127140/Documents/GitHub/Procedurally-Generated-Forest/Sekirime_Skills/Saved/Config/Windows/Scalability.ini]
[2019.09.19-18.05.35:574][  0]LogConfig: Setting CVar [[r.TranslucencyLightingVolumeDim:64]]
[2019.09.19-18.05.35:574][  0]LogConfig: Setting CVar [[r.RefractionQuality:2]]
[2019.09.19-18.05.35:574][  0]LogConfig: Setting CVar [[r.SSR.Quality:3]]
[2019.09.19-18.05.35:574][  0]LogConfig: Setting CVar [[r.SceneColorFormat:4]]
[2019.09.19-18.05.35:574][  0]LogConfig: Setting CVar [[r.DetailMode:2]]
[2019.09.19-18.05.35:574][  0]LogConfig: Setting CVar [[r.TranslucencyVolumeBlur:1]]
[2019.09.19-18.05.35:574][  0]LogConfig: Setting CVar [[r.MaterialQualityLevel:1 ; High quality]]
[2019.09.19-18.05.35:574][  0]LogConfig: Setting CVar [[r.SSS.Scale:1]]
[2019.09.19-18.05.35:574][  0]LogConfig: Setting CVar [[r.SSS.SampleSet:2]]
[2019.09.19-18.05.35:574][  0]LogConfig: Setting CVar [[r.SSS.Quality:1]]
[2019.09.19-18.05.35:574][  0]LogConfig: Setting CVar [[r.SSS.HalfRes:1]]
[2019.09.19-18.05.35:574][  0]LogConfig: Setting CVar [[r.EmitterSpawnRateScale:1.0]]
[2019.09.19-18.05.35:574][  0]LogConfig: Setting CVar [[r.ParticleLightQuality:2]]
[2019.09.19-18.05.35:574][  0]LogConfig: Applying CVar settings from Section [FoliageQuality@3] File [C:/Users/na127140/Documents/GitHub/Procedurally-Generated-Forest/Sekirime_Skills/Saved/Config/Windows/Scalability.ini]
[2019.09.19-18.05.35:574][  0]LogConfig: Setting CVar [[foliage.DensityScale:1.0]]
[2019.09.19-18.05.35:574][  0]LogConfig: Setting CVar [[grass.DensityScale:1.0]]
[2019.09.19-18.05.35:574][  0]LogInit: Selected Device Profile: [Windows]
[2019.09.19-18.05.35:574][  0]LogInit: Applying CVar settings loaded from the selected device profile: [Windows]
[2019.09.19-18.05.35:586][  0]LogHAL: Display: Platform has ~ 32 GB [34169487360 / 34359738368 / 32], which maps to Largest [LargestMinGB=32, LargerMinGB=12, DefaultMinGB=8, SmallerMinGB=6, SmallestMinGB=0)
[2019.09.19-18.05.35:586][  0]LogConfig: Setting CVar [[r.Vulkan.UseRealUBs:0		; Required until we fix HLR fall-out]]
[2019.09.19-18.05.35:586][  0]LogInit: Going up to parent DeviceProfile []
[2019.09.19-18.05.35:586][  0]LogConfig: Applying CVar settings from Section [ViewDistanceQuality@3] File [C:/Users/na127140/Documents/GitHub/Procedurally-Generated-Forest/Sekirime_Skills/Saved/Config/Windows/Scalability.ini]
[2019.09.19-18.05.35:586][  0]LogConfig: Setting CVar [[r.SkeletalMeshLODBias:0]]
[2019.09.19-18.05.35:586][  0]LogConfig: Setting CVar [[r.ViewDistanceScale:1.0]]
[2019.09.19-18.05.35:586][  0]LogConfig: Applying CVar settings from Section [AntiAliasingQuality@3] File [C:/Users/na127140/Documents/GitHub/Procedurally-Generated-Forest/Sekirime_Skills/Saved/Config/Windows/Scalability.ini]
[2019.09.19-18.05.35:586][  0]LogConfig: Setting CVar [[r.PostProcessAAQuality:4]]
[2019.09.19-18.05.35:586][  0]LogConfig: Applying CVar settings from Section [ShadowQuality@3] File [C:/Users/na127140/Documents/GitHub/Procedurally-Generated-Forest/Sekirime_Skills/Saved/Config/Windows/Scalability.ini]
[2019.09.19-18.05.35:586][  0]LogConfig: Setting CVar [[r.LightFunctionQuality:1]]
[2019.09.19-18.05.35:586][  0]LogConfig: Setting CVar [[r.ShadowQuality:5]]
[2019.09.19-18.05.35:586][  0]LogConfig: Setting CVar [[r.Shadow.CSM.MaxCascades:10]]
[2019.09.19-18.05.35:586][  0]LogConfig: Setting CVar [[r.Shadow.MaxResolution:2048]]
[2019.09.19-18.05.35:586][  0]LogConfig: Setting CVar [[r.Shadow.MaxCSMResolution:2048]]
[2019.09.19-18.05.35:586][  0]LogConfig: Setting CVar [[r.Shadow.RadiusThreshold:0.01]]
[2019.09.19-18.05.35:587][  0]LogConfig: Setting CVar [[r.Shadow.DistanceScale:1.0]]
[2019.09.19-18.05.35:587][  0]LogConfig: Setting CVar [[r.Shadow.CSM.TransitionScale:1.0]]
[2019.09.19-18.05.35:587][  0]LogConfig: Setting CVar [[r.Shadow.PreShadowResolutionFactor:1.0]]
[2019.09.19-18.05.35:587][  0]LogConfig: Setting CVar [[r.DistanceFieldShadowing:1]]
[2019.09.19-18.05.35:587][  0]LogConfig: Setting CVar [[r.DistanceFieldAO:1]]
[2019.09.19-18.05.35:587][  0]LogConfig: Setting CVar [[r.AOQuality:2]]
[2019.09.19-18.05.35:587][  0]LogConfig: Setting CVar [[r.VolumetricFog:1]]
[2019.09.19-18.05.35:587][  0]LogConfig: Setting CVar [[r.VolumetricFog.GridPixelSize:8]]
[2019.09.19-18.05.35:587][  0]LogConfig: Setting CVar [[r.VolumetricFog.GridSizeZ:128]]
[2019.09.19-18.05.35:587][  0]LogConfig: Setting CVar [[r.VolumetricFog.HistoryMissSupersampleCount:4]]
[2019.09.19-18.05.35:587][  0]LogConfig: Setting CVar [[r.LightMaxDrawDistanceScale:1]]
[2019.09.19-18.05.35:587][  0]LogConfig: Setting CVar [[r.CapsuleShadows:1]]
[2019.09.19-18.05.35:587][  0]LogConfig: Applying CVar settings from Section [PostProcessQuality@3] File [C:/Users/na127140/Documents/GitHub/Procedurally-Generated-Forest/Sekirime_Skills/Saved/Config/Windows/Scalability.ini]
[2019.09.19-18.05.35:587][  0]LogConfig: Setting CVar [[r.MotionBlurQuality:4]]
[2019.09.19-18.05.35:587][  0]LogConfig: Setting CVar [[r.AmbientOcclusionMipLevelFactor:0.4]]
[2019.09.19-18.05.35:587][  0]LogConfig: Setting CVar [[r.AmbientOcclusionMaxQuality:100]]
[2019.09.19-18.05.35:587][  0]LogConfig: Setting CVar [[r.AmbientOcclusionLevels:-1]]
[2019.09.19-18.05.35:587][  0]LogConfig: Setting CVar [[r.AmbientOcclusionRadiusScale:1.0]]
[2019.09.19-18.05.35:587][  0]LogConfig: Setting CVar [[r.DepthOfFieldQuality:2]]
[2019.09.19-18.05.35:587][  0]LogConfig: Setting CVar [[r.RenderTargetPoolMin:400]]
[2019.09.19-18.05.35:587][  0]LogConfig: Setting CVar [[r.LensFlareQuality:2]]
[2019.09.19-18.05.35:587][  0]LogConfig: Setting CVar [[r.SceneColorFringeQuality:1]]
[2019.09.19-18.05.35:587][  0]LogConfig: Setting CVar [[r.EyeAdaptationQuality:2]]
[2019.09.19-18.05.35:587][  0]LogConfig: Setting CVar [[r.BloomQuality:5]]
[2019.09.19-18.05.35:587][  0]LogConfig: Setting CVar [[r.FastBlurThreshold:100]]
[2019.09.19-18.05.35:587][  0]LogConfig: Setting CVar [[r.Upscale.Quality:3]]
[2019.09.19-18.05.35:587][  0]LogConfig: Setting CVar [[r.Tonemapper.GrainQuantization:1]]
[2019.09.19-18.05.35:587][  0]LogConfig: Setting CVar [[r.LightShaftQuality:1]]
[2019.09.19-18.05.35:587][  0]LogConfig: Setting CVar [[r.Filter.SizeScale:1]]
[2019.09.19-18.05.35:587][  0]LogConfig: Setting CVar [[r.Tonemapper.Quality:5]]
[2019.09.19-18.05.35:587][  0]LogConfig: Setting CVar [[r.DOF.Gather.AccumulatorQuality:1        ; higher gathering accumulator quality]]
[2019.09.19-18.05.35:587][  0]LogConfig: Setting CVar [[r.DOF.Gather.PostfilterMethod:1          ; Median3x3 postfilering method]]
[2019.09.19-18.05.35:587][  0]LogConfig: Setting CVar [[r.DOF.Gather.EnableBokehSettings:0       ; no bokeh simulation when gathering]]
[2019.09.19-18.05.35:587][  0]LogConfig: Setting CVar [[r.DOF.Gather.RingCount:4                 ; medium number of samples when gathering]]
[2019.09.19-18.05.35:587][  0]LogConfig: Setting CVar [[r.DOF.Scatter.ForegroundCompositing:1    ; additive foreground scattering]]
[2019.09.19-18.05.35:587][  0]LogConfig: Setting CVar [[r.DOF.Scatter.BackgroundCompositing:2    ; additive background scattering]]
[2019.09.19-18.05.35:587][  0]LogConfig: Setting CVar [[r.DOF.Scatter.EnableBokehSettings:1      ; bokeh simulation when scattering]]
[2019.09.19-18.05.35:587][  0]LogConfig: Setting CVar [[r.DOF.Scatter.MaxSpriteRatio:0.1         ; only a maximum of 10% of scattered bokeh]]
[2019.09.19-18.05.35:587][  0]LogConfig: Setting CVar [[r.DOF.Recombine.Quality:1                ; cheap slight out of focus]]
[2019.09.19-18.05.35:587][  0]LogConfig: Setting CVar [[r.DOF.Recombine.EnableBokehSettings:0    ; no bokeh simulation on slight out of focus]]
[2019.09.19-18.05.35:587][  0]LogConfig: Setting CVar [[r.DOF.TemporalAAQuality:1                ; more stable temporal accumulation]]
[2019.09.19-18.05.35:587][  0]LogConfig: Setting CVar [[r.DOF.Kernel.MaxForegroundRadius:0.025]]
[2019.09.19-18.05.35:587][  0]LogConfig: Setting CVar [[r.DOF.Kernel.MaxBackgroundRadius:0.025]]
[2019.09.19-18.05.35:587][  0]LogConfig: Applying CVar settings from Section [TextureQuality@3] File [C:/Users/na127140/Documents/GitHub/Procedurally-Generated-Forest/Sekirime_Skills/Saved/Config/Windows/Scalability.ini]
[2019.09.19-18.05.35:587][  0]LogConfig: Setting CVar [[r.Streaming.MipBias:0]]
[2019.09.19-18.05.35:587][  0]LogConfig: Setting CVar [[r.Streaming.AmortizeCPUToGPUCopy:0]]
[2019.09.19-18.05.35:587][  0]LogConfig: Setting CVar [[r.Streaming.MaxNumTexturesToStreamPerFrame:0]]
[2019.09.19-18.05.35:587][  0]LogConfig: Setting CVar [[r.Streaming.Boost:1]]
[2019.09.19-18.05.35:587][  0]LogConfig: Setting CVar [[r.MaxAnisotropy:8]]
[2019.09.19-18.05.35:587][  0]LogConfig: Setting CVar [[r.Streaming.LimitPoolSizeToVRAM:0]]
[2019.09.19-18.05.35:587][  0]LogConfig: Setting CVar [[r.Streaming.PoolSize:1000]]
[2019.09.19-18.05.35:587][  0]LogConfig: Setting CVar [[r.Streaming.MaxEffectiveScreenSize:0]]
[2019.09.19-18.05.35:587][  0]LogConfig: Applying CVar settings from Section [EffectsQuality@3] File [C:/Users/na127140/Documents/GitHub/Procedurally-Generated-Forest/Sekirime_Skills/Saved/Config/Windows/Scalability.ini]
[2019.09.19-18.05.35:587][  0]LogConfig: Setting CVar [[r.TranslucencyLightingVolumeDim:64]]
[2019.09.19-18.05.35:587][  0]LogConfig: Setting CVar [[r.RefractionQuality:2]]
[2019.09.19-18.05.35:587][  0]LogConfig: Setting CVar [[r.SSR.Quality:3]]
[2019.09.19-18.05.35:587][  0]LogConfig: Setting CVar [[r.SceneColorFormat:4]]
[2019.09.19-18.05.35:587][  0]LogConfig: Setting CVar [[r.DetailMode:2]]
[2019.09.19-18.05.35:587][  0]LogConfig: Setting CVar [[r.TranslucencyVolumeBlur:1]]
[2019.09.19-18.05.35:587][  0]LogConfig: Setting CVar [[r.MaterialQualityLevel:1 ; High quality]]
[2019.09.19-18.05.35:587][  0]LogConfig: Setting CVar [[r.SSS.Scale:1]]
[2019.09.19-18.05.35:587][  0]LogConfig: Setting CVar [[r.SSS.SampleSet:2]]
[2019.09.19-18.05.35:587][  0]LogConfig: Setting CVar [[r.SSS.Quality:1]]
[2019.09.19-18.05.35:587][  0]LogConfig: Setting CVar [[r.SSS.HalfRes:1]]
[2019.09.19-18.05.35:587][  0]LogConfig: Setting CVar [[r.EmitterSpawnRateScale:1.0]]
[2019.09.19-18.05.35:587][  0]LogConfig: Setting CVar [[r.ParticleLightQuality:2]]
[2019.09.19-18.05.35:587][  0]LogConfig: Applying CVar settings from Section [FoliageQuality@3] File [C:/Users/na127140/Documents/GitHub/Procedurally-Generated-Forest/Sekirime_Skills/Saved/Config/Windows/Scalability.ini]
[2019.09.19-18.05.35:587][  0]LogConfig: Setting CVar [[foliage.DensityScale:1.0]]
[2019.09.19-18.05.35:587][  0]LogConfig: Setting CVar [[grass.DensityScale:1.0]]
[2019.09.19-18.05.35:587][  0]LogConfig: Applying CVar settings from Section [Startup] File [../../../Engine/Config/ConsoleVariables.ini]
[2019.09.19-18.05.35:588][  0]LogConfig: Setting CVar [[net.UseAdaptiveNetUpdateFrequency:0]]
[2019.09.19-18.05.35:588][  0]LogConfig: Setting CVar [[p.chaos.AllowCreatePhysxBodies:1]]
[2019.09.19-18.05.35:588][  0]LogConfig: Applying CVar settings from Section [ConsoleVariables] File [C:/Users/na127140/Documents/GitHub/Procedurally-Generated-Forest/Sekirime_Skills/Saved/Config/Windows/Engine.ini]
[2019.09.19-18.05.35:588][  0]LogInit: Computer: DTC5GT9FX2
[2019.09.19-18.05.35:588][  0]LogInit: User: na127140
[2019.09.19-18.05.35:588][  0]LogInit: CPU Page size=4096, Cores=8
[2019.09.19-18.05.35:588][  0]LogInit: High frequency timer resolution =10.000000 MHz
[2019.09.19-18.05.35:588][  0]LogMemory: Memory total: Physical=31.8GB (32GB approx)
[2019.09.19-18.05.35:588][  0]LogMemory: Platform Memory Stats for Windows
[2019.09.19-18.05.35:588][  0]LogMemory: Process Physical Memory: 98.26 MB used, 98.27 MB peak
[2019.09.19-18.05.35:588][  0]LogMemory: Process Virtual Memory: 90.71 MB used, 90.71 MB peak
[2019.09.19-18.05.35:588][  0]LogMemory: Physical Memory: 9813.98 MB used,  22772.59 MB free, 32586.56 MB total
[2019.09.19-18.05.35:588][  0]LogMemory: Virtual Memory: 4691.14 MB used,  134213040.00 MB free, 134217728.00 MB total
[2019.09.19-18.05.35:607][  0]LogInit: Using OS detected language (en-US).
[2019.09.19-18.05.35:607][  0]LogInit: Using OS detected locale (en-US).
[2019.09.19-18.05.35:607][  0]LogTextLocalizationManager: No specific localization for 'en-US' exists, so the 'en' localization will be used.
[2019.09.19-18.05.35:768][  0]LogInit: Setting process to per monitor DPI aware
[2019.09.19-18.05.35:803][  0]LogSlate: New Slate User Created.  User Index 0, Is Virtual User: 0
[2019.09.19-18.05.35:803][  0]LogSlate: Slate User Registered.  User Index 0, Is Virtual User: 0
[2019.09.19-18.05.35:969][  0]LogHMD: Failed to initialize OpenVR with code 110
[2019.09.19-18.05.35:969][  0]LogD3D11RHI: D3D11 adapters:
[2019.09.19-18.05.36:048][  0]LogD3D11RHI:    0. 'NVIDIA GeForce RTX 2080' (Feature Level 11_0)
[2019.09.19-18.05.36:048][  0]LogD3D11RHI:       8010/0/16293 MB DedicatedVideo/DedicatedSystem/SharedSystem, Outputs:2, VendorId:0x10de
[2019.09.19-18.05.36:074][  0]LogD3D11RHI:    1. 'Intel(R) UHD Graphics 630' (Feature Level 11_0)
[2019.09.19-18.05.36:074][  0]LogD3D11RHI:       128/0/16293 MB DedicatedVideo/DedicatedSystem/SharedSystem, Outputs:0, VendorId:0x8086
[2019.09.19-18.05.36:076][  0]LogD3D11RHI:    2. 'Microsoft Basic Render Driver' (Feature Level 11_0)
[2019.09.19-18.05.36:076][  0]LogD3D11RHI:       0/0/16293 MB DedicatedVideo/DedicatedSystem/SharedSystem, Outputs:0, VendorId:0x1414
[2019.09.19-18.05.36:077][  0]LogD3D11RHI:    3. 'Microsoft Basic Render Driver' (Feature Level 11_0)
[2019.09.19-18.05.36:077][  0]LogD3D11RHI:       0/0/16293 MB DedicatedVideo/DedicatedSystem/SharedSystem, Outputs:0, VendorId:0x1414
[2019.09.19-18.05.36:079][  0]LogD3D11RHI:    4. 'Microsoft Basic Render Driver' (Feature Level 11_0)
[2019.09.19-18.05.36:079][  0]LogD3D11RHI:       0/0/16293 MB DedicatedVideo/DedicatedSystem/SharedSystem, Outputs:0, VendorId:0x1414
[2019.09.19-18.05.36:079][  0]LogD3D11RHI: Chosen D3D11 Adapter: 0
[2019.09.19-18.05.36:088][  0]LogD3D11RHI: Creating new Direct3DDevice
[2019.09.19-18.05.36:088][  0]LogD3D11RHI:     GPU DeviceId: 0x1e87 (for the marketing name, search the web for "GPU Device Id")
[2019.09.19-18.05.36:088][  0]LogWindows: EnumDisplayDevices:
[2019.09.19-18.05.36:088][  0]LogWindows:    0. 'NVIDIA GeForce RTX 2080' (P:1 D:1)
[2019.09.19-18.05.36:088][  0]LogWindows:    1. 'NVIDIA GeForce RTX 2080' (P:0 D:1)
[2019.09.19-18.05.36:088][  0]LogWindows:    2. 'NVIDIA GeForce RTX 2080' (P:0 D:0)
[2019.09.19-18.05.36:089][  0]LogWindows:    3. 'NVIDIA GeForce RTX 2080' (P:0 D:0)
[2019.09.19-18.05.36:089][  0]LogWindows:    4. 'Intel(R) UHD Graphics 630' (P:0 D:0)
[2019.09.19-18.05.36:089][  0]LogWindows:    5. 'Intel(R) UHD Graphics 630' (P:0 D:0)
[2019.09.19-18.05.36:089][  0]LogWindows:    6. 'Intel(R) UHD Graphics 630' (P:0 D:0)
[2019.09.19-18.05.36:090][  0]LogWindows:    7. 'Intel Unite Graphics Adapter' (P:0 D:0)
[2019.09.19-18.05.36:090][  0]LogWindows:    8. 'Intel Unite Graphics Adapter' (P:0 D:0)
[2019.09.19-18.05.36:090][  0]LogWindows:    9. 'Intel Unite Graphics Adapter' (P:0 D:0)
[2019.09.19-18.05.36:090][  0]LogWindows:    10. 'Citrix Indirect Display Adapter' (P:0 D:0)
[2019.09.19-18.05.36:090][  0]LogWindows:    11. 'Citrix Indirect Display Adapter' (P:0 D:0)
[2019.09.19-18.05.36:091][  0]LogWindows:    12. 'Citrix Indirect Display Adapter' (P:0 D:0)
[2019.09.19-18.05.36:091][  0]LogWindows:    13. 'Citrix Indirect Display Adapter' (P:0 D:0)
[2019.09.19-18.05.36:091][  0]LogWindows:    14. 'Citrix Indirect Display Adapter' (P:0 D:0)
[2019.09.19-18.05.36:091][  0]LogWindows:    15. 'Citrix Indirect Display Adapter' (P:0 D:0)
[2019.09.19-18.05.36:091][  0]LogWindows:    16. 'Citrix Indirect Display Adapter' (P:0 D:0)
[2019.09.19-18.05.36:092][  0]LogWindows:    17. 'Citrix Indirect Display Adapter' (P:0 D:0)
[2019.09.19-18.05.36:092][  0]LogWindows: DebugString: PrimaryIsNotTheChoosenAdapter PrimaryIsNotTheChoosenAdapter PrimaryIsNotTheChoosenAdapter PrimaryIsNotTheChoosenAdapter PrimaryIsNotTheChoosenAdapter PrimaryIsNotTheChoosenAdapter GetVideoDriverDetailsInvalid PrimaryIsNotTheChoosenAdapter GetVideoDriverDetailsInvalid PrimaryIsNotTheChoosenAdapter GetVideoDriverDetailsInvalid PrimaryIsNotTheChoosenAdapter GetVideoDriverDetailsInvalid PrimaryIsNotTheChoosenAdapter GetVideoDriverDetailsInvalid PrimaryIsNotTheChoosenAdapter GetVideoDriverDetailsInvalid PrimaryIsNotTheChoosenAdapter GetVideoDriverDetailsInvalid PrimaryIsNotTheChoosenAdapter GetVideoDriverDetailsInvalid PrimaryIsNotTheChoosenAdapter FoundDriverCount:4 
[2019.09.19-18.05.36:092][  0]LogD3D11RHI:     Adapter Name: NVIDIA GeForce RTX 2080
[2019.09.19-18.05.36:092][  0]LogD3D11RHI:   Driver Version: 436.02 (internal:26.21.14.3602, unified:436.02)
[2019.09.19-18.05.36:092][  0]LogD3D11RHI:      Driver Date: 8-16-2019
[2019.09.19-18.05.36:092][  0]LogRHI: Texture pool is 5607 MB (70% of 8010 MB)
[2019.09.19-18.05.36:144][  0]LogD3D11RHI: Async texture creation enabled
[2019.09.19-18.05.36:148][  0]LogRendererCore: FGlobalReadBuffer::InitRHI
[2019.09.19-18.05.36:149][  0]LogRendererCore: FGlobalReadBuffer::InitRHI
[2019.09.19-18.05.36:149][  0]LogRendererCore: FGlobalReadBuffer::InitRHI
[2019.09.19-18.05.36:157][  0]LogD3D11RHI: GPU Timing Frequency: 1000.000000 (Debug: 2 1)
[2019.09.19-18.05.36:500][  0]LogTemp: Display: Module 'AllDesktopTargetPlatform' loaded TargetPlatform 'AllDesktop'
[2019.09.19-18.05.36:513][  0]LogTemp: Display: Module 'MacClientTargetPlatform' loaded TargetPlatform 'MacClient'
[2019.09.19-18.05.36:527][  0]LogTemp: Display: Module 'MacNoEditorTargetPlatform' loaded TargetPlatform 'MacNoEditor'
[2019.09.19-18.05.36:540][  0]LogTemp: Display: Module 'MacServerTargetPlatform' loaded TargetPlatform 'MacServer'
[2019.09.19-18.05.36:555][  0]LogTemp: Display: Module 'MacTargetPlatform' loaded TargetPlatform 'Mac'
[2019.09.19-18.05.36:568][  0]LogTemp: Display: Module 'WindowsClientTargetPlatform' loaded TargetPlatform 'WindowsClient'
[2019.09.19-18.05.36:583][  0]LogTemp: Display: Module 'WindowsNoEditorTargetPlatform' loaded TargetPlatform 'WindowsNoEditor'
[2019.09.19-18.05.36:599][  0]LogTemp: Display: Module 'WindowsServerTargetPlatform' loaded TargetPlatform 'WindowsServer'
[2019.09.19-18.05.36:605][  0]LogTemp: Display: Module 'WindowsTargetPlatform' loaded TargetPlatform 'Windows'
[2019.09.19-18.05.36:705][  0]LogTemp: Display: Module 'AndroidTargetPlatform' loaded TargetPlatform 'Android'
[2019.09.19-18.05.36:705][  0]LogTemp: Display: Module 'AndroidTargetPlatform' loaded TargetPlatform 'Android_ASTC'
[2019.09.19-18.05.36:705][  0]LogTemp: Display: Module 'AndroidTargetPlatform' loaded TargetPlatform 'Android_ATC'
[2019.09.19-18.05.36:705][  0]LogTemp: Display: Module 'AndroidTargetPlatform' loaded TargetPlatform 'Android_DXT'
[2019.09.19-18.05.36:705][  0]LogTemp: Display: Module 'AndroidTargetPlatform' loaded TargetPlatform 'Android_ETC1'
[2019.09.19-18.05.36:705][  0]LogTemp: Display: Module 'AndroidTargetPlatform' loaded TargetPlatform 'Android_ETC1a'
[2019.09.19-18.05.36:705][  0]LogTemp: Display: Module 'AndroidTargetPlatform' loaded TargetPlatform 'Android_ETC2'
[2019.09.19-18.05.36:705][  0]LogTemp: Display: Module 'AndroidTargetPlatform' loaded TargetPlatform 'Android_PVRTC'
[2019.09.19-18.05.36:705][  0]LogTemp: Display: Module 'AndroidTargetPlatform' loaded TargetPlatform 'AndroidClient'
[2019.09.19-18.05.36:705][  0]LogTemp: Display: Module 'AndroidTargetPlatform' loaded TargetPlatform 'Android_ASTCClient'
[2019.09.19-18.05.36:705][  0]LogTemp: Display: Module 'AndroidTargetPlatform' loaded TargetPlatform 'Android_ATCClient'
[2019.09.19-18.05.36:705][  0]LogTemp: Display: Module 'AndroidTargetPlatform' loaded TargetPlatform 'Android_DXTClient'
[2019.09.19-18.05.36:705][  0]LogTemp: Display: Module 'AndroidTargetPlatform' loaded TargetPlatform 'Android_ETC1Client'
[2019.09.19-18.05.36:705][  0]LogTemp: Display: Module 'AndroidTargetPlatform' loaded TargetPlatform 'Android_ETC1aClient'
[2019.09.19-18.05.36:705][  0]LogTemp: Display: Module 'AndroidTargetPlatform' loaded TargetPlatform 'Android_ETC2Client'
[2019.09.19-18.05.36:705][  0]LogTemp: Display: Module 'AndroidTargetPlatform' loaded TargetPlatform 'Android_PVRTCClient'
[2019.09.19-18.05.36:705][  0]LogTemp: Display: Module 'AndroidTargetPlatform' loaded TargetPlatform 'Android_Multi'
[2019.09.19-18.05.36:705][  0]LogTemp: Display: Module 'AndroidTargetPlatform' loaded TargetPlatform 'Android_MultiClient'
[2019.09.19-18.05.36:706][  0]LogTemp: Display: Module 'HTML5TargetPlatform' loaded TargetPlatform 'HTML5'
[2019.09.19-18.05.36:754][  0]LogTemp: Display: Module 'IOSTargetPlatform' loaded TargetPlatform 'IOSClient'
[2019.09.19-18.05.36:754][  0]LogTemp: Display: Module 'IOSTargetPlatform' loaded TargetPlatform 'IOS'
[2019.09.19-18.05.36:778][  0]LogTemp: Display: Module 'TVOSTargetPlatform' loaded TargetPlatform 'TVOSClient'
[2019.09.19-18.05.36:778][  0]LogTemp: Display: Module 'TVOSTargetPlatform' loaded TargetPlatform 'TVOS'
[2019.09.19-18.05.36:791][  0]LogTemp: Display: Module 'LinuxClientTargetPlatform' loaded TargetPlatform 'LinuxClient'
[2019.09.19-18.05.36:808][  0]LogTemp: Display: Module 'LinuxNoEditorTargetPlatform' loaded TargetPlatform 'LinuxNoEditor'
[2019.09.19-18.05.36:820][  0]LogTemp: Display: Module 'LinuxServerTargetPlatform' loaded TargetPlatform 'LinuxServer'
[2019.09.19-18.05.36:832][  0]LogTemp: Display: Module 'LinuxTargetPlatform' loaded TargetPlatform 'Linux'
[2019.09.19-18.05.36:876][  0]LogTemp: Display: Module 'LuminTargetPlatform' loaded TargetPlatform 'Lumin'
[2019.09.19-18.05.36:876][  0]LogTemp: Display: Module 'LuminTargetPlatform' loaded TargetPlatform 'LuminClient'
[2019.09.19-18.05.36:876][  0]LogTargetPlatformManager: Display: Building Assets For Windows
[2019.09.19-18.05.36:883][  0]LogAudioDebug: Display: Lib vorbis DLL was dynamically loaded.
[2019.09.19-18.05.36:926][  0]LogShaderCompilers: Guid format shader working directory is -45 characters bigger than the processId version (../../../../../../Users/na127140/Documents/GitHub/Procedurally-Generated-Forest/Sekirime_Skills/Intermediate/Shaders/WorkingDirectory/11704/).
[2019.09.19-18.05.36:926][  0]LogShaderCompilers: Cleaned the shader compiler working directory 'C:/Users/na127140/AppData/Local/Temp/2/UnrealShaderWorkingDir/E4081EF748A20653B831A99F981BB8A3/'.
[2019.09.19-18.05.36:929][  0]LogXGEController: Cleaning working directory: C:/Users/na127140/AppData/Local/Temp/2/UnrealXGEWorkingDir/
[2019.09.19-18.05.36:940][  0]LogShaderCompilers: Display: Using XGE Shader Compiler (Interception Interface).
[2019.09.19-18.05.37:510][  0]LogDerivedDataCache: Display: Max Cache Size: 512 MB
[2019.09.19-18.05.37:560][  0]LogDerivedDataCache: Loaded boot cache 0.05s 75MB C:/Users/na127140/AppData/Local/UnrealEngine/4.22/DerivedDataCache/Boot.ddc.
[2019.09.19-18.05.37:560][  0]LogDerivedDataCache: Display: Loaded Boot cache: C:/Users/na127140/AppData/Local/UnrealEngine/4.22/DerivedDataCache/Boot.ddc
[2019.09.19-18.05.37:560][  0]LogDerivedDataCache: FDerivedDataBackendGraph:  Pak pak cache file ../../../../../../Users/na127140/Documents/GitHub/Procedurally-Generated-Forest/Sekirime_Skills/DerivedDataCache/DDC.ddp not found, will not use a pak cache.
[2019.09.19-18.05.37:560][  0]LogDerivedDataCache: Unable to find inner node Pak for hierarchical cache Hierarchy.
[2019.09.19-18.05.37:560][  0]LogDerivedDataCache: FDerivedDataBackendGraph:  CompressedPak pak cache file ../../../../../../Users/na127140/Documents/GitHub/Procedurally-Generated-Forest/Sekirime_Skills/DerivedDataCache/Compressed.ddp not found, will not use a pak cache.
[2019.09.19-18.05.37:560][  0]LogDerivedDataCache: Unable to find inner node CompressedPak for hierarchical cache Hierarchy.
[2019.09.19-18.05.37:572][  0]LogDerivedDataCache: Display: Pak cache opened for reading ../../../Engine/DerivedDataCache/Compressed.ddp.
[2019.09.19-18.05.37:575][  0]LogDerivedDataCache: Display: Pak cache opened for reading ../../../Enterprise/DerivedDataCache/Compressed.ddp.
[2019.09.19-18.05.37:587][  0]LogDerivedDataCache: Using Local data cache path C:/Users/na127140/AppData/Local/UnrealEngine/Common/DerivedDataCache: Writable
[2019.09.19-18.05.37:587][  0]LogDerivedDataCache: Shared data cache path not found in *engine.ini, will not use an Shared cache.
[2019.09.19-18.05.37:587][  0]LogDerivedDataCache: Unable to find inner node Shared for hierarchical cache Hierarchy.
[2019.09.19-18.05.37:608][  0]LogMaterial: Verifying Global Shaders for PCD3D_SM5
[2019.09.19-18.05.37:609][  0]LogSlate: Using FreeType 2.6.0
[2019.09.19-18.05.37:610][  0]LogSlate: SlateFontServices - WITH_FREETYPE: 1, WITH_HARFBUZZ: 1
[2019.09.19-18.05.37:687][  0]LogAssetRegistry: FAssetRegistry took 0.0329 seconds to start up
[2019.09.19-18.05.37:993][  0]LogInit: Selected Device Profile: [Windows]
[2019.09.19-18.05.38:138][  0]LogMeshReduction: Using QuadricMeshReduction for automatic static mesh reduction
[2019.09.19-18.05.38:138][  0]LogMeshReduction: Using SimplygonMeshReduction for automatic skeletal mesh reduction
[2019.09.19-18.05.38:138][  0]LogMeshReduction: Using ProxyLODMeshReduction for automatic mesh merging
[2019.09.19-18.05.38:138][  0]LogMeshReduction: No distributed automatic mesh merging module available
[2019.09.19-18.05.38:138][  0]LogMeshMerging: No distributed automatic mesh merging module available
[2019.09.19-18.05.38:148][  0]LogNetVersion: Sekirime_Skills 1.0.0, NetCL: 5660361, EngineNetVer: 10, GameNetVer: 0 (Checksum: 342671649)
[2019.09.19-18.05.38:515][  0]LogPackageLocalizationCache: Processed 10 localized package path(s) for 1 prioritized culture(s) in 0.032793 seconds
[2019.09.19-18.05.38:520][  0]LogUObjectArray: 42205 objects as part of root set at end of initial load.
[2019.09.19-18.05.38:520][  0]LogUObjectAllocator: 7325032 out of 0 bytes used by permanent object pool.
[2019.09.19-18.05.38:520][  0]LogUObjectArray: CloseDisregardForGC: 0/0 objects in disregard for GC pool
[2019.09.19-18.05.39:286][  0]LogTcpMessaging: Initializing TcpMessaging bridge
[2019.09.19-18.05.39:300][  0]LogUdpMessaging: Initializing bridge on interface 0.0.0.0:0 to multicast group 230.0.0.1:6666.
[2019.09.19-18.05.39:506][  0]SourceControl: Source control is disabled
[2019.09.19-18.05.39:506][  0]SourceControl: Source control is disabled
[2019.09.19-18.05.39:507][  0]SourceControl: Source control is disabled
[2019.09.19-18.05.39:508][  0]SourceControl: Source control is disabled
[2019.09.19-18.05.39:568][  0]LogAndroidPermission: UAndroidPermissionCallbackProxy::GetInstance
[2019.09.19-18.05.39:669][  0]LogOcInput: OculusInput pre-init called
[2019.09.19-18.05.40:275][  0]LogEngine: Initializing Engine...
[2019.09.19-18.05.40:275][  0]LogHMD: Failed to initialize OpenVR with code 110
[2019.09.19-18.05.40:276][  0]LogStats: UGameplayTagsManager::InitializeManager -  0.000 s
[2019.09.19-18.05.40:472][  0]LogInit: Initializing FReadOnlyCVARCache
[2019.09.19-18.05.40:485][  0]LogAIModule: Creating AISystem for world Untitled
[2019.09.19-18.05.40:505][  0]LogInit: XAudio2 using 'DELL U2419H (NVIDIA High Definition Audio)' : 2 channels at 48 kHz using 16 bits per sample (channel mask 0x3)
[2019.09.19-18.05.40:520][  0]LogInit: FAudioDevice initialized.
[2019.09.19-18.05.40:520][  0]LogNetVersion: Set ProjectVersion to 1.0.0.0. Version Checksum will be recalculated on next use.
[2019.09.19-18.05.40:567][  0]LogDerivedDataCache: Saved boot cache 0.05s 75MB C:/Users/na127140/AppData/Local/UnrealEngine/4.22/DerivedDataCache/Boot.ddc.
[2019.09.19-18.05.40:577][  0]LogInit: Texture streaming: Enabled
[2019.09.19-18.05.40:593][  0]LogEngineSessionManager: EngineSessionManager initialized
[2019.09.19-18.05.40:593][  0]LogEngineSessionManager: EngineSessionManager sent abnormal shutdown report. Type=Crashed, SessionId={6FD8465A-4CF9-D14D-AB5D-F6B80ED1E917}
[2019.09.19-18.05.40:613][  0]LogInit: Transaction tracking system initialized
[2019.09.19-18.05.40:636][  0]BlueprintLog: New page: Editor Load
[2019.09.19-18.05.40:729][  0]LocalizationService: Localization service is disabled
[2019.09.19-18.05.41:000][  0]LogFileCache: Scanning file cache for directory 'C:/Users/na127140/Documents/GitHub/Procedurally-Generated-Forest/Sekirime_Skills/Content/' took 0.01s
[2019.09.19-18.05.41:000][  0]LogCook: Display: Max memory allowance for cook 16384mb min free memory 0mb
[2019.09.19-18.05.41:001][  0]LogCook: Display: Mobile HDR setting 1
[2019.09.19-18.05.41:152][  0]SourceControl: Source control is disabled
[2019.09.19-18.05.41:152][  0]LightingResults: New page: Lighting Build
[2019.09.19-18.05.41:155][  0]MapCheck: New page: Map Check
[2019.09.19-18.05.41:155][  0]LightingResults: New page: Lighting Build
[2019.09.19-18.05.41:187][  0]LogUObjectHash: Compacting FUObjectHashTables data took   3.18ms
[2019.09.19-18.05.41:232][  0]LogLinker: Warning: Can't find file '/Game/ThirdPersonCPP/Maps/ThirdPersonExampleMap_BuiltData'
[2019.09.19-18.05.41:232][  0]LogLinker: Warning: Can't find file for asset '/Game/ThirdPersonCPP/Maps/ThirdPersonExampleMap_BuiltData' while loading NULL.
[2019.09.19-18.05.41:241][  0]LogLinker: Warning: Can't find file '/Game/ThirdPersonCPP/Maps/ThirdPersonExampleMap_BuiltData'
[2019.09.19-18.05.41:241][  0]LogLinker: Warning: Can't find file for asset '/Game/ThirdPersonCPP/Maps/ThirdPersonExampleMap_BuiltData' while loading NULL.
[2019.09.19-18.05.41:242][  0]LogLinker: Warning: Can't find file '/Game/ThirdPersonCPP/Maps/ThirdPersonExampleMap_BuiltData'
[2019.09.19-18.05.41:242][  0]LogLinker: Warning: Can't find file for asset '/Game/ThirdPersonCPP/Maps/ThirdPersonExampleMap_BuiltData' while loading NULL.
[2019.09.19-18.05.41:243][  0]LogLinker: Warning: Can't find file '/Game/ThirdPersonCPP/Maps/ThirdPersonExampleMap_BuiltData'
[2019.09.19-18.05.41:243][  0]LogLinker: Warning: Can't find file for asset '/Game/ThirdPersonCPP/Maps/ThirdPersonExampleMap_BuiltData' while loading NULL.
[2019.09.19-18.05.41:248][  0]LogLinker: Warning: Can't find file '/Game/ThirdPersonCPP/Maps/ThirdPersonExampleMap_BuiltData'
[2019.09.19-18.05.41:248][  0]LoadErrors: Failed to load /Game/ThirdPersonCPP/Maps/ThirdPersonExampleMap_BuiltData.ThirdPersonExampleMap_BuiltData Referenced by PersistentLevel
[2019.09.19-18.05.41:248][  0]LogLinker: Warning: Can't find file for asset '/Game/ThirdPersonCPP/Maps/ThirdPersonExampleMap_BuiltData' while loading NULL.
[2019.09.19-18.05.41:279][  0]LogAIModule: Creating AISystem for world ThirdPersonExampleMap
[2019.09.19-18.05.41:287][  0]LogEditorServer: Finished looking for orphan Actors (0.000 secs)
[2019.09.19-18.05.41:320][  0]LogUObjectHash: Compacting FUObjectHashTables data took   3.08ms
[2019.09.19-18.05.41:320][  0]Cmd: MAP CHECKDEP NOCLEARLOG
[2019.09.19-18.05.41:320][  0]MapCheck: Map check complete: 0 Error(s), 0 Warning(s), took 0.131ms to complete.
[2019.09.19-18.05.41:320][  0]LogFileHelpers: Loading map 'ThirdPersonExampleMap' took 0.168
[2019.09.19-18.05.41:428][  0]LogSlate: Updating window title bar state: overlay mode, drag disabled, window buttons hidden, title bar hidden
[2019.09.19-18.05.41:434][  0]LogSlate: Updating window title bar state: overlay mode, drag disabled, window buttons hidden, title bar hidden
[2019.09.19-18.05.41:441][  0]LogSlate: Updating window title bar state: overlay mode, drag disabled, window buttons hidden, title bar hidden
[2019.09.19-18.05.41:447][  0]LogSlate: Updating window title bar state: overlay mode, drag disabled, window buttons hidden, title bar hidden
[2019.09.19-18.05.41:452][  0]LogCollectionManager: Loaded 0 collections in 0.001598 seconds
[2019.09.19-18.05.41:466][  0]LogFileCache: Scanning file cache for directory 'C:/Users/na127140/Documents/GitHub/Procedurally-Generated-Forest/Sekirime_Skills/Saved/Collections/' took 0.01s
[2019.09.19-18.05.41:466][  0]LogFileCache: Scanning file cache for directory 'C:/Users/na127140/Documents/GitHub/Procedurally-Generated-Forest/Sekirime_Skills/Content/Developers/na127140/Collections/' took 0.00s
[2019.09.19-18.05.41:466][  0]LogFileCache: Scanning file cache for directory 'C:/Users/na127140/Documents/GitHub/Procedurally-Generated-Forest/Sekirime_Skills/Content/Collections/' took 0.00s
[2019.09.19-18.05.41:466][  0]LogCollectionManager: Rebuilt the GUID cache for 0 collections in 0.000000 seconds
[2019.09.19-18.05.41:474][  0]LogContentBrowser: Native class hierarchy populated in 0.0080 seconds. Added 2735 classes and 662 folders.
[2019.09.19-18.05.41:480][  0]LogContentBrowser: Native class hierarchy updated for 'WidgetCarousel' in 0.0003 seconds. Added 0 classes and 0 folders.
[2019.09.19-18.05.41:481][  0]LogPakFile: Registered encryption key '00000000000000000000000000000000': 0 pak files mounted, 0 remain pending
[2019.09.19-18.05.41:482][  0]LogPakFile: Registered encryption key '00000000000000000000000000000000': 0 pak files mounted, 0 remain pending
[2019.09.19-18.05.41:482][  0]LogPakFile: Registered encryption key '00000000000000000000000000000000': 0 pak files mounted, 0 remain pending
[2019.09.19-18.05.41:482][  0]LogPakFile: Registered encryption key '00000000000000000000000000000000': 0 pak files mounted, 0 remain pending
[2019.09.19-18.05.41:483][  0]LogPakFile: Registered encryption key '00000000000000000000000000000000': 0 pak files mounted, 0 remain pending
[2019.09.19-18.05.41:483][  0]LogPakFile: Registered encryption key '00000000000000000000000000000000': 0 pak files mounted, 0 remain pending
[2019.09.19-18.05.41:484][  0]LogPakFile: Registered encryption key '00000000000000000000000000000000': 0 pak files mounted, 0 remain pending
[2019.09.19-18.05.41:484][  0]LogPakFile: Registered encryption key '00000000000000000000000000000000': 0 pak files mounted, 0 remain pending
[2019.09.19-18.05.41:484][  0]LogPakFile: Registered encryption key '00000000000000000000000000000000': 0 pak files mounted, 0 remain pending
[2019.09.19-18.05.41:485][  0]LogPakFile: Registered encryption key '00000000000000000000000000000000': 0 pak files mounted, 0 remain pending
[2019.09.19-18.05.41:485][  0]LogPakFile: Registered encryption key '00000000000000000000000000000000': 0 pak files mounted, 0 remain pending
[2019.09.19-18.05.41:485][  0]LogPakFile: Registered encryption key '00000000000000000000000000000000': 0 pak files mounted, 0 remain pending
[2019.09.19-18.05.41:486][  0]LogPakFile: Registered encryption key '00000000000000000000000000000000': 0 pak files mounted, 0 remain pending
[2019.09.19-18.05.41:486][  0]LogPakFile: Registered encryption key '00000000000000000000000000000000': 0 pak files mounted, 0 remain pending
[2019.09.19-18.05.41:487][  0]LogPakFile: Registered encryption key '00000000000000000000000000000000': 0 pak files mounted, 0 remain pending
[2019.09.19-18.05.41:487][  0]LogPakFile: Registered encryption key '00000000000000000000000000000000': 0 pak files mounted, 0 remain pending
[2019.09.19-18.05.41:487][  0]LogPakFile: Registered encryption key '00000000000000000000000000000000': 0 pak files mounted, 0 remain pending
[2019.09.19-18.05.41:488][  0]LogPakFile: Registered encryption key '00000000000000000000000000000000': 0 pak files mounted, 0 remain pending
[2019.09.19-18.05.41:488][  0]LogPakFile: Registered encryption key '00000000000000000000000000000000': 0 pak files mounted, 0 remain pending
[2019.09.19-18.05.41:488][  0]LogPakFile: Registered encryption key '00000000000000000000000000000000': 0 pak files mounted, 0 remain pending
[2019.09.19-18.05.41:489][  0]LogPakFile: Registered encryption key '00000000000000000000000000000000': 0 pak files mounted, 0 remain pending
[2019.09.19-18.05.41:489][  0]LogPakFile: Registered encryption key '00000000000000000000000000000000': 0 pak files mounted, 0 remain pending
[2019.09.19-18.05.41:490][  0]LogPakFile: Registered encryption key '00000000000000000000000000000000': 0 pak files mounted, 0 remain pending
[2019.09.19-18.05.41:490][  0]LogPakFile: Registered encryption key '00000000000000000000000000000000': 0 pak files mounted, 0 remain pending
[2019.09.19-18.05.41:490][  0]LogPakFile: Registered encryption key '00000000000000000000000000000000': 0 pak files mounted, 0 remain pending
[2019.09.19-18.05.41:491][  0]LogPakFile: Registered encryption key '00000000000000000000000000000000': 0 pak files mounted, 0 remain pending
[2019.09.19-18.05.41:491][  0]LogPakFile: Registered encryption key '00000000000000000000000000000000': 0 pak files mounted, 0 remain pending
[2019.09.19-18.05.41:492][  0]LogPakFile: Registered encryption key '00000000000000000000000000000000': 0 pak files mounted, 0 remain pending
[2019.09.19-18.05.41:516][  0]LogContentBrowser: Native class hierarchy updated for 'AddContentDialog' in 0.0003 seconds. Added 0 classes and 0 folders.
[2019.09.19-18.05.41:520][  0]LogContentBrowser: Native class hierarchy updated for 'SceneOutliner' in 0.0003 seconds. Added 1 classes and 2 folders.
[2019.09.19-18.05.41:556][  0]LogSlate: Took 0.000121 seconds to synchronously load lazily loaded font '../../../Engine/Content/Slate/Fonts/Roboto-Regular.ttf' (155K)
[2019.09.19-18.05.41:558][  0]LogSlate: Took 0.000103 seconds to synchronously load lazily loaded font '../../../Engine/Content/Slate/Fonts/Roboto-Bold.ttf' (160K)
[2019.09.19-18.05.41:562][  0]LogSlate: Took 0.000102 seconds to synchronously load lazily loaded font '../../../Engine/Content/Editor/Slate/Fonts/FontAwesome.ttf' (139K)
[2019.09.19-18.05.41:629][  0]LogRenderer: Reallocating scene render targets to support 1208x572 Format 10 NumSamples 1 (Frame:1).
[2019.09.19-18.05.41:708][  0]LogSlate: FSceneViewport::OnFocusLost() reason 2
[2019.09.19-18.05.41:718][  0]LogSlate: Window 'Tutorials' being destroyed
[2019.09.19-18.05.41:748][  0]LogContentBrowser: Native class hierarchy updated for 'HierarchicalLODOutliner' in 0.0005 seconds. Added 0 classes and 0 folders.
[2019.09.19-18.05.41:748][  0]LogLoad: (Engine Initialization) Total time: 8.10 seconds
[2019.09.19-18.05.41:748][  0]LogLoad: (Engine Initialization) Total Blueprint compile time: 0.00 seconds
[2019.09.19-18.05.41:786][  0]LogAssetRegistry: Asset discovery search completed in 4.1204 seconds
[2019.09.19-18.05.41:788][  0]LogCollectionManager: Rebuilt the object cache for 0 collections in 0.000000 seconds (found 0 objects)
[2019.09.19-18.05.41:788][  0]LogCollectionManager: Fixed up redirectors for 0 collections in 0.000034 seconds (updated 0 objects)
[2019.09.19-18.05.41:789][  0]LogContentStreaming: Texture pool size now 1000 MB
[2019.09.19-18.05.41:797][  0]LogSlate: FSceneViewport::OnFocusLost() reason 2
[2019.09.19-18.05.41:811][  0]LogSlate: Took 0.000095 seconds to synchronously load lazily loaded font '../../../Engine/Content/Slate/Fonts/Roboto-Light.ttf' (167K)
[2019.09.19-18.05.45:442][ 11]LogHotReload: New module detected: UE4Editor-Sekirime_Skills-0006.dll
[2019.09.19-18.05.45:592][ 19]LogSlate: Took 0.000101 seconds to synchronously load lazily loaded font '../../../Engine/Content/Slate/Fonts/Roboto-Light.ttf' (167K)
[2019.09.19-18.05.45:607][ 19]LogClass: Warning: Property TerrainSegments of TerrainSegments has a struct type mismatch (tag HOTRELOADED_TerrainSegmentType_2 != prop TerrainSegmentType) in package:  ../../../../../../Users/na127140/Documents/GitHub/Procedurally-Generated-Forest/Sekirime_Skills/Content/Levels/Procedural_Forest_Test.umap. If that struct got renamed, add an entry to ActiveStructRedirects.
[2019.09.19-18.05.45:608][ 19]LogAIModule: Creating AISystem for world Procedural_Forest_Test
[2019.09.19-18.05.45:612][ 19]LogAssetEditorManager: Opening Asset editor for World /Game/Levels/Procedural_Forest_Test.Procedural_Forest_Test
[2019.09.19-18.05.45:647][ 19]LogUObjectHash: Compacting FUObjectHashTables data took   2.55ms
[2019.09.19-18.05.45:649][ 19]Cmd: MAP LOAD FILE="../../../../../../Users/na127140/Documents/GitHub/Procedurally-Generated-Forest/Sekirime_Skills/Content/Levels/Procedural_Forest_Test.umap" TEMPLATE=0 SHOWPROGRESS=1 FEATURELEVEL=3
[2019.09.19-18.05.45:649][ 19]LightingResults: New page: Lighting Build
[2019.09.19-18.05.45:649][ 19]LoadErrors: New page: Loading map: Procedural_Forest_Test.umap
[2019.09.19-18.05.45:650][ 19]MapCheck: New page: Map Check
[2019.09.19-18.05.45:650][ 19]LightingResults: New page: Lighting Build
[2019.09.19-18.05.45:687][ 19]LogUObjectHash: Compacting FUObjectHashTables data took   2.41ms
[2019.09.19-18.05.45:688][ 19]LogEditorServer: Finished looking for orphan Actors (0.000 secs)
[2019.09.19-18.05.45:718][ 19]LogUObjectHash: Compacting FUObjectHashTables data took   1.52ms
[2019.09.19-18.05.45:742][ 19]Cmd: MAP CHECKDEP NOCLEARLOG
[2019.09.19-18.05.45:743][ 19]MapCheck: Map check complete: 0 Error(s), 0 Warning(s), took 0.12ms to complete.
[2019.09.19-18.05.45:743][ 19]LogFileHelpers: Loading map 'Procedural_Forest_Test' took 0.096
[2019.09.19-18.05.45:855][ 23]LogHotReload: Starting Hot-Reload from IDE
[2019.09.19-18.05.45:896][ 23]LogUObjectHash: Compacting FUObjectHashTables data took   0.58ms
[2019.09.19-18.05.45:915][ 23]LogClass: TerrainSegmentType HotReload.
[2019.09.19-18.05.45:921][ 23]LogContentBrowser: Native class hierarchy updated for 'Sekirime_Skills' in 0.0004 seconds. Added 3 classes and 3 folders.
[2019.09.19-18.05.45:924][ 23]Display: HotReload successful (1 functions remapped  1 scriptstructs remapped)
[2019.09.19-18.05.46:123][ 23]LogUObjectHash: Compacting FUObjectHashTables data took   1.71ms
[2019.09.19-18.05.46:135][ 23]LogContentBrowser: Native class hierarchy populated in 0.0086 seconds. Added 2736 classes and 664 folders.
[2019.09.19-18.05.46:139][ 23]Display: HotReload took  0.3s.
[2019.09.19-18.05.47:940][230]LogTemp: Repeating last play command: Selected Viewport
[2019.09.19-18.05.47:954][230]LogBlueprintUserMessages: Early PlayInEditor Detection: Level '/Game/Levels/Procedural_Forest_Test.Procedural_Forest_Test:PersistentLevel' has LevelScriptBlueprint '/Game/Levels/Procedural_Forest_Test.Procedural_Forest_Test:PersistentLevel.Procedural_Forest_Test' with GeneratedClass '/Game/Levels/Procedural_Forest_Test.Procedural_Forest_Test_C' with ClassGeneratedBy '/Game/Levels/Procedural_Forest_Test.Procedural_Forest_Test:PersistentLevel.Procedural_Forest_Test'
[2019.09.19-18.05.47:954][230]LogPlayLevel: PlayLevel: No blueprints needed recompiling
[2019.09.19-18.05.47:954][230]PIE: New page: PIE session: Procedural_Forest_Test (Sep 19, 2019, 10:05:47 AM)
[2019.09.19-18.05.47:967][230]LogPlayLevel: Creating play world package: /Game/Levels/UEDPIE_0_Procedural_Forest_Test
[2019.09.19-18.05.47:968][230]LogPlayLevel: PIE: StaticDuplicateObject took: (0.001027s)
[2019.09.19-18.05.47:968][230]LogAIModule: Creating AISystem for world Procedural_Forest_Test
[2019.09.19-18.05.47:969][230]LogPlayLevel: PIE: World Init took: (0.000524s)
[2019.09.19-18.05.47:969][230]LogPlayLevel: PIE: Created PIE world by copying editor world from /Game/Levels/Procedural_Forest_Test.Procedural_Forest_Test to /Game/Levels/UEDPIE_0_Procedural_Forest_Test.Procedural_Forest_Test (0.001789s)
[2019.09.19-18.05.47:997][230]LogUObjectHash: Compacting FUObjectHashTables data took   1.40ms
[2019.09.19-18.05.48:010][230]LogInit: XAudio2 using 'DELL U2419H (NVIDIA High Definition Audio)' : 2 channels at 48 kHz using 16 bits per sample (channel mask 0x3)
[2019.09.19-18.05.48:019][230]LogInit: FAudioDevice initialized.
[2019.09.19-18.05.48:057][230]LogLoad: Game class is 'Sekirime_SkillsGameMode'
[2019.09.19-18.05.48:058][230]LogWorld: Bringing World /Game/Levels/UEDPIE_0_Procedural_Forest_Test.Procedural_Forest_Test up for play (max tick rate 0) at 2019.09.19-14.05.48
[2019.09.19-18.05.48:058][230]LogWorld: Bringing up level for play took: 0.000288
[2019.09.19-18.05.48:090][230]LogContentBrowser: Native class hierarchy updated for 'MovieSceneCapture' in 0.0004 seconds. Added 20 classes and 0 folders.
[2019.09.19-18.05.48:091][230]LogOutputDevice: Warning: 

Script Stack (0 frames):

[2019.09.19-18.05.48:091][230]LogWindows: Windows GetLastError: The operation completed successfully. (0)
[2019.09.19-18.05.49:238][230]LogWindows: Error: === Critical error: ===
[2019.09.19-18.05.49:238][230]LogWindows: Error: 
[2019.09.19-18.05.49:238][230]LogWindows: Error: Assertion failed: (Index >= 0) & (Index < ArrayNum) [File:C:\Program Files\Epic Games\UE_4.22\Engine\Source\Runtime\Core\Public\Containers/Array.h] [Line: 611] 
[2019.09.19-18.05.49:238][230]LogWindows: Error: Array index out of bounds: 0 from an array of size 0
[2019.09.19-18.05.49:238][230]LogWindows: Error: 
[2019.09.19-18.05.49:238][230]LogWindows: Error: 
[2019.09.19-18.05.49:238][230]LogWindows: Error: [Callstack] 0x00007ffc1ff89129 KERNELBASE.dll!UnknownFunction []
[2019.09.19-18.05.49:238][230]LogWindows: Error: [Callstack] 0x00007ffbc6321f37 UE4Editor-Core.dll!UnknownFunction []
[2019.09.19-18.05.49:238][230]LogWindows: Error: [Callstack] 0x00007ffbc63246e7 UE4Editor-Core.dll!UnknownFunction []
[2019.09.19-18.05.49:238][230]LogWindows: Error: [Callstack] 0x00007ffbc6137d1a UE4Editor-Core.dll!UnknownFunction []
[2019.09.19-18.05.49:238][230]LogWindows: Error: [Callstack] 0x00007ffbc60bfe33 UE4Editor-Core.dll!UnknownFunction []
[2019.09.19-18.05.49:238][230]LogWindows: Error: [Callstack] 0x00007ffbc60c04d0 UE4Editor-Core.dll!UnknownFunction []
[2019.09.19-18.05.49:238][230]LogWindows: Error: [Callstack] 0x00007ffbb44bb0a8 UE4Editor-Sekirime_Skills-0006.dll!DispatchCheckVerify<void,<lambda_eca3b70592b430e6a5b1b18785e1675d> >() [c:\program files\epic games\ue_4.22\engine\source\runtime\core\public\misc\assertionmacros.h:162]
[2019.09.19-18.05.49:238][230]LogWindows: Error: [Callstack] 0x00007ffbb44b23eb UE4Editor-Sekirime_Skills-0006.dll!ATerrainGenerator::GenerateTerrain() [c:\users\na127140\documents\github\procedurally-generated-forest\sekirime_skills\source\sekirime_skills\private\terraingenerator.cpp:39]
[2019.09.19-18.05.49:238][230]LogWindows: Error: [Callstack] 0x00007ffbc3111af6 UE4Editor-Engine.dll!UnknownFunction []
[2019.09.19-18.05.49:238][230]LogWindows: Error: [Callstack] 0x00007ffbc422cb99 UE4Editor-Engine.dll!UnknownFunction []
[2019.09.19-18.05.49:238][230]LogWindows: Error: [Callstack] 0x00007ffbc3792911 UE4Editor-Engine.dll!UnknownFunction []
[2019.09.19-18.05.49:238][230]LogWindows: Error: [Callstack] 0x00007ffbc41e754e UE4Editor-Engine.dll!UnknownFunction []
[2019.09.19-18.05.49:238][230]LogWindows: Error: [Callstack] 0x00007ffbc37599af UE4Editor-Engine.dll!UnknownFunction []
[2019.09.19-18.05.49:238][230]LogWindows: Error: [Callstack] 0x00007ffbc194be44 UE4Editor-UnrealEd.dll!UnknownFunction []
[2019.09.19-18.05.49:238][230]LogWindows: Error: [Callstack] 0x00007ffbc196b044 UE4Editor-UnrealEd.dll!UnknownFunction []
[2019.09.19-18.05.49:238][230]LogWindows: Error: [Callstack] 0x00007ffbc198319f UE4Editor-UnrealEd.dll!UnknownFunction []
[2019.09.19-18.05.49:238][230]LogWindows: Error: [Callstack] 0x00007ffbc145fc4a UE4Editor-UnrealEd.dll!UnknownFunction []
[2019.09.19-18.05.49:238][230]LogWindows: Error: [Callstack] 0x00007ffbc1c7d396 UE4Editor-UnrealEd.dll!UnknownFunction []
[2019.09.19-18.05.49:238][230]LogWindows: Error: [Callstack] 0x00007ff750a56bb1 UE4Editor.exe!UnknownFunction []
[2019.09.19-18.05.49:238][230]LogWindows: Error: [Callstack] 0x00007ff750a6554c UE4Editor.exe!UnknownFunction []
[2019.09.19-18.05.49:238][230]LogWindows: Error: [Callstack] 0x00007ff750a655ca UE4Editor.exe!UnknownFunction []
[2019.09.19-18.05.49:238][230]LogWindows: Error: [Callstack] 0x00007ff750a7316c UE4Editor.exe!UnknownFunction []
[2019.09.19-18.05.49:238][230]LogWindows: Error: [Callstack] 0x00007ff750a75b8e UE4Editor.exe!UnknownFunction []
[2019.09.19-18.05.49:238][230]LogWindows: Error: [Callstack] 0x00007ffc21c97974 KERNEL32.DLL!UnknownFunction []
[2019.09.19-18.05.49:238][230]LogWindows: Error: [Callstack] 0x00007ffc23e2a271 ntdll.dll!UnknownFunction []
[2019.09.19-18.05.49:238][230]LogWindows: Error: 
[2019.09.19-18.05.49:251][230]LogExit: Executing StaticShutdownAfterError
[2019.09.19-18.05.49:253][230]LogWindows: FPlatformMisc::RequestExit(1)
[2019.09.19-18.05.49:256][230]Log file closed, 09/19/19 14:05:49
