  Using 'git status' to determine working set for adaptive non-unity build (C:\Users\na127140\Documents\GitHub\Procedurally-Generated-Forest).
  Creating makefile for Sekirime_SkillsEditor (ini files are newer than makefile)
  Parsing headers for Sekirime_SkillsEditor
    Running UnrealHeaderTool "C:\Users\na127140\Documents\GitHub\Procedurally-Generated-Forest\Sekirime_Skills\Sekirime_Skills.uproject" "C:\Users\na127140\Documents\GitHub\Procedurally-Generated-Forest\Sekirime_Skills\Intermediate\Build\Win64\Sekirime_SkillsEditor\Development\Sekirime_SkillsEditor.uhtmanifest" -LogCmds="loginit warning, logexit warning, logdatabase error" -Unattended -WarningsAsErrors -installed
  Reflection code generated for Sekirime_SkillsEditor in 6.082071 seconds
  Using Visual Studio 2019 14.16.27023 toolchain (C:\Program Files (x86)\Microsoft Visual Studio\2019\Community\VC\Tools\MSVC\14.16.27023) and Windows 10.0.16299.0 SDK (C:\Program Files (x86)\Windows Kits\10).
  Distributing 4 actions to XGE
  --------------------Build System Warning---------------------------------------
  License is invalid:
      License information is invalid. Please try reloading your license file using the Coordinator Monitor application on the Coordinator machine, or reinstall IncrediBuild.
      This build will run in standalone mode.
  
  -------------------------------------------------------------------------------
  --------------------Project: Default-------------------------------------------
  TerrainGenerator.cpp (0:00.81 at +0:00)
  UE4Editor-Sekirime_Skills-0006.dll (0:00.87 at +0:00)
     Creating library C:\Users\na127140\Documents\GitHub\Procedurally-Generated-Forest\Sekirime_Skills\Intermediate\Build\Win64\UE4Editor\Development\Sekirime_Skills\UE4Editor-Sekirime_Skills-0006.suppressed.lib and object C:\Users\na127140\Documents\GitHub\Procedurally-Generated-Forest\Sekirime_Skills\Intermediate\Build\Win64\UE4Editor\Development\Sekirime_Skills\UE4Editor-Sekirime_Skills-0006.suppressed.exp
  UE4Editor-Sekirime_Skills-0006.lib (0:00.09 at +0:01)
     Creating library C:\Users\na127140\Documents\GitHub\Procedurally-Generated-Forest\Sekirime_Skills\Intermediate\Build\Win64\UE4Editor\Development\Sekirime_Skills\UE4Editor-Sekirime_Skills-0006.lib and object C:\Users\na127140\Documents\GitHub\Procedurally-Generated-Forest\Sekirime_Skills\Intermediate\Build\Win64\UE4Editor\Development\Sekirime_Skills\UE4Editor-Sekirime_Skills-0006.exp
  Sekirime_SkillsEditor.target (0:00.18 at +0:01)
  ---------------------- Done ----------------------
  
      Rebuild All: 1 succeeded, 0 failed, 0 skipped
  
  1 build system warning(s):
     - License is invalid
  
  Total time in XGE executor: 2.12 seconds
  Total execution time: 10.00 seconds
